<<<<<<< HEAD
GAS LISTING /var/folders/46/ql4w1ss91p1__kn5sm1ndyt40000gn/T//ccQQNsTr.s 			page 1
=======
GAS LISTING /var/folders/46/ql4w1ss91p1__kn5sm1ndyt40000gn/T//cchtOWhJ.s 			page 1
>>>>>>> 9da4b36 (s)


   1              		.file	"_exit.c"
   2              		.option nopic
   3              		.attribute arch, "rv32i2p0_m2p0_a2p0_c2p0"
   4              		.attribute unaligned_access, 0
   5              		.attribute stack_align, 16
   6              		.text
   7              	.Ltext0:
   8              		.cfi_sections	.debug_frame
   9              		.section	.text._exit,"ax",@progbits
  10              		.align	1
  11              		.globl	_exit
  13              	_exit:
  14              	.LFB1:
  15              		.file 1 "../../firmware/RISCV/stubs/_exit.c"
   1:../../firmware/RISCV/stubs/_exit.c **** /* See LICENSE of license details. */
   2:../../firmware/RISCV/stubs/_exit.c **** 
   3:../../firmware/RISCV/stubs/_exit.c **** #include <unistd.h>
   4:../../firmware/RISCV/stubs/_exit.c **** 
   5:../../firmware/RISCV/stubs/_exit.c **** #include "stub.h"
   6:../../firmware/RISCV/stubs/_exit.c **** 
   7:../../firmware/RISCV/stubs/_exit.c **** 
   8:../../firmware/RISCV/stubs/_exit.c **** void _exit(int code)
   9:../../firmware/RISCV/stubs/_exit.c **** {
  16              		.loc 1 9 1
  17              		.cfi_startproc
  18              	.LVL0:
  10:../../firmware/RISCV/stubs/_exit.c ****   const char message[] = "\nProgram has exited with code:";
  19              		.loc 1 10 3
   9:../../firmware/RISCV/stubs/_exit.c ****   const char message[] = "\nProgram has exited with code:";
  20              		.loc 1 9 1 is_stmt 0
  21 0000 7971     		addi	sp,sp,-48
  22              	.LCFI0:
  23              		.cfi_def_cfa_offset 48
  24              		.loc 1 10 14
  25 0002 B7050000 		lui	a1,%hi(.LC0)
   9:../../firmware/RISCV/stubs/_exit.c ****   const char message[] = "\nProgram has exited with code:";
  26              		.loc 1 9 1
  27 0006 22D4     		sw	s0,40(sp)
  28              		.loc 1 10 14
  29 0008 7D46     		li	a2,31
  30              		.cfi_offset 8, -8
   9:../../firmware/RISCV/stubs/_exit.c ****   const char message[] = "\nProgram has exited with code:";
  31              		.loc 1 9 1
  32 000a 2A84     		mv	s0,a0
  33              		.loc 1 10 14
  34 000c 93850500 		addi	a1,a1,%lo(.LC0)
  35 0010 0A85     		mv	a0,sp
  36              	.LVL1:
   9:../../firmware/RISCV/stubs/_exit.c ****   const char message[] = "\nProgram has exited with code:";
  37              		.loc 1 9 1
  38 0012 06D6     		sw	ra,44(sp)
  39              		.cfi_offset 1, -4
  40              		.loc 1 10 14
  41 0014 97000000 		call	memcpy
  41      E7800000 
  42              	.LVL2:
  11:../../firmware/RISCV/stubs/_exit.c **** 
<<<<<<< HEAD
GAS LISTING /var/folders/46/ql4w1ss91p1__kn5sm1ndyt40000gn/T//ccQQNsTr.s 			page 2
=======
GAS LISTING /var/folders/46/ql4w1ss91p1__kn5sm1ndyt40000gn/T//cchtOWhJ.s 			page 2
>>>>>>> 9da4b36 (s)


  12:../../firmware/RISCV/stubs/_exit.c ****   write(STDERR_FILENO, message, sizeof(message) - 1);
  43              		.loc 1 12 3 is_stmt 1
  44 001c 7946     		li	a2,30
  45 001e 8A85     		mv	a1,sp
  46 0020 0945     		li	a0,2
  47 0022 97000000 		call	write
  47      E7800000 
  48              	.LVL3:
  13:../../firmware/RISCV/stubs/_exit.c ****   write_hex(STDERR_FILENO, code);
  49              		.loc 1 13 3
  50 002a A285     		mv	a1,s0
  51 002c 0945     		li	a0,2
  52 002e 97000000 		call	write_hex
  52      E7800000 
  53              	.LVL4:
  14:../../firmware/RISCV/stubs/_exit.c ****   write(STDERR_FILENO, "\n", 1);
  54              		.loc 1 14 3
  55 0036 B7050000 		lui	a1,%hi(.LC1)
  56 003a 0546     		li	a2,1
  57 003c 93850500 		addi	a1,a1,%lo(.LC1)
  58 0040 0945     		li	a0,2
  59 0042 97000000 		call	write
  59      E7800000 
  60              	.LVL5:
  61              	.L2:
  15:../../firmware/RISCV/stubs/_exit.c **** 
  16:../../firmware/RISCV/stubs/_exit.c ****   for (;;);
  62              		.loc 1 16 3 discriminator 1
  63              		.loc 1 16 11 discriminator 1
  64 004a 01A0     		j	.L2
  65              		.cfi_endproc
  66              	.LFE1:
  68              		.section	.rodata._exit.str1.4,"aMS",@progbits,1
  69              		.align	2
  70              	.LC1:
  71 0000 0A00     		.string	"\n"
  72 0002 0000     		.zero	2
  73              	.LC0:
  74 0004 0A50726F 		.string	"\nProgram has exited with code:"
  74      6772616D 
  74      20686173 
  74      20657869 
  74      74656420 
  75              		.text
  76              	.Letext0:
  77              		.file 2 "/Users/robin/Documents/GitHub/KTH-programing/Mikrodata/toolchain-gd32v-v202-osx/compiler/
  78              		.file 3 "../../firmware/RISCV/stubs/stub.h"
  79              		.file 4 "<built-in>"
<<<<<<< HEAD
GAS LISTING /var/folders/46/ql4w1ss91p1__kn5sm1ndyt40000gn/T//ccQQNsTr.s 			page 3
=======
GAS LISTING /var/folders/46/ql4w1ss91p1__kn5sm1ndyt40000gn/T//cchtOWhJ.s 			page 3
>>>>>>> 9da4b36 (s)


DEFINED SYMBOLS
                            *ABS*:0000000000000000 _exit.c
<<<<<<< HEAD
/var/folders/46/ql4w1ss91p1__kn5sm1ndyt40000gn/T//ccQQNsTr.s:13     .text._exit:0000000000000000 _exit
/var/folders/46/ql4w1ss91p1__kn5sm1ndyt40000gn/T//ccQQNsTr.s:17     .text._exit:0000000000000000 .L0 
/var/folders/46/ql4w1ss91p1__kn5sm1ndyt40000gn/T//ccQQNsTr.s:19     .text._exit:0000000000000000 .L0 
/var/folders/46/ql4w1ss91p1__kn5sm1ndyt40000gn/T//ccQQNsTr.s:20     .text._exit:0000000000000000 .L0 
/var/folders/46/ql4w1ss91p1__kn5sm1ndyt40000gn/T//ccQQNsTr.s:21     .text._exit:0000000000000000 .L0 
/var/folders/46/ql4w1ss91p1__kn5sm1ndyt40000gn/T//ccQQNsTr.s:23     .text._exit:0000000000000002 .L0 
/var/folders/46/ql4w1ss91p1__kn5sm1ndyt40000gn/T//ccQQNsTr.s:25     .text._exit:0000000000000002 .L0 
/var/folders/46/ql4w1ss91p1__kn5sm1ndyt40000gn/T//ccQQNsTr.s:27     .text._exit:0000000000000006 .L0 
/var/folders/46/ql4w1ss91p1__kn5sm1ndyt40000gn/T//ccQQNsTr.s:29     .text._exit:0000000000000008 .L0 
/var/folders/46/ql4w1ss91p1__kn5sm1ndyt40000gn/T//ccQQNsTr.s:30     .text._exit:000000000000000a .L0 
/var/folders/46/ql4w1ss91p1__kn5sm1ndyt40000gn/T//ccQQNsTr.s:32     .text._exit:000000000000000a .L0 
/var/folders/46/ql4w1ss91p1__kn5sm1ndyt40000gn/T//ccQQNsTr.s:34     .text._exit:000000000000000c .L0 
/var/folders/46/ql4w1ss91p1__kn5sm1ndyt40000gn/T//ccQQNsTr.s:38     .text._exit:0000000000000012 .L0 
/var/folders/46/ql4w1ss91p1__kn5sm1ndyt40000gn/T//ccQQNsTr.s:39     .text._exit:0000000000000014 .L0 
/var/folders/46/ql4w1ss91p1__kn5sm1ndyt40000gn/T//ccQQNsTr.s:41     .text._exit:0000000000000014 .L0 
/var/folders/46/ql4w1ss91p1__kn5sm1ndyt40000gn/T//ccQQNsTr.s:44     .text._exit:000000000000001c .L0 
/var/folders/46/ql4w1ss91p1__kn5sm1ndyt40000gn/T//ccQQNsTr.s:50     .text._exit:000000000000002a .L0 
/var/folders/46/ql4w1ss91p1__kn5sm1ndyt40000gn/T//ccQQNsTr.s:55     .text._exit:0000000000000036 .L0 
/var/folders/46/ql4w1ss91p1__kn5sm1ndyt40000gn/T//ccQQNsTr.s:63     .text._exit:000000000000004a .L0 
/var/folders/46/ql4w1ss91p1__kn5sm1ndyt40000gn/T//ccQQNsTr.s:64     .text._exit:000000000000004a .L0 
/var/folders/46/ql4w1ss91p1__kn5sm1ndyt40000gn/T//ccQQNsTr.s:65     .text._exit:000000000000004c .L0 
/var/folders/46/ql4w1ss91p1__kn5sm1ndyt40000gn/T//ccQQNsTr.s:68     .text._exit:000000000000004c .L0 
                     .debug_frame:0000000000000000 .L0 
/var/folders/46/ql4w1ss91p1__kn5sm1ndyt40000gn/T//ccQQNsTr.s:73     .rodata._exit.str1.4:0000000000000004 .LC0
/var/folders/46/ql4w1ss91p1__kn5sm1ndyt40000gn/T//ccQQNsTr.s:70     .rodata._exit.str1.4:0000000000000000 .LC1
/var/folders/46/ql4w1ss91p1__kn5sm1ndyt40000gn/T//ccQQNsTr.s:61     .text._exit:000000000000004a .L2
/var/folders/46/ql4w1ss91p1__kn5sm1ndyt40000gn/T//ccQQNsTr.s:342    .debug_abbrev:0000000000000000 .Ldebug_abbrev0
/var/folders/46/ql4w1ss91p1__kn5sm1ndyt40000gn/T//ccQQNsTr.s:649    .debug_str:00000000000000ce .LASF19
/var/folders/46/ql4w1ss91p1__kn5sm1ndyt40000gn/T//ccQQNsTr.s:633    .debug_str:0000000000000075 .LASF20
/var/folders/46/ql4w1ss91p1__kn5sm1ndyt40000gn/T//ccQQNsTr.s:667    .debug_str:00000000000001a8 .LASF21
/var/folders/46/ql4w1ss91p1__kn5sm1ndyt40000gn/T//ccQQNsTr.s:607    .debug_ranges:0000000000000000 .Ldebug_ranges0
/var/folders/46/ql4w1ss91p1__kn5sm1ndyt40000gn/T//ccQQNsTr.s:613    .debug_line:0000000000000000 .Ldebug_line0
/var/folders/46/ql4w1ss91p1__kn5sm1ndyt40000gn/T//ccQQNsTr.s:653    .debug_str:0000000000000169 .LASF0
/var/folders/46/ql4w1ss91p1__kn5sm1ndyt40000gn/T//ccQQNsTr.s:639    .debug_str:00000000000000a4 .LASF1
/var/folders/46/ql4w1ss91p1__kn5sm1ndyt40000gn/T//ccQQNsTr.s:661    .debug_str:0000000000000191 .LASF2
/var/folders/46/ql4w1ss91p1__kn5sm1ndyt40000gn/T//ccQQNsTr.s:651    .debug_str:0000000000000156 .LASF3
/var/folders/46/ql4w1ss91p1__kn5sm1ndyt40000gn/T//ccQQNsTr.s:643    .debug_str:00000000000000b7 .LASF4
/var/folders/46/ql4w1ss91p1__kn5sm1ndyt40000gn/T//ccQQNsTr.s:627    .debug_str:0000000000000042 .LASF5
/var/folders/46/ql4w1ss91p1__kn5sm1ndyt40000gn/T//ccQQNsTr.s:615    .debug_str:0000000000000000 .LASF6
/var/folders/46/ql4w1ss91p1__kn5sm1ndyt40000gn/T//ccQQNsTr.s:629    .debug_str:0000000000000054 .LASF7
/var/folders/46/ql4w1ss91p1__kn5sm1ndyt40000gn/T//ccQQNsTr.s:619    .debug_str:000000000000001f .LASF8
/var/folders/46/ql4w1ss91p1__kn5sm1ndyt40000gn/T//ccQQNsTr.s:641    .debug_str:00000000000000b2 .LASF9
/var/folders/46/ql4w1ss91p1__kn5sm1ndyt40000gn/T//ccQQNsTr.s:657    .debug_str:000000000000017e .LASF10
/var/folders/46/ql4w1ss91p1__kn5sm1ndyt40000gn/T//ccQQNsTr.s:663    .debug_str:000000000000019b .LASF11
/var/folders/46/ql4w1ss91p1__kn5sm1ndyt40000gn/T//ccQQNsTr.s:659    .debug_str:000000000000018a .LASF12
/var/folders/46/ql4w1ss91p1__kn5sm1ndyt40000gn/T//ccQQNsTr.s:623    .debug_str:0000000000000034 .LASF13
/var/folders/46/ql4w1ss91p1__kn5sm1ndyt40000gn/T//ccQQNsTr.s:625    .debug_str:000000000000003b .LASF14
/var/folders/46/ql4w1ss91p1__kn5sm1ndyt40000gn/T//ccQQNsTr.s:645    .debug_str:00000000000000c0 .LASF15
/var/folders/46/ql4w1ss91p1__kn5sm1ndyt40000gn/T//ccQQNsTr.s:655    .debug_str:0000000000000175 .LASF16
/var/folders/46/ql4w1ss91p1__kn5sm1ndyt40000gn/T//ccQQNsTr.s:637    .debug_str:000000000000009e .LASF22
/var/folders/46/ql4w1ss91p1__kn5sm1ndyt40000gn/T//ccQQNsTr.s:14     .text._exit:0000000000000000 .LFB1
/var/folders/46/ql4w1ss91p1__kn5sm1ndyt40000gn/T//ccQQNsTr.s:66     .text._exit:000000000000004c .LFE1
/var/folders/46/ql4w1ss91p1__kn5sm1ndyt40000gn/T//ccQQNsTr.s:570    .debug_loc:0000000000000000 .LLST0
/var/folders/46/ql4w1ss91p1__kn5sm1ndyt40000gn/T//ccQQNsTr.s:665    .debug_str:00000000000001a3 .LASF23
/var/folders/46/ql4w1ss91p1__kn5sm1ndyt40000gn/T//ccQQNsTr.s:583    .debug_loc:0000000000000020 .LLST1
GAS LISTING /var/folders/46/ql4w1ss91p1__kn5sm1ndyt40000gn/T//ccQQNsTr.s 			page 4


/var/folders/46/ql4w1ss91p1__kn5sm1ndyt40000gn/T//ccQQNsTr.s:621    .debug_str:000000000000002c .LASF24
/var/folders/46/ql4w1ss91p1__kn5sm1ndyt40000gn/T//ccQQNsTr.s:42     .text._exit:000000000000001c .LVL2
/var/folders/46/ql4w1ss91p1__kn5sm1ndyt40000gn/T//ccQQNsTr.s:48     .text._exit:000000000000002a .LVL3
/var/folders/46/ql4w1ss91p1__kn5sm1ndyt40000gn/T//ccQQNsTr.s:53     .text._exit:0000000000000036 .LVL4
/var/folders/46/ql4w1ss91p1__kn5sm1ndyt40000gn/T//ccQQNsTr.s:60     .text._exit:000000000000004a .LVL5
/var/folders/46/ql4w1ss91p1__kn5sm1ndyt40000gn/T//ccQQNsTr.s:647    .debug_str:00000000000000c7 .LASF25
/var/folders/46/ql4w1ss91p1__kn5sm1ndyt40000gn/T//ccQQNsTr.s:617    .debug_str:000000000000000e .LASF26
/var/folders/46/ql4w1ss91p1__kn5sm1ndyt40000gn/T//ccQQNsTr.s:635    .debug_str:0000000000000098 .LASF17
/var/folders/46/ql4w1ss91p1__kn5sm1ndyt40000gn/T//ccQQNsTr.s:631    .debug_str:000000000000006b .LASF18
/var/folders/46/ql4w1ss91p1__kn5sm1ndyt40000gn/T//ccQQNsTr.s:22     .text._exit:0000000000000002 .LCFI0
/var/folders/46/ql4w1ss91p1__kn5sm1ndyt40000gn/T//ccQQNsTr.s:18     .text._exit:0000000000000000 .LVL0
/var/folders/46/ql4w1ss91p1__kn5sm1ndyt40000gn/T//ccQQNsTr.s:36     .text._exit:0000000000000012 .LVL1
/var/folders/46/ql4w1ss91p1__kn5sm1ndyt40000gn/T//ccQQNsTr.s:81     .debug_info:0000000000000000 .Ldebug_info0
=======
/var/folders/46/ql4w1ss91p1__kn5sm1ndyt40000gn/T//cchtOWhJ.s:13     .text._exit:0000000000000000 _exit
/var/folders/46/ql4w1ss91p1__kn5sm1ndyt40000gn/T//cchtOWhJ.s:17     .text._exit:0000000000000000 .L0 
/var/folders/46/ql4w1ss91p1__kn5sm1ndyt40000gn/T//cchtOWhJ.s:19     .text._exit:0000000000000000 .L0 
/var/folders/46/ql4w1ss91p1__kn5sm1ndyt40000gn/T//cchtOWhJ.s:20     .text._exit:0000000000000000 .L0 
/var/folders/46/ql4w1ss91p1__kn5sm1ndyt40000gn/T//cchtOWhJ.s:21     .text._exit:0000000000000000 .L0 
/var/folders/46/ql4w1ss91p1__kn5sm1ndyt40000gn/T//cchtOWhJ.s:23     .text._exit:0000000000000002 .L0 
/var/folders/46/ql4w1ss91p1__kn5sm1ndyt40000gn/T//cchtOWhJ.s:25     .text._exit:0000000000000002 .L0 
/var/folders/46/ql4w1ss91p1__kn5sm1ndyt40000gn/T//cchtOWhJ.s:27     .text._exit:0000000000000006 .L0 
/var/folders/46/ql4w1ss91p1__kn5sm1ndyt40000gn/T//cchtOWhJ.s:29     .text._exit:0000000000000008 .L0 
/var/folders/46/ql4w1ss91p1__kn5sm1ndyt40000gn/T//cchtOWhJ.s:30     .text._exit:000000000000000a .L0 
/var/folders/46/ql4w1ss91p1__kn5sm1ndyt40000gn/T//cchtOWhJ.s:32     .text._exit:000000000000000a .L0 
/var/folders/46/ql4w1ss91p1__kn5sm1ndyt40000gn/T//cchtOWhJ.s:34     .text._exit:000000000000000c .L0 
/var/folders/46/ql4w1ss91p1__kn5sm1ndyt40000gn/T//cchtOWhJ.s:38     .text._exit:0000000000000012 .L0 
/var/folders/46/ql4w1ss91p1__kn5sm1ndyt40000gn/T//cchtOWhJ.s:39     .text._exit:0000000000000014 .L0 
/var/folders/46/ql4w1ss91p1__kn5sm1ndyt40000gn/T//cchtOWhJ.s:41     .text._exit:0000000000000014 .L0 
/var/folders/46/ql4w1ss91p1__kn5sm1ndyt40000gn/T//cchtOWhJ.s:44     .text._exit:000000000000001c .L0 
/var/folders/46/ql4w1ss91p1__kn5sm1ndyt40000gn/T//cchtOWhJ.s:50     .text._exit:000000000000002a .L0 
/var/folders/46/ql4w1ss91p1__kn5sm1ndyt40000gn/T//cchtOWhJ.s:55     .text._exit:0000000000000036 .L0 
/var/folders/46/ql4w1ss91p1__kn5sm1ndyt40000gn/T//cchtOWhJ.s:63     .text._exit:000000000000004a .L0 
/var/folders/46/ql4w1ss91p1__kn5sm1ndyt40000gn/T//cchtOWhJ.s:64     .text._exit:000000000000004a .L0 
/var/folders/46/ql4w1ss91p1__kn5sm1ndyt40000gn/T//cchtOWhJ.s:65     .text._exit:000000000000004c .L0 
/var/folders/46/ql4w1ss91p1__kn5sm1ndyt40000gn/T//cchtOWhJ.s:68     .text._exit:000000000000004c .L0 
                     .debug_frame:0000000000000000 .L0 
/var/folders/46/ql4w1ss91p1__kn5sm1ndyt40000gn/T//cchtOWhJ.s:73     .rodata._exit.str1.4:0000000000000004 .LC0
/var/folders/46/ql4w1ss91p1__kn5sm1ndyt40000gn/T//cchtOWhJ.s:70     .rodata._exit.str1.4:0000000000000000 .LC1
/var/folders/46/ql4w1ss91p1__kn5sm1ndyt40000gn/T//cchtOWhJ.s:61     .text._exit:000000000000004a .L2
/var/folders/46/ql4w1ss91p1__kn5sm1ndyt40000gn/T//cchtOWhJ.s:342    .debug_abbrev:0000000000000000 .Ldebug_abbrev0
/var/folders/46/ql4w1ss91p1__kn5sm1ndyt40000gn/T//cchtOWhJ.s:651    .debug_str:0000000000000122 .LASF19
/var/folders/46/ql4w1ss91p1__kn5sm1ndyt40000gn/T//cchtOWhJ.s:635    .debug_str:00000000000000c9 .LASF20
/var/folders/46/ql4w1ss91p1__kn5sm1ndyt40000gn/T//cchtOWhJ.s:627    .debug_str:0000000000000042 .LASF21
/var/folders/46/ql4w1ss91p1__kn5sm1ndyt40000gn/T//cchtOWhJ.s:607    .debug_ranges:0000000000000000 .Ldebug_ranges0
/var/folders/46/ql4w1ss91p1__kn5sm1ndyt40000gn/T//cchtOWhJ.s:613    .debug_line:0000000000000000 .Ldebug_line0
/var/folders/46/ql4w1ss91p1__kn5sm1ndyt40000gn/T//cchtOWhJ.s:655    .debug_str:00000000000001bd .LASF0
/var/folders/46/ql4w1ss91p1__kn5sm1ndyt40000gn/T//cchtOWhJ.s:641    .debug_str:00000000000000f8 .LASF1
/var/folders/46/ql4w1ss91p1__kn5sm1ndyt40000gn/T//cchtOWhJ.s:663    .debug_str:00000000000001e5 .LASF2
/var/folders/46/ql4w1ss91p1__kn5sm1ndyt40000gn/T//cchtOWhJ.s:653    .debug_str:00000000000001aa .LASF3
/var/folders/46/ql4w1ss91p1__kn5sm1ndyt40000gn/T//cchtOWhJ.s:645    .debug_str:000000000000010b .LASF4
/var/folders/46/ql4w1ss91p1__kn5sm1ndyt40000gn/T//cchtOWhJ.s:629    .debug_str:0000000000000096 .LASF5
/var/folders/46/ql4w1ss91p1__kn5sm1ndyt40000gn/T//cchtOWhJ.s:615    .debug_str:0000000000000000 .LASF6
/var/folders/46/ql4w1ss91p1__kn5sm1ndyt40000gn/T//cchtOWhJ.s:631    .debug_str:00000000000000a8 .LASF7
/var/folders/46/ql4w1ss91p1__kn5sm1ndyt40000gn/T//cchtOWhJ.s:619    .debug_str:000000000000001f .LASF8
/var/folders/46/ql4w1ss91p1__kn5sm1ndyt40000gn/T//cchtOWhJ.s:643    .debug_str:0000000000000106 .LASF9
/var/folders/46/ql4w1ss91p1__kn5sm1ndyt40000gn/T//cchtOWhJ.s:659    .debug_str:00000000000001d2 .LASF10
/var/folders/46/ql4w1ss91p1__kn5sm1ndyt40000gn/T//cchtOWhJ.s:665    .debug_str:00000000000001ef .LASF11
/var/folders/46/ql4w1ss91p1__kn5sm1ndyt40000gn/T//cchtOWhJ.s:661    .debug_str:00000000000001de .LASF12
/var/folders/46/ql4w1ss91p1__kn5sm1ndyt40000gn/T//cchtOWhJ.s:623    .debug_str:0000000000000034 .LASF13
/var/folders/46/ql4w1ss91p1__kn5sm1ndyt40000gn/T//cchtOWhJ.s:625    .debug_str:000000000000003b .LASF14
/var/folders/46/ql4w1ss91p1__kn5sm1ndyt40000gn/T//cchtOWhJ.s:647    .debug_str:0000000000000114 .LASF15
/var/folders/46/ql4w1ss91p1__kn5sm1ndyt40000gn/T//cchtOWhJ.s:657    .debug_str:00000000000001c9 .LASF16
/var/folders/46/ql4w1ss91p1__kn5sm1ndyt40000gn/T//cchtOWhJ.s:639    .debug_str:00000000000000f2 .LASF22
/var/folders/46/ql4w1ss91p1__kn5sm1ndyt40000gn/T//cchtOWhJ.s:14     .text._exit:0000000000000000 .LFB1
/var/folders/46/ql4w1ss91p1__kn5sm1ndyt40000gn/T//cchtOWhJ.s:66     .text._exit:000000000000004c .LFE1
/var/folders/46/ql4w1ss91p1__kn5sm1ndyt40000gn/T//cchtOWhJ.s:570    .debug_loc:0000000000000000 .LLST0
/var/folders/46/ql4w1ss91p1__kn5sm1ndyt40000gn/T//cchtOWhJ.s:667    .debug_str:00000000000001f7 .LASF23
/var/folders/46/ql4w1ss91p1__kn5sm1ndyt40000gn/T//cchtOWhJ.s:583    .debug_loc:0000000000000020 .LLST1
GAS LISTING /var/folders/46/ql4w1ss91p1__kn5sm1ndyt40000gn/T//cchtOWhJ.s 			page 4


/var/folders/46/ql4w1ss91p1__kn5sm1ndyt40000gn/T//cchtOWhJ.s:621    .debug_str:000000000000002c .LASF24
/var/folders/46/ql4w1ss91p1__kn5sm1ndyt40000gn/T//cchtOWhJ.s:42     .text._exit:000000000000001c .LVL2
/var/folders/46/ql4w1ss91p1__kn5sm1ndyt40000gn/T//cchtOWhJ.s:48     .text._exit:000000000000002a .LVL3
/var/folders/46/ql4w1ss91p1__kn5sm1ndyt40000gn/T//cchtOWhJ.s:53     .text._exit:0000000000000036 .LVL4
/var/folders/46/ql4w1ss91p1__kn5sm1ndyt40000gn/T//cchtOWhJ.s:60     .text._exit:000000000000004a .LVL5
/var/folders/46/ql4w1ss91p1__kn5sm1ndyt40000gn/T//cchtOWhJ.s:649    .debug_str:000000000000011b .LASF25
/var/folders/46/ql4w1ss91p1__kn5sm1ndyt40000gn/T//cchtOWhJ.s:617    .debug_str:000000000000000e .LASF26
/var/folders/46/ql4w1ss91p1__kn5sm1ndyt40000gn/T//cchtOWhJ.s:637    .debug_str:00000000000000ec .LASF17
/var/folders/46/ql4w1ss91p1__kn5sm1ndyt40000gn/T//cchtOWhJ.s:633    .debug_str:00000000000000bf .LASF18
/var/folders/46/ql4w1ss91p1__kn5sm1ndyt40000gn/T//cchtOWhJ.s:22     .text._exit:0000000000000002 .LCFI0
/var/folders/46/ql4w1ss91p1__kn5sm1ndyt40000gn/T//cchtOWhJ.s:18     .text._exit:0000000000000000 .LVL0
/var/folders/46/ql4w1ss91p1__kn5sm1ndyt40000gn/T//cchtOWhJ.s:36     .text._exit:0000000000000012 .LVL1
/var/folders/46/ql4w1ss91p1__kn5sm1ndyt40000gn/T//cchtOWhJ.s:81     .debug_info:0000000000000000 .Ldebug_info0
>>>>>>> 9da4b36 (s)

UNDEFINED SYMBOLS
memcpy
write
write_hex
