<<<<<<< HEAD
GAS LISTING /var/folders/46/ql4w1ss91p1__kn5sm1ndyt40000gn/T//ccBpvcMO.s 			page 1
=======
GAS LISTING /var/folders/46/ql4w1ss91p1__kn5sm1ndyt40000gn/T//ccoD2ACQ.s 			page 1
>>>>>>> 9da4b36 (s)


   1              		.file	"fstat.c"
   2              		.option nopic
   3              		.attribute arch, "rv32i2p0_m2p0_a2p0_c2p0"
   4              		.attribute unaligned_access, 0
   5              		.attribute stack_align, 16
   6              		.text
   7              	.Ltext0:
   8              		.cfi_sections	.debug_frame
   9              		.section	.text._fstat,"ax",@progbits
  10              		.align	1
  11              		.globl	_fstat
  13              	_fstat:
  14              	.LFB1:
  15              		.file 1 "../../firmware/RISCV/stubs/fstat.c"
   1:../../firmware/RISCV/stubs/fstat.c **** /* See LICENSE of license details. */
   2:../../firmware/RISCV/stubs/fstat.c **** 
   3:../../firmware/RISCV/stubs/fstat.c **** #include <errno.h>
   4:../../firmware/RISCV/stubs/fstat.c **** #include <unistd.h>
   5:../../firmware/RISCV/stubs/fstat.c **** #include <sys/stat.h>
   6:../../firmware/RISCV/stubs/fstat.c **** #include "stub.h"
   7:../../firmware/RISCV/stubs/fstat.c **** 
   8:../../firmware/RISCV/stubs/fstat.c **** int _fstat(int fd, struct stat* st)
   9:../../firmware/RISCV/stubs/fstat.c **** {
  16              		.loc 1 9 1
  17              		.cfi_startproc
  18              	.LVL0:
  10:../../firmware/RISCV/stubs/fstat.c ****   if (isatty(fd)) {
  19              		.loc 1 10 3
   9:../../firmware/RISCV/stubs/fstat.c ****   if (isatty(fd)) {
  20              		.loc 1 9 1 is_stmt 0
  21 0000 0111     		addi	sp,sp,-32
  22              	.LCFI0:
  23              		.cfi_def_cfa_offset 32
  24 0002 06CE     		sw	ra,28(sp)
  25              		.cfi_offset 1, -4
   9:../../firmware/RISCV/stubs/fstat.c ****   if (isatty(fd)) {
  26              		.loc 1 9 1
  27 0004 2EC6     		sw	a1,12(sp)
  28              		.loc 1 10 7
  29 0006 97000000 		call	isatty
  29      E7800000 
  30              	.LVL1:
  31              		.loc 1 10 6
  32 000e 01C9     		beq	a0,zero,.L3
  11:../../firmware/RISCV/stubs/fstat.c ****     st->st_mode = S_IFCHR;
  33              		.loc 1 11 5 is_stmt 1
  34              		.loc 1 11 17 is_stmt 0
  35 0010 B245     		lw	a1,12(sp)
  36 0012 8967     		li	a5,8192
  12:../../firmware/RISCV/stubs/fstat.c ****     return 0;
  37              		.loc 1 12 12
  38 0014 0145     		li	a0,0
  11:../../firmware/RISCV/stubs/fstat.c ****     st->st_mode = S_IFCHR;
  39              		.loc 1 11 17
  40 0016 DCC1     		sw	a5,4(a1)
  41              		.loc 1 12 5 is_stmt 1
  42              	.L1:
<<<<<<< HEAD
GAS LISTING /var/folders/46/ql4w1ss91p1__kn5sm1ndyt40000gn/T//ccBpvcMO.s 			page 2
=======
GAS LISTING /var/folders/46/ql4w1ss91p1__kn5sm1ndyt40000gn/T//ccoD2ACQ.s 			page 2
>>>>>>> 9da4b36 (s)


  13:../../firmware/RISCV/stubs/fstat.c ****   }
  14:../../firmware/RISCV/stubs/fstat.c **** 
  15:../../firmware/RISCV/stubs/fstat.c ****   return _stub(EBADF);
  16:../../firmware/RISCV/stubs/fstat.c **** }
  43              		.loc 1 16 1 is_stmt 0
  44 0018 F240     		lw	ra,28(sp)
  45              		.cfi_remember_state
  46              		.cfi_restore 1
  47 001a 0561     		addi	sp,sp,32
  48              	.LCFI1:
  49              		.cfi_def_cfa_offset 0
  50              	.LVL2:
  51 001c 8280     		jr	ra
  52              	.LVL3:
  53              	.L3:
  54              	.LCFI2:
  55              		.cfi_restore_state
  15:../../firmware/RISCV/stubs/fstat.c **** }
  56              		.loc 1 15 10
  57 001e 7D55     		li	a0,-1
  58 0020 E5BF     		j	.L1
  59              		.cfi_endproc
  60              	.LFE1:
  62              		.text
  63              	.Letext0:
  64              		.file 2 "/Users/robin/Documents/GitHub/KTH-programing/Mikrodata/toolchain-gd32v-v202-osx/compiler/
  65              		.file 3 "/Users/robin/Documents/GitHub/KTH-programing/Mikrodata/toolchain-gd32v-v202-osx/compiler/
  66              		.file 4 "/Users/robin/Documents/GitHub/KTH-programing/Mikrodata/toolchain-gd32v-v202-osx/compiler/
  67              		.file 5 "/Users/robin/Documents/GitHub/KTH-programing/Mikrodata/toolchain-gd32v-v202-osx/compiler/
  68              		.file 6 "/Users/robin/Documents/GitHub/KTH-programing/Mikrodata/toolchain-gd32v-v202-osx/compiler/
  69              		.file 7 "/Users/robin/Documents/GitHub/KTH-programing/Mikrodata/toolchain-gd32v-v202-osx/compiler/
  70              		.file 8 "/Users/robin/Documents/GitHub/KTH-programing/Mikrodata/toolchain-gd32v-v202-osx/compiler/
  71              		.file 9 "/Users/robin/Documents/GitHub/KTH-programing/Mikrodata/toolchain-gd32v-v202-osx/compiler/
  72              		.file 10 "/Users/robin/Documents/GitHub/KTH-programing/Mikrodata/toolchain-gd32v-v202-osx/compiler
  73              		.file 11 "/Users/robin/Documents/GitHub/KTH-programing/Mikrodata/toolchain-gd32v-v202-osx/compiler
  74              		.file 12 "/Users/robin/Documents/GitHub/KTH-programing/Mikrodata/toolchain-gd32v-v202-osx/compiler
  75              		.file 13 "../../firmware/RISCV/stubs/stub.h"
<<<<<<< HEAD
GAS LISTING /var/folders/46/ql4w1ss91p1__kn5sm1ndyt40000gn/T//ccBpvcMO.s 			page 3
=======
GAS LISTING /var/folders/46/ql4w1ss91p1__kn5sm1ndyt40000gn/T//ccoD2ACQ.s 			page 3
>>>>>>> 9da4b36 (s)


DEFINED SYMBOLS
                            *ABS*:0000000000000000 fstat.c
<<<<<<< HEAD
/var/folders/46/ql4w1ss91p1__kn5sm1ndyt40000gn/T//ccBpvcMO.s:13     .text._fstat:0000000000000000 _fstat
/var/folders/46/ql4w1ss91p1__kn5sm1ndyt40000gn/T//ccBpvcMO.s:17     .text._fstat:0000000000000000 .L0 
/var/folders/46/ql4w1ss91p1__kn5sm1ndyt40000gn/T//ccBpvcMO.s:19     .text._fstat:0000000000000000 .L0 
/var/folders/46/ql4w1ss91p1__kn5sm1ndyt40000gn/T//ccBpvcMO.s:20     .text._fstat:0000000000000000 .L0 
/var/folders/46/ql4w1ss91p1__kn5sm1ndyt40000gn/T//ccBpvcMO.s:21     .text._fstat:0000000000000000 .L0 
/var/folders/46/ql4w1ss91p1__kn5sm1ndyt40000gn/T//ccBpvcMO.s:23     .text._fstat:0000000000000002 .L0 
/var/folders/46/ql4w1ss91p1__kn5sm1ndyt40000gn/T//ccBpvcMO.s:25     .text._fstat:0000000000000004 .L0 
/var/folders/46/ql4w1ss91p1__kn5sm1ndyt40000gn/T//ccBpvcMO.s:27     .text._fstat:0000000000000004 .L0 
/var/folders/46/ql4w1ss91p1__kn5sm1ndyt40000gn/T//ccBpvcMO.s:29     .text._fstat:0000000000000006 .L0 
/var/folders/46/ql4w1ss91p1__kn5sm1ndyt40000gn/T//ccBpvcMO.s:32     .text._fstat:000000000000000e .L0 
/var/folders/46/ql4w1ss91p1__kn5sm1ndyt40000gn/T//ccBpvcMO.s:34     .text._fstat:0000000000000010 .L0 
/var/folders/46/ql4w1ss91p1__kn5sm1ndyt40000gn/T//ccBpvcMO.s:35     .text._fstat:0000000000000010 .L0 
/var/folders/46/ql4w1ss91p1__kn5sm1ndyt40000gn/T//ccBpvcMO.s:38     .text._fstat:0000000000000014 .L0 
/var/folders/46/ql4w1ss91p1__kn5sm1ndyt40000gn/T//ccBpvcMO.s:40     .text._fstat:0000000000000016 .L0 
/var/folders/46/ql4w1ss91p1__kn5sm1ndyt40000gn/T//ccBpvcMO.s:43     .text._fstat:0000000000000018 .L0 
/var/folders/46/ql4w1ss91p1__kn5sm1ndyt40000gn/T//ccBpvcMO.s:44     .text._fstat:0000000000000018 .L0 
/var/folders/46/ql4w1ss91p1__kn5sm1ndyt40000gn/T//ccBpvcMO.s:45     .text._fstat:000000000000001a .L0 
/var/folders/46/ql4w1ss91p1__kn5sm1ndyt40000gn/T//ccBpvcMO.s:46     .text._fstat:000000000000001a .L0 
/var/folders/46/ql4w1ss91p1__kn5sm1ndyt40000gn/T//ccBpvcMO.s:49     .text._fstat:000000000000001c .L0 
/var/folders/46/ql4w1ss91p1__kn5sm1ndyt40000gn/T//ccBpvcMO.s:55     .text._fstat:000000000000001e .L0 
/var/folders/46/ql4w1ss91p1__kn5sm1ndyt40000gn/T//ccBpvcMO.s:57     .text._fstat:000000000000001e .L0 
/var/folders/46/ql4w1ss91p1__kn5sm1ndyt40000gn/T//ccBpvcMO.s:59     .text._fstat:0000000000000022 .L0 
/var/folders/46/ql4w1ss91p1__kn5sm1ndyt40000gn/T//ccBpvcMO.s:62     .text._fstat:0000000000000022 .L0 
                     .debug_frame:0000000000000000 .L0 
/var/folders/46/ql4w1ss91p1__kn5sm1ndyt40000gn/T//ccBpvcMO.s:53     .text._fstat:000000000000001e .L3
/var/folders/46/ql4w1ss91p1__kn5sm1ndyt40000gn/T//ccBpvcMO.s:42     .text._fstat:0000000000000018 .L1
/var/folders/46/ql4w1ss91p1__kn5sm1ndyt40000gn/T//ccBpvcMO.s:1932   .debug_abbrev:0000000000000000 .Ldebug_abbrev0
/var/folders/46/ql4w1ss91p1__kn5sm1ndyt40000gn/T//ccBpvcMO.s:2842   .debug_str:00000000000005cf .LASF170
/var/folders/46/ql4w1ss91p1__kn5sm1ndyt40000gn/T//ccBpvcMO.s:2632   .debug_str:0000000000000205 .LASF171
/var/folders/46/ql4w1ss91p1__kn5sm1ndyt40000gn/T//ccBpvcMO.s:2560   .debug_str:0000000000000044 .LASF172
/var/folders/46/ql4w1ss91p1__kn5sm1ndyt40000gn/T//ccBpvcMO.s:2536   .debug_ranges:0000000000000000 .Ldebug_ranges0
/var/folders/46/ql4w1ss91p1__kn5sm1ndyt40000gn/T//ccBpvcMO.s:2542   .debug_line:0000000000000000 .Ldebug_line0
/var/folders/46/ql4w1ss91p1__kn5sm1ndyt40000gn/T//ccBpvcMO.s:2676   .debug_str:00000000000002ec .LASF0
/var/folders/46/ql4w1ss91p1__kn5sm1ndyt40000gn/T//ccBpvcMO.s:2698   .debug_str:000000000000034b .LASF1
/var/folders/46/ql4w1ss91p1__kn5sm1ndyt40000gn/T//ccBpvcMO.s:2596   .debug_str:0000000000000165 .LASF2
/var/folders/46/ql4w1ss91p1__kn5sm1ndyt40000gn/T//ccBpvcMO.s:2732   .debug_str:00000000000003e4 .LASF3
/var/folders/46/ql4w1ss91p1__kn5sm1ndyt40000gn/T//ccBpvcMO.s:2712   .debug_str:0000000000000396 .LASF8
/var/folders/46/ql4w1ss91p1__kn5sm1ndyt40000gn/T//ccBpvcMO.s:2598   .debug_str:0000000000000173 .LASF4
/var/folders/46/ql4w1ss91p1__kn5sm1ndyt40000gn/T//ccBpvcMO.s:2758   .debug_str:000000000000045e .LASF5
/var/folders/46/ql4w1ss91p1__kn5sm1ndyt40000gn/T//ccBpvcMO.s:2766   .debug_str:0000000000000481 .LASF6
/var/folders/46/ql4w1ss91p1__kn5sm1ndyt40000gn/T//ccBpvcMO.s:2618   .debug_str:00000000000001cc .LASF7
/var/folders/46/ql4w1ss91p1__kn5sm1ndyt40000gn/T//ccBpvcMO.s:2652   .debug_str:0000000000000282 .LASF9
/var/folders/46/ql4w1ss91p1__kn5sm1ndyt40000gn/T//ccBpvcMO.s:2686   .debug_str:0000000000000319 .LASF10
/var/folders/46/ql4w1ss91p1__kn5sm1ndyt40000gn/T//ccBpvcMO.s:2574   .debug_str:00000000000000e7 .LASF11
/var/folders/46/ql4w1ss91p1__kn5sm1ndyt40000gn/T//ccBpvcMO.s:2586   .debug_str:0000000000000131 .LASF12
/var/folders/46/ql4w1ss91p1__kn5sm1ndyt40000gn/T//ccBpvcMO.s:2616   .debug_str:00000000000001c1 .LASF13
/var/folders/46/ql4w1ss91p1__kn5sm1ndyt40000gn/T//ccBpvcMO.s:2742   .debug_str:000000000000040f .LASF14
/var/folders/46/ql4w1ss91p1__kn5sm1ndyt40000gn/T//ccBpvcMO.s:2744   .debug_str:000000000000041b .LASF15
/var/folders/46/ql4w1ss91p1__kn5sm1ndyt40000gn/T//ccBpvcMO.s:2664   .debug_str:00000000000002bb .LASF16
/var/folders/46/ql4w1ss91p1__kn5sm1ndyt40000gn/T//ccBpvcMO.s:2834   .debug_str:00000000000005ac .LASF17
/var/folders/46/ql4w1ss91p1__kn5sm1ndyt40000gn/T//ccBpvcMO.s:2548   .debug_str:0000000000000014 .LASF18
/var/folders/46/ql4w1ss91p1__kn5sm1ndyt40000gn/T//ccBpvcMO.s:2806   .debug_str:000000000000053f .LASF19
/var/folders/46/ql4w1ss91p1__kn5sm1ndyt40000gn/T//ccBpvcMO.s:2602   .debug_str:0000000000000185 .LASF20
/var/folders/46/ql4w1ss91p1__kn5sm1ndyt40000gn/T//ccBpvcMO.s:2546   .debug_str:000000000000000c .LASF21
/var/folders/46/ql4w1ss91p1__kn5sm1ndyt40000gn/T//ccBpvcMO.s:2818   .debug_str:000000000000056f .LASF22
GAS LISTING /var/folders/46/ql4w1ss91p1__kn5sm1ndyt40000gn/T//ccBpvcMO.s 			page 4


/var/folders/46/ql4w1ss91p1__kn5sm1ndyt40000gn/T//ccBpvcMO.s:2862   .debug_str:00000000000006af .LASF23
/var/folders/46/ql4w1ss91p1__kn5sm1ndyt40000gn/T//ccBpvcMO.s:2708   .debug_str:0000000000000388 .LASF24
/var/folders/46/ql4w1ss91p1__kn5sm1ndyt40000gn/T//ccBpvcMO.s:2678   .debug_str:00000000000002f9 .LASF25
/var/folders/46/ql4w1ss91p1__kn5sm1ndyt40000gn/T//ccBpvcMO.s:2810   .debug_str:000000000000054d .LASF26
/var/folders/46/ql4w1ss91p1__kn5sm1ndyt40000gn/T//ccBpvcMO.s:2812   .debug_str:0000000000000555 .LASF27
/var/folders/46/ql4w1ss91p1__kn5sm1ndyt40000gn/T//ccBpvcMO.s:2778   .debug_str:00000000000004b4 .LASF28
/var/folders/46/ql4w1ss91p1__kn5sm1ndyt40000gn/T//ccBpvcMO.s:2890   .debug_str:000000000000072c .LASF29
/var/folders/46/ql4w1ss91p1__kn5sm1ndyt40000gn/T//ccBpvcMO.s:2848   .debug_str:0000000000000665 .LASF30
/var/folders/46/ql4w1ss91p1__kn5sm1ndyt40000gn/T//ccBpvcMO.s:2754   .debug_str:0000000000000443 .LASF31
/var/folders/46/ql4w1ss91p1__kn5sm1ndyt40000gn/T//ccBpvcMO.s:2656   .debug_str:0000000000000293 .LASF32
/var/folders/46/ql4w1ss91p1__kn5sm1ndyt40000gn/T//ccBpvcMO.s:2660   .debug_str:00000000000002a4 .LASF37
/var/folders/46/ql4w1ss91p1__kn5sm1ndyt40000gn/T//ccBpvcMO.s:2836   .debug_str:00000000000005b4 .LASF33
/var/folders/46/ql4w1ss91p1__kn5sm1ndyt40000gn/T//ccBpvcMO.s:2802   .debug_str:0000000000000530 .LASF34
/var/folders/46/ql4w1ss91p1__kn5sm1ndyt40000gn/T//ccBpvcMO.s:2654   .debug_str:000000000000028d .LASF35
/var/folders/46/ql4w1ss91p1__kn5sm1ndyt40000gn/T//ccBpvcMO.s:2856   .debug_str:000000000000069a .LASF36
/var/folders/46/ql4w1ss91p1__kn5sm1ndyt40000gn/T//ccBpvcMO.s:2674   .debug_str:00000000000002e7 .LASF38
/var/folders/46/ql4w1ss91p1__kn5sm1ndyt40000gn/T//ccBpvcMO.s:2592   .debug_str:0000000000000157 .LASF39
/var/folders/46/ql4w1ss91p1__kn5sm1ndyt40000gn/T//ccBpvcMO.s:2828   .debug_str:0000000000000596 .LASF40
/var/folders/46/ql4w1ss91p1__kn5sm1ndyt40000gn/T//ccBpvcMO.s:2606   .debug_str:0000000000000194 .LASF41
/var/folders/46/ql4w1ss91p1__kn5sm1ndyt40000gn/T//ccBpvcMO.s:2894   .debug_str:000000000000073f .LASF42
/var/folders/46/ql4w1ss91p1__kn5sm1ndyt40000gn/T//ccBpvcMO.s:2738   .debug_str:00000000000003fe .LASF43
/var/folders/46/ql4w1ss91p1__kn5sm1ndyt40000gn/T//ccBpvcMO.s:2726   .debug_str:00000000000003ca .LASF44
/var/folders/46/ql4w1ss91p1__kn5sm1ndyt40000gn/T//ccBpvcMO.s:2858   .debug_str:000000000000069f .LASF45
/var/folders/46/ql4w1ss91p1__kn5sm1ndyt40000gn/T//ccBpvcMO.s:2768   .debug_str:000000000000048b .LASF46
/var/folders/46/ql4w1ss91p1__kn5sm1ndyt40000gn/T//ccBpvcMO.s:2874   .debug_str:00000000000006e4 .LASF47
/var/folders/46/ql4w1ss91p1__kn5sm1ndyt40000gn/T//ccBpvcMO.s:2610   .debug_str:00000000000001a3 .LASF48
/var/folders/46/ql4w1ss91p1__kn5sm1ndyt40000gn/T//ccBpvcMO.s:2646   .debug_str:000000000000026f .LASF49
/var/folders/46/ql4w1ss91p1__kn5sm1ndyt40000gn/T//ccBpvcMO.s:2544   .debug_str:0000000000000000 .LASF50
/var/folders/46/ql4w1ss91p1__kn5sm1ndyt40000gn/T//ccBpvcMO.s:2844   .debug_str:0000000000000657 .LASF51
/var/folders/46/ql4w1ss91p1__kn5sm1ndyt40000gn/T//ccBpvcMO.s:2624   .debug_str:00000000000001e6 .LASF52
/var/folders/46/ql4w1ss91p1__kn5sm1ndyt40000gn/T//ccBpvcMO.s:2740   .debug_str:0000000000000407 .LASF53
/var/folders/46/ql4w1ss91p1__kn5sm1ndyt40000gn/T//ccBpvcMO.s:2794   .debug_str:0000000000000500 .LASF54
/var/folders/46/ql4w1ss91p1__kn5sm1ndyt40000gn/T//ccBpvcMO.s:2648   .debug_str:0000000000000277 .LASF55
/var/folders/46/ql4w1ss91p1__kn5sm1ndyt40000gn/T//ccBpvcMO.s:2770   .debug_str:0000000000000495 .LASF56
/var/folders/46/ql4w1ss91p1__kn5sm1ndyt40000gn/T//ccBpvcMO.s:2604   .debug_str:000000000000018e .LASF57
/var/folders/46/ql4w1ss91p1__kn5sm1ndyt40000gn/T//ccBpvcMO.s:2550   .debug_str:000000000000001c .LASF58
/var/folders/46/ql4w1ss91p1__kn5sm1ndyt40000gn/T//ccBpvcMO.s:2780   .debug_str:00000000000004bf .LASF59
/var/folders/46/ql4w1ss91p1__kn5sm1ndyt40000gn/T//ccBpvcMO.s:2622   .debug_str:00000000000001df .LASF60
/var/folders/46/ql4w1ss91p1__kn5sm1ndyt40000gn/T//ccBpvcMO.s:2688   .debug_str:000000000000032b .LASF61
/var/folders/46/ql4w1ss91p1__kn5sm1ndyt40000gn/T//ccBpvcMO.s:2578   .debug_str:0000000000000108 .LASF62
/var/folders/46/ql4w1ss91p1__kn5sm1ndyt40000gn/T//ccBpvcMO.s:2612   .debug_str:00000000000001b1 .LASF63
/var/folders/46/ql4w1ss91p1__kn5sm1ndyt40000gn/T//ccBpvcMO.s:2666   .debug_str:00000000000002c3 .LASF64
/var/folders/46/ql4w1ss91p1__kn5sm1ndyt40000gn/T//ccBpvcMO.s:2724   .debug_str:00000000000003c3 .LASF65
/var/folders/46/ql4w1ss91p1__kn5sm1ndyt40000gn/T//ccBpvcMO.s:2814   .debug_str:000000000000055d .LASF66
/var/folders/46/ql4w1ss91p1__kn5sm1ndyt40000gn/T//ccBpvcMO.s:2878   .debug_str:00000000000006fe .LASF67
/var/folders/46/ql4w1ss91p1__kn5sm1ndyt40000gn/T//ccBpvcMO.s:2600   .debug_str:000000000000017f .LASF68
/var/folders/46/ql4w1ss91p1__kn5sm1ndyt40000gn/T//ccBpvcMO.s:2870   .debug_str:00000000000006d6 .LASF69
/var/folders/46/ql4w1ss91p1__kn5sm1ndyt40000gn/T//ccBpvcMO.s:2630   .debug_str:00000000000001fc .LASF70
/var/folders/46/ql4w1ss91p1__kn5sm1ndyt40000gn/T//ccBpvcMO.s:2640   .debug_str:0000000000000248 .LASF71
/var/folders/46/ql4w1ss91p1__kn5sm1ndyt40000gn/T//ccBpvcMO.s:2568   .debug_str:00000000000000c1 .LASF72
/var/folders/46/ql4w1ss91p1__kn5sm1ndyt40000gn/T//ccBpvcMO.s:2714   .debug_str:000000000000039d .LASF73
/var/folders/46/ql4w1ss91p1__kn5sm1ndyt40000gn/T//ccBpvcMO.s:2784   .debug_str:00000000000004d1 .LASF74
/var/folders/46/ql4w1ss91p1__kn5sm1ndyt40000gn/T//ccBpvcMO.s:2718   .debug_str:00000000000003aa .LASF75
/var/folders/46/ql4w1ss91p1__kn5sm1ndyt40000gn/T//ccBpvcMO.s:2804   .debug_str:0000000000000538 .LASF76
/var/folders/46/ql4w1ss91p1__kn5sm1ndyt40000gn/T//ccBpvcMO.s:2822   .debug_str:0000000000000580 .LASF77
/var/folders/46/ql4w1ss91p1__kn5sm1ndyt40000gn/T//ccBpvcMO.s:2626   .debug_str:00000000000001ee .LASF78
/var/folders/46/ql4w1ss91p1__kn5sm1ndyt40000gn/T//ccBpvcMO.s:2680   .debug_str:0000000000000300 .LASF79
GAS LISTING /var/folders/46/ql4w1ss91p1__kn5sm1ndyt40000gn/T//ccBpvcMO.s 			page 5


/var/folders/46/ql4w1ss91p1__kn5sm1ndyt40000gn/T//ccBpvcMO.s:2658   .debug_str:000000000000029c .LASF80
/var/folders/46/ql4w1ss91p1__kn5sm1ndyt40000gn/T//ccBpvcMO.s:2792   .debug_str:00000000000004fb .LASF81
/var/folders/46/ql4w1ss91p1__kn5sm1ndyt40000gn/T//ccBpvcMO.s:2558   .debug_str:0000000000000039 .LASF82
/var/folders/46/ql4w1ss91p1__kn5sm1ndyt40000gn/T//ccBpvcMO.s:2800   .debug_str:0000000000000517 .LASF83
/var/folders/46/ql4w1ss91p1__kn5sm1ndyt40000gn/T//ccBpvcMO.s:2796   .debug_str:0000000000000505 .LASF84
/var/folders/46/ql4w1ss91p1__kn5sm1ndyt40000gn/T//ccBpvcMO.s:2634   .debug_str:0000000000000228 .LASF85
/var/folders/46/ql4w1ss91p1__kn5sm1ndyt40000gn/T//ccBpvcMO.s:2798   .debug_str:000000000000050d .LASF86
/var/folders/46/ql4w1ss91p1__kn5sm1ndyt40000gn/T//ccBpvcMO.s:2706   .debug_str:0000000000000380 .LASF87
/var/folders/46/ql4w1ss91p1__kn5sm1ndyt40000gn/T//ccBpvcMO.s:2668   .debug_str:00000000000002c9 .LASF88
/var/folders/46/ql4w1ss91p1__kn5sm1ndyt40000gn/T//ccBpvcMO.s:2888   .debug_str:0000000000000727 .LASF89
/var/folders/46/ql4w1ss91p1__kn5sm1ndyt40000gn/T//ccBpvcMO.s:2750   .debug_str:000000000000042f .LASF90
/var/folders/46/ql4w1ss91p1__kn5sm1ndyt40000gn/T//ccBpvcMO.s:2684   .debug_str:0000000000000311 .LASF91
/var/folders/46/ql4w1ss91p1__kn5sm1ndyt40000gn/T//ccBpvcMO.s:2638   .debug_str:0000000000000240 .LASF92
/var/folders/46/ql4w1ss91p1__kn5sm1ndyt40000gn/T//ccBpvcMO.s:2760   .debug_str:000000000000046c .LASF93
/var/folders/46/ql4w1ss91p1__kn5sm1ndyt40000gn/T//ccBpvcMO.s:2700   .debug_str:000000000000035e .LASF94
/var/folders/46/ql4w1ss91p1__kn5sm1ndyt40000gn/T//ccBpvcMO.s:2866   .debug_str:00000000000006c2 .LASF95
/var/folders/46/ql4w1ss91p1__kn5sm1ndyt40000gn/T//ccBpvcMO.s:2614   .debug_str:00000000000001b9 .LASF96
/var/folders/46/ql4w1ss91p1__kn5sm1ndyt40000gn/T//ccBpvcMO.s:2608   .debug_str:000000000000019e .LASF97
/var/folders/46/ql4w1ss91p1__kn5sm1ndyt40000gn/T//ccBpvcMO.s:2824   .debug_str:0000000000000587 .LASF98
/var/folders/46/ql4w1ss91p1__kn5sm1ndyt40000gn/T//ccBpvcMO.s:2776   .debug_str:00000000000004ad .LASF99
/var/folders/46/ql4w1ss91p1__kn5sm1ndyt40000gn/T//ccBpvcMO.s:2860   .debug_str:00000000000006a9 .LASF100
/var/folders/46/ql4w1ss91p1__kn5sm1ndyt40000gn/T//ccBpvcMO.s:2694   .debug_str:000000000000033e .LASF101
/var/folders/46/ql4w1ss91p1__kn5sm1ndyt40000gn/T//ccBpvcMO.s:2774   .debug_str:00000000000004a7 .LASF102
/var/folders/46/ql4w1ss91p1__kn5sm1ndyt40000gn/T//ccBpvcMO.s:2554   .debug_str:000000000000002a .LASF103
/var/folders/46/ql4w1ss91p1__kn5sm1ndyt40000gn/T//ccBpvcMO.s:2808   .debug_str:0000000000000547 .LASF104
/var/folders/46/ql4w1ss91p1__kn5sm1ndyt40000gn/T//ccBpvcMO.s:2832   .debug_str:00000000000005a6 .LASF105
/var/folders/46/ql4w1ss91p1__kn5sm1ndyt40000gn/T//ccBpvcMO.s:2846   .debug_str:0000000000000660 .LASF106
/var/folders/46/ql4w1ss91p1__kn5sm1ndyt40000gn/T//ccBpvcMO.s:2854   .debug_str:000000000000068d .LASF107
/var/folders/46/ql4w1ss91p1__kn5sm1ndyt40000gn/T//ccBpvcMO.s:2838   .debug_str:00000000000005ba .LASF108
/var/folders/46/ql4w1ss91p1__kn5sm1ndyt40000gn/T//ccBpvcMO.s:2704   .debug_str:0000000000000373 .LASF109
/var/folders/46/ql4w1ss91p1__kn5sm1ndyt40000gn/T//ccBpvcMO.s:2876   .debug_str:00000000000006ef .LASF110
/var/folders/46/ql4w1ss91p1__kn5sm1ndyt40000gn/T//ccBpvcMO.s:2662   .debug_str:00000000000002ac .LASF111
/var/folders/46/ql4w1ss91p1__kn5sm1ndyt40000gn/T//ccBpvcMO.s:2786   .debug_str:00000000000004da .LASF112
/var/folders/46/ql4w1ss91p1__kn5sm1ndyt40000gn/T//ccBpvcMO.s:2880   .debug_str:0000000000000705 .LASF113
/var/folders/46/ql4w1ss91p1__kn5sm1ndyt40000gn/T//ccBpvcMO.s:2790   .debug_str:00000000000004ee .LASF114
/var/folders/46/ql4w1ss91p1__kn5sm1ndyt40000gn/T//ccBpvcMO.s:2886   .debug_str:0000000000000719 .LASF115
/var/folders/46/ql4w1ss91p1__kn5sm1ndyt40000gn/T//ccBpvcMO.s:2590   .debug_str:0000000000000149 .LASF116
/var/folders/46/ql4w1ss91p1__kn5sm1ndyt40000gn/T//ccBpvcMO.s:2864   .debug_str:00000000000006b8 .LASF117
/var/folders/46/ql4w1ss91p1__kn5sm1ndyt40000gn/T//ccBpvcMO.s:2702   .debug_str:0000000000000367 .LASF118
/var/folders/46/ql4w1ss91p1__kn5sm1ndyt40000gn/T//ccBpvcMO.s:2850   .debug_str:000000000000066d .LASF119
/var/folders/46/ql4w1ss91p1__kn5sm1ndyt40000gn/T//ccBpvcMO.s:2644   .debug_str:0000000000000261 .LASF120
/var/folders/46/ql4w1ss91p1__kn5sm1ndyt40000gn/T//ccBpvcMO.s:2584   .debug_str:0000000000000122 .LASF121
/var/folders/46/ql4w1ss91p1__kn5sm1ndyt40000gn/T//ccBpvcMO.s:2642   .debug_str:0000000000000250 .LASF122
/var/folders/46/ql4w1ss91p1__kn5sm1ndyt40000gn/T//ccBpvcMO.s:2570   .debug_str:00000000000000c7 .LASF123
/var/folders/46/ql4w1ss91p1__kn5sm1ndyt40000gn/T//ccBpvcMO.s:2572   .debug_str:00000000000000d6 .LASF124
/var/folders/46/ql4w1ss91p1__kn5sm1ndyt40000gn/T//ccBpvcMO.s:2764   .debug_str:0000000000000478 .LASF125
/var/folders/46/ql4w1ss91p1__kn5sm1ndyt40000gn/T//ccBpvcMO.s:2736   .debug_str:00000000000003f7 .LASF126
/var/folders/46/ql4w1ss91p1__kn5sm1ndyt40000gn/T//ccBpvcMO.s:2728   .debug_str:00000000000003d4 .LASF127
/var/folders/46/ql4w1ss91p1__kn5sm1ndyt40000gn/T//ccBpvcMO.s:2872   .debug_str:00000000000006dc .LASF128
/var/folders/46/ql4w1ss91p1__kn5sm1ndyt40000gn/T//ccBpvcMO.s:2580   .debug_str:0000000000000111 .LASF173
/var/folders/46/ql4w1ss91p1__kn5sm1ndyt40000gn/T//ccBpvcMO.s:2816   .debug_str:0000000000000563 .LASF129
/var/folders/46/ql4w1ss91p1__kn5sm1ndyt40000gn/T//ccBpvcMO.s:2852   .debug_str:000000000000067a .LASF130
/var/folders/46/ql4w1ss91p1__kn5sm1ndyt40000gn/T//ccBpvcMO.s:2636   .debug_str:0000000000000233 .LASF131
/var/folders/46/ql4w1ss91p1__kn5sm1ndyt40000gn/T//ccBpvcMO.s:2782   .debug_str:00000000000004c7 .LASF132
/var/folders/46/ql4w1ss91p1__kn5sm1ndyt40000gn/T//ccBpvcMO.s:2748   .debug_str:0000000000000428 .LASF133
/var/folders/46/ql4w1ss91p1__kn5sm1ndyt40000gn/T//ccBpvcMO.s:2682   .debug_str:0000000000000308 .LASF134
/var/folders/46/ql4w1ss91p1__kn5sm1ndyt40000gn/T//ccBpvcMO.s:2868   .debug_str:00000000000006cc .LASF135
GAS LISTING /var/folders/46/ql4w1ss91p1__kn5sm1ndyt40000gn/T//ccBpvcMO.s 			page 6


/var/folders/46/ql4w1ss91p1__kn5sm1ndyt40000gn/T//ccBpvcMO.s:2896   .debug_str:0000000000000749 .LASF136
/var/folders/46/ql4w1ss91p1__kn5sm1ndyt40000gn/T//ccBpvcMO.s:2690   .debug_str:0000000000000331 .LASF137
/var/folders/46/ql4w1ss91p1__kn5sm1ndyt40000gn/T//ccBpvcMO.s:2746   .debug_str:0000000000000422 .LASF138
/var/folders/46/ql4w1ss91p1__kn5sm1ndyt40000gn/T//ccBpvcMO.s:2696   .debug_str:0000000000000345 .LASF139
/var/folders/46/ql4w1ss91p1__kn5sm1ndyt40000gn/T//ccBpvcMO.s:2650   .debug_str:000000000000027c .LASF140
/var/folders/46/ql4w1ss91p1__kn5sm1ndyt40000gn/T//ccBpvcMO.s:2556   .debug_str:0000000000000032 .LASF141
/var/folders/46/ql4w1ss91p1__kn5sm1ndyt40000gn/T//ccBpvcMO.s:2552   .debug_str:0000000000000022 .LASF142
/var/folders/46/ql4w1ss91p1__kn5sm1ndyt40000gn/T//ccBpvcMO.s:2710   .debug_str:000000000000038e .LASF143
/var/folders/46/ql4w1ss91p1__kn5sm1ndyt40000gn/T//ccBpvcMO.s:2730   .debug_str:00000000000003dd .LASF144
/var/folders/46/ql4w1ss91p1__kn5sm1ndyt40000gn/T//ccBpvcMO.s:2734   .debug_str:00000000000003f0 .LASF145
/var/folders/46/ql4w1ss91p1__kn5sm1ndyt40000gn/T//ccBpvcMO.s:2830   .debug_str:000000000000059f .LASF146
/var/folders/46/ql4w1ss91p1__kn5sm1ndyt40000gn/T//ccBpvcMO.s:2882   .debug_str:000000000000070a .LASF147
/var/folders/46/ql4w1ss91p1__kn5sm1ndyt40000gn/T//ccBpvcMO.s:2722   .debug_str:00000000000003ba .LASF148
/var/folders/46/ql4w1ss91p1__kn5sm1ndyt40000gn/T//ccBpvcMO.s:2752   .debug_str:0000000000000439 .LASF149
/var/folders/46/ql4w1ss91p1__kn5sm1ndyt40000gn/T//ccBpvcMO.s:2562   .debug_str:00000000000000a9 .LASF150
/var/folders/46/ql4w1ss91p1__kn5sm1ndyt40000gn/T//ccBpvcMO.s:2588   .debug_str:0000000000000141 .LASF151
/var/folders/46/ql4w1ss91p1__kn5sm1ndyt40000gn/T//ccBpvcMO.s:2594   .debug_str:0000000000000160 .LASF152
/var/folders/46/ql4w1ss91p1__kn5sm1ndyt40000gn/T//ccBpvcMO.s:2564   .debug_str:00000000000000b3 .LASF153
/var/folders/46/ql4w1ss91p1__kn5sm1ndyt40000gn/T//ccBpvcMO.s:2762   .debug_str:0000000000000471 .LASF154
/var/folders/46/ql4w1ss91p1__kn5sm1ndyt40000gn/T//ccBpvcMO.s:2840   .debug_str:00000000000005c7 .LASF155
/var/folders/46/ql4w1ss91p1__kn5sm1ndyt40000gn/T//ccBpvcMO.s:2756   .debug_str:0000000000000455 .LASF156
/var/folders/46/ql4w1ss91p1__kn5sm1ndyt40000gn/T//ccBpvcMO.s:2692   .debug_str:0000000000000337 .LASF157
/var/folders/46/ql4w1ss91p1__kn5sm1ndyt40000gn/T//ccBpvcMO.s:2566   .debug_str:00000000000000ba .LASF158
/var/folders/46/ql4w1ss91p1__kn5sm1ndyt40000gn/T//ccBpvcMO.s:2884   .debug_str:0000000000000711 .LASF159
/var/folders/46/ql4w1ss91p1__kn5sm1ndyt40000gn/T//ccBpvcMO.s:2720   .debug_str:00000000000003b2 .LASF160
/var/folders/46/ql4w1ss91p1__kn5sm1ndyt40000gn/T//ccBpvcMO.s:2820   .debug_str:0000000000000577 .LASF161
/var/folders/46/ql4w1ss91p1__kn5sm1ndyt40000gn/T//ccBpvcMO.s:2670   .debug_str:00000000000002d3 .LASF162
/var/folders/46/ql4w1ss91p1__kn5sm1ndyt40000gn/T//ccBpvcMO.s:2892   .debug_str:0000000000000736 .LASF163
/var/folders/46/ql4w1ss91p1__kn5sm1ndyt40000gn/T//ccBpvcMO.s:2672   .debug_str:00000000000002dd .LASF164
/var/folders/46/ql4w1ss91p1__kn5sm1ndyt40000gn/T//ccBpvcMO.s:2788   .debug_str:00000000000004e5 .LASF165
/var/folders/46/ql4w1ss91p1__kn5sm1ndyt40000gn/T//ccBpvcMO.s:2620   .debug_str:00000000000001d5 .LASF166
/var/folders/46/ql4w1ss91p1__kn5sm1ndyt40000gn/T//ccBpvcMO.s:2772   .debug_str:000000000000049c .LASF167
/var/folders/46/ql4w1ss91p1__kn5sm1ndyt40000gn/T//ccBpvcMO.s:2576   .debug_str:00000000000000fe .LASF168
/var/folders/46/ql4w1ss91p1__kn5sm1ndyt40000gn/T//ccBpvcMO.s:2826   .debug_str:000000000000058c .LASF169
/var/folders/46/ql4w1ss91p1__kn5sm1ndyt40000gn/T//ccBpvcMO.s:2628   .debug_str:00000000000001f5 .LASF174
/var/folders/46/ql4w1ss91p1__kn5sm1ndyt40000gn/T//ccBpvcMO.s:14     .text._fstat:0000000000000000 .LFB1
/var/folders/46/ql4w1ss91p1__kn5sm1ndyt40000gn/T//ccBpvcMO.s:60     .text._fstat:0000000000000022 .LFE1
/var/folders/46/ql4w1ss91p1__kn5sm1ndyt40000gn/T//ccBpvcMO.s:2464   .debug_loc:0000000000000000 .LLST0
/var/folders/46/ql4w1ss91p1__kn5sm1ndyt40000gn/T//ccBpvcMO.s:2487   .debug_loc:0000000000000038 .LLST1
/var/folders/46/ql4w1ss91p1__kn5sm1ndyt40000gn/T//ccBpvcMO.s:2501   .debug_loc:0000000000000059 .LLST2
/var/folders/46/ql4w1ss91p1__kn5sm1ndyt40000gn/T//ccBpvcMO.s:30     .text._fstat:000000000000000e .LVL1
/var/folders/46/ql4w1ss91p1__kn5sm1ndyt40000gn/T//ccBpvcMO.s:2582   .debug_str:000000000000011c .LASF175
/var/folders/46/ql4w1ss91p1__kn5sm1ndyt40000gn/T//ccBpvcMO.s:2716   .debug_str:00000000000003a3 .LASF176
/var/folders/46/ql4w1ss91p1__kn5sm1ndyt40000gn/T//ccBpvcMO.s:22     .text._fstat:0000000000000002 .LCFI0
/var/folders/46/ql4w1ss91p1__kn5sm1ndyt40000gn/T//ccBpvcMO.s:48     .text._fstat:000000000000001c .LCFI1
/var/folders/46/ql4w1ss91p1__kn5sm1ndyt40000gn/T//ccBpvcMO.s:54     .text._fstat:000000000000001e .LCFI2
/var/folders/46/ql4w1ss91p1__kn5sm1ndyt40000gn/T//ccBpvcMO.s:18     .text._fstat:0000000000000000 .LVL0
/var/folders/46/ql4w1ss91p1__kn5sm1ndyt40000gn/T//ccBpvcMO.s:50     .text._fstat:000000000000001c .LVL2
/var/folders/46/ql4w1ss91p1__kn5sm1ndyt40000gn/T//ccBpvcMO.s:52     .text._fstat:000000000000001e .LVL3
/var/folders/46/ql4w1ss91p1__kn5sm1ndyt40000gn/T//ccBpvcMO.s:77     .debug_info:0000000000000000 .Ldebug_info0
=======
/var/folders/46/ql4w1ss91p1__kn5sm1ndyt40000gn/T//ccoD2ACQ.s:13     .text._fstat:0000000000000000 _fstat
/var/folders/46/ql4w1ss91p1__kn5sm1ndyt40000gn/T//ccoD2ACQ.s:17     .text._fstat:0000000000000000 .L0 
/var/folders/46/ql4w1ss91p1__kn5sm1ndyt40000gn/T//ccoD2ACQ.s:19     .text._fstat:0000000000000000 .L0 
/var/folders/46/ql4w1ss91p1__kn5sm1ndyt40000gn/T//ccoD2ACQ.s:20     .text._fstat:0000000000000000 .L0 
/var/folders/46/ql4w1ss91p1__kn5sm1ndyt40000gn/T//ccoD2ACQ.s:21     .text._fstat:0000000000000000 .L0 
/var/folders/46/ql4w1ss91p1__kn5sm1ndyt40000gn/T//ccoD2ACQ.s:23     .text._fstat:0000000000000002 .L0 
/var/folders/46/ql4w1ss91p1__kn5sm1ndyt40000gn/T//ccoD2ACQ.s:25     .text._fstat:0000000000000004 .L0 
/var/folders/46/ql4w1ss91p1__kn5sm1ndyt40000gn/T//ccoD2ACQ.s:27     .text._fstat:0000000000000004 .L0 
/var/folders/46/ql4w1ss91p1__kn5sm1ndyt40000gn/T//ccoD2ACQ.s:29     .text._fstat:0000000000000006 .L0 
/var/folders/46/ql4w1ss91p1__kn5sm1ndyt40000gn/T//ccoD2ACQ.s:32     .text._fstat:000000000000000e .L0 
/var/folders/46/ql4w1ss91p1__kn5sm1ndyt40000gn/T//ccoD2ACQ.s:34     .text._fstat:0000000000000010 .L0 
/var/folders/46/ql4w1ss91p1__kn5sm1ndyt40000gn/T//ccoD2ACQ.s:35     .text._fstat:0000000000000010 .L0 
/var/folders/46/ql4w1ss91p1__kn5sm1ndyt40000gn/T//ccoD2ACQ.s:38     .text._fstat:0000000000000014 .L0 
/var/folders/46/ql4w1ss91p1__kn5sm1ndyt40000gn/T//ccoD2ACQ.s:40     .text._fstat:0000000000000016 .L0 
/var/folders/46/ql4w1ss91p1__kn5sm1ndyt40000gn/T//ccoD2ACQ.s:43     .text._fstat:0000000000000018 .L0 
/var/folders/46/ql4w1ss91p1__kn5sm1ndyt40000gn/T//ccoD2ACQ.s:44     .text._fstat:0000000000000018 .L0 
/var/folders/46/ql4w1ss91p1__kn5sm1ndyt40000gn/T//ccoD2ACQ.s:45     .text._fstat:000000000000001a .L0 
/var/folders/46/ql4w1ss91p1__kn5sm1ndyt40000gn/T//ccoD2ACQ.s:46     .text._fstat:000000000000001a .L0 
/var/folders/46/ql4w1ss91p1__kn5sm1ndyt40000gn/T//ccoD2ACQ.s:49     .text._fstat:000000000000001c .L0 
/var/folders/46/ql4w1ss91p1__kn5sm1ndyt40000gn/T//ccoD2ACQ.s:55     .text._fstat:000000000000001e .L0 
/var/folders/46/ql4w1ss91p1__kn5sm1ndyt40000gn/T//ccoD2ACQ.s:57     .text._fstat:000000000000001e .L0 
/var/folders/46/ql4w1ss91p1__kn5sm1ndyt40000gn/T//ccoD2ACQ.s:59     .text._fstat:0000000000000022 .L0 
/var/folders/46/ql4w1ss91p1__kn5sm1ndyt40000gn/T//ccoD2ACQ.s:62     .text._fstat:0000000000000022 .L0 
                     .debug_frame:0000000000000000 .L0 
/var/folders/46/ql4w1ss91p1__kn5sm1ndyt40000gn/T//ccoD2ACQ.s:53     .text._fstat:000000000000001e .L3
/var/folders/46/ql4w1ss91p1__kn5sm1ndyt40000gn/T//ccoD2ACQ.s:42     .text._fstat:0000000000000018 .L1
/var/folders/46/ql4w1ss91p1__kn5sm1ndyt40000gn/T//ccoD2ACQ.s:1932   .debug_abbrev:0000000000000000 .Ldebug_abbrev0
/var/folders/46/ql4w1ss91p1__kn5sm1ndyt40000gn/T//ccoD2ACQ.s:2840   .debug_str:00000000000005b0 .LASF170
/var/folders/46/ql4w1ss91p1__kn5sm1ndyt40000gn/T//ccoD2ACQ.s:2630   .debug_str:00000000000001a0 .LASF171
/var/folders/46/ql4w1ss91p1__kn5sm1ndyt40000gn/T//ccoD2ACQ.s:2756   .debug_str:00000000000003f9 .LASF172
/var/folders/46/ql4w1ss91p1__kn5sm1ndyt40000gn/T//ccoD2ACQ.s:2536   .debug_ranges:0000000000000000 .Ldebug_ranges0
/var/folders/46/ql4w1ss91p1__kn5sm1ndyt40000gn/T//ccoD2ACQ.s:2542   .debug_line:0000000000000000 .Ldebug_line0
/var/folders/46/ql4w1ss91p1__kn5sm1ndyt40000gn/T//ccoD2ACQ.s:2674   .debug_str:0000000000000287 .LASF0
/var/folders/46/ql4w1ss91p1__kn5sm1ndyt40000gn/T//ccoD2ACQ.s:2696   .debug_str:00000000000002e6 .LASF1
/var/folders/46/ql4w1ss91p1__kn5sm1ndyt40000gn/T//ccoD2ACQ.s:2594   .debug_str:0000000000000100 .LASF2
/var/folders/46/ql4w1ss91p1__kn5sm1ndyt40000gn/T//ccoD2ACQ.s:2730   .debug_str:000000000000037f .LASF3
/var/folders/46/ql4w1ss91p1__kn5sm1ndyt40000gn/T//ccoD2ACQ.s:2710   .debug_str:0000000000000331 .LASF8
/var/folders/46/ql4w1ss91p1__kn5sm1ndyt40000gn/T//ccoD2ACQ.s:2596   .debug_str:000000000000010e .LASF4
/var/folders/46/ql4w1ss91p1__kn5sm1ndyt40000gn/T//ccoD2ACQ.s:2844   .debug_str:0000000000000641 .LASF5
/var/folders/46/ql4w1ss91p1__kn5sm1ndyt40000gn/T//ccoD2ACQ.s:2764   .debug_str:0000000000000462 .LASF6
/var/folders/46/ql4w1ss91p1__kn5sm1ndyt40000gn/T//ccoD2ACQ.s:2616   .debug_str:0000000000000167 .LASF7
/var/folders/46/ql4w1ss91p1__kn5sm1ndyt40000gn/T//ccoD2ACQ.s:2650   .debug_str:000000000000021d .LASF9
/var/folders/46/ql4w1ss91p1__kn5sm1ndyt40000gn/T//ccoD2ACQ.s:2684   .debug_str:00000000000002b4 .LASF10
/var/folders/46/ql4w1ss91p1__kn5sm1ndyt40000gn/T//ccoD2ACQ.s:2572   .debug_str:0000000000000082 .LASF11
/var/folders/46/ql4w1ss91p1__kn5sm1ndyt40000gn/T//ccoD2ACQ.s:2584   .debug_str:00000000000000cc .LASF12
/var/folders/46/ql4w1ss91p1__kn5sm1ndyt40000gn/T//ccoD2ACQ.s:2614   .debug_str:000000000000015c .LASF13
/var/folders/46/ql4w1ss91p1__kn5sm1ndyt40000gn/T//ccoD2ACQ.s:2740   .debug_str:00000000000003aa .LASF14
/var/folders/46/ql4w1ss91p1__kn5sm1ndyt40000gn/T//ccoD2ACQ.s:2742   .debug_str:00000000000003b6 .LASF15
/var/folders/46/ql4w1ss91p1__kn5sm1ndyt40000gn/T//ccoD2ACQ.s:2662   .debug_str:0000000000000256 .LASF16
/var/folders/46/ql4w1ss91p1__kn5sm1ndyt40000gn/T//ccoD2ACQ.s:2832   .debug_str:000000000000058d .LASF17
/var/folders/46/ql4w1ss91p1__kn5sm1ndyt40000gn/T//ccoD2ACQ.s:2548   .debug_str:0000000000000014 .LASF18
/var/folders/46/ql4w1ss91p1__kn5sm1ndyt40000gn/T//ccoD2ACQ.s:2804   .debug_str:0000000000000520 .LASF19
/var/folders/46/ql4w1ss91p1__kn5sm1ndyt40000gn/T//ccoD2ACQ.s:2600   .debug_str:0000000000000120 .LASF20
/var/folders/46/ql4w1ss91p1__kn5sm1ndyt40000gn/T//ccoD2ACQ.s:2546   .debug_str:000000000000000c .LASF21
/var/folders/46/ql4w1ss91p1__kn5sm1ndyt40000gn/T//ccoD2ACQ.s:2816   .debug_str:0000000000000550 .LASF22
GAS LISTING /var/folders/46/ql4w1ss91p1__kn5sm1ndyt40000gn/T//ccoD2ACQ.s 			page 4


/var/folders/46/ql4w1ss91p1__kn5sm1ndyt40000gn/T//ccoD2ACQ.s:2862   .debug_str:000000000000069e .LASF23
/var/folders/46/ql4w1ss91p1__kn5sm1ndyt40000gn/T//ccoD2ACQ.s:2706   .debug_str:0000000000000323 .LASF24
/var/folders/46/ql4w1ss91p1__kn5sm1ndyt40000gn/T//ccoD2ACQ.s:2676   .debug_str:0000000000000294 .LASF25
/var/folders/46/ql4w1ss91p1__kn5sm1ndyt40000gn/T//ccoD2ACQ.s:2808   .debug_str:000000000000052e .LASF26
/var/folders/46/ql4w1ss91p1__kn5sm1ndyt40000gn/T//ccoD2ACQ.s:2810   .debug_str:0000000000000536 .LASF27
/var/folders/46/ql4w1ss91p1__kn5sm1ndyt40000gn/T//ccoD2ACQ.s:2776   .debug_str:0000000000000495 .LASF28
/var/folders/46/ql4w1ss91p1__kn5sm1ndyt40000gn/T//ccoD2ACQ.s:2890   .debug_str:000000000000071b .LASF29
/var/folders/46/ql4w1ss91p1__kn5sm1ndyt40000gn/T//ccoD2ACQ.s:2848   .debug_str:0000000000000654 .LASF30
/var/folders/46/ql4w1ss91p1__kn5sm1ndyt40000gn/T//ccoD2ACQ.s:2752   .debug_str:00000000000003de .LASF31
/var/folders/46/ql4w1ss91p1__kn5sm1ndyt40000gn/T//ccoD2ACQ.s:2654   .debug_str:000000000000022e .LASF32
/var/folders/46/ql4w1ss91p1__kn5sm1ndyt40000gn/T//ccoD2ACQ.s:2658   .debug_str:000000000000023f .LASF37
/var/folders/46/ql4w1ss91p1__kn5sm1ndyt40000gn/T//ccoD2ACQ.s:2834   .debug_str:0000000000000595 .LASF33
/var/folders/46/ql4w1ss91p1__kn5sm1ndyt40000gn/T//ccoD2ACQ.s:2800   .debug_str:0000000000000511 .LASF34
/var/folders/46/ql4w1ss91p1__kn5sm1ndyt40000gn/T//ccoD2ACQ.s:2652   .debug_str:0000000000000228 .LASF35
/var/folders/46/ql4w1ss91p1__kn5sm1ndyt40000gn/T//ccoD2ACQ.s:2856   .debug_str:0000000000000689 .LASF36
/var/folders/46/ql4w1ss91p1__kn5sm1ndyt40000gn/T//ccoD2ACQ.s:2672   .debug_str:0000000000000282 .LASF38
/var/folders/46/ql4w1ss91p1__kn5sm1ndyt40000gn/T//ccoD2ACQ.s:2590   .debug_str:00000000000000f2 .LASF39
/var/folders/46/ql4w1ss91p1__kn5sm1ndyt40000gn/T//ccoD2ACQ.s:2826   .debug_str:0000000000000577 .LASF40
/var/folders/46/ql4w1ss91p1__kn5sm1ndyt40000gn/T//ccoD2ACQ.s:2604   .debug_str:000000000000012f .LASF41
/var/folders/46/ql4w1ss91p1__kn5sm1ndyt40000gn/T//ccoD2ACQ.s:2894   .debug_str:000000000000072e .LASF42
/var/folders/46/ql4w1ss91p1__kn5sm1ndyt40000gn/T//ccoD2ACQ.s:2736   .debug_str:0000000000000399 .LASF43
/var/folders/46/ql4w1ss91p1__kn5sm1ndyt40000gn/T//ccoD2ACQ.s:2724   .debug_str:0000000000000365 .LASF44
/var/folders/46/ql4w1ss91p1__kn5sm1ndyt40000gn/T//ccoD2ACQ.s:2858   .debug_str:000000000000068e .LASF45
/var/folders/46/ql4w1ss91p1__kn5sm1ndyt40000gn/T//ccoD2ACQ.s:2766   .debug_str:000000000000046c .LASF46
/var/folders/46/ql4w1ss91p1__kn5sm1ndyt40000gn/T//ccoD2ACQ.s:2874   .debug_str:00000000000006d3 .LASF47
/var/folders/46/ql4w1ss91p1__kn5sm1ndyt40000gn/T//ccoD2ACQ.s:2608   .debug_str:000000000000013e .LASF48
/var/folders/46/ql4w1ss91p1__kn5sm1ndyt40000gn/T//ccoD2ACQ.s:2644   .debug_str:000000000000020a .LASF49
/var/folders/46/ql4w1ss91p1__kn5sm1ndyt40000gn/T//ccoD2ACQ.s:2544   .debug_str:0000000000000000 .LASF50
/var/folders/46/ql4w1ss91p1__kn5sm1ndyt40000gn/T//ccoD2ACQ.s:2842   .debug_str:0000000000000638 .LASF51
/var/folders/46/ql4w1ss91p1__kn5sm1ndyt40000gn/T//ccoD2ACQ.s:2622   .debug_str:0000000000000181 .LASF52
/var/folders/46/ql4w1ss91p1__kn5sm1ndyt40000gn/T//ccoD2ACQ.s:2738   .debug_str:00000000000003a2 .LASF53
/var/folders/46/ql4w1ss91p1__kn5sm1ndyt40000gn/T//ccoD2ACQ.s:2792   .debug_str:00000000000004e1 .LASF54
/var/folders/46/ql4w1ss91p1__kn5sm1ndyt40000gn/T//ccoD2ACQ.s:2646   .debug_str:0000000000000212 .LASF55
/var/folders/46/ql4w1ss91p1__kn5sm1ndyt40000gn/T//ccoD2ACQ.s:2768   .debug_str:0000000000000476 .LASF56
/var/folders/46/ql4w1ss91p1__kn5sm1ndyt40000gn/T//ccoD2ACQ.s:2602   .debug_str:0000000000000129 .LASF57
/var/folders/46/ql4w1ss91p1__kn5sm1ndyt40000gn/T//ccoD2ACQ.s:2550   .debug_str:000000000000001c .LASF58
/var/folders/46/ql4w1ss91p1__kn5sm1ndyt40000gn/T//ccoD2ACQ.s:2778   .debug_str:00000000000004a0 .LASF59
/var/folders/46/ql4w1ss91p1__kn5sm1ndyt40000gn/T//ccoD2ACQ.s:2620   .debug_str:000000000000017a .LASF60
/var/folders/46/ql4w1ss91p1__kn5sm1ndyt40000gn/T//ccoD2ACQ.s:2686   .debug_str:00000000000002c6 .LASF61
/var/folders/46/ql4w1ss91p1__kn5sm1ndyt40000gn/T//ccoD2ACQ.s:2576   .debug_str:00000000000000a3 .LASF62
/var/folders/46/ql4w1ss91p1__kn5sm1ndyt40000gn/T//ccoD2ACQ.s:2610   .debug_str:000000000000014c .LASF63
/var/folders/46/ql4w1ss91p1__kn5sm1ndyt40000gn/T//ccoD2ACQ.s:2664   .debug_str:000000000000025e .LASF64
/var/folders/46/ql4w1ss91p1__kn5sm1ndyt40000gn/T//ccoD2ACQ.s:2722   .debug_str:000000000000035e .LASF65
/var/folders/46/ql4w1ss91p1__kn5sm1ndyt40000gn/T//ccoD2ACQ.s:2812   .debug_str:000000000000053e .LASF66
/var/folders/46/ql4w1ss91p1__kn5sm1ndyt40000gn/T//ccoD2ACQ.s:2878   .debug_str:00000000000006ed .LASF67
/var/folders/46/ql4w1ss91p1__kn5sm1ndyt40000gn/T//ccoD2ACQ.s:2598   .debug_str:000000000000011a .LASF68
/var/folders/46/ql4w1ss91p1__kn5sm1ndyt40000gn/T//ccoD2ACQ.s:2870   .debug_str:00000000000006c5 .LASF69
/var/folders/46/ql4w1ss91p1__kn5sm1ndyt40000gn/T//ccoD2ACQ.s:2628   .debug_str:0000000000000197 .LASF70
/var/folders/46/ql4w1ss91p1__kn5sm1ndyt40000gn/T//ccoD2ACQ.s:2638   .debug_str:00000000000001e3 .LASF71
/var/folders/46/ql4w1ss91p1__kn5sm1ndyt40000gn/T//ccoD2ACQ.s:2566   .debug_str:000000000000005c .LASF72
/var/folders/46/ql4w1ss91p1__kn5sm1ndyt40000gn/T//ccoD2ACQ.s:2712   .debug_str:0000000000000338 .LASF73
/var/folders/46/ql4w1ss91p1__kn5sm1ndyt40000gn/T//ccoD2ACQ.s:2782   .debug_str:00000000000004b2 .LASF74
/var/folders/46/ql4w1ss91p1__kn5sm1ndyt40000gn/T//ccoD2ACQ.s:2716   .debug_str:0000000000000345 .LASF75
/var/folders/46/ql4w1ss91p1__kn5sm1ndyt40000gn/T//ccoD2ACQ.s:2802   .debug_str:0000000000000519 .LASF76
/var/folders/46/ql4w1ss91p1__kn5sm1ndyt40000gn/T//ccoD2ACQ.s:2820   .debug_str:0000000000000561 .LASF77
/var/folders/46/ql4w1ss91p1__kn5sm1ndyt40000gn/T//ccoD2ACQ.s:2624   .debug_str:0000000000000189 .LASF78
/var/folders/46/ql4w1ss91p1__kn5sm1ndyt40000gn/T//ccoD2ACQ.s:2678   .debug_str:000000000000029b .LASF79
GAS LISTING /var/folders/46/ql4w1ss91p1__kn5sm1ndyt40000gn/T//ccoD2ACQ.s 			page 5


/var/folders/46/ql4w1ss91p1__kn5sm1ndyt40000gn/T//ccoD2ACQ.s:2656   .debug_str:0000000000000237 .LASF80
/var/folders/46/ql4w1ss91p1__kn5sm1ndyt40000gn/T//ccoD2ACQ.s:2790   .debug_str:00000000000004dc .LASF81
/var/folders/46/ql4w1ss91p1__kn5sm1ndyt40000gn/T//ccoD2ACQ.s:2558   .debug_str:0000000000000039 .LASF82
/var/folders/46/ql4w1ss91p1__kn5sm1ndyt40000gn/T//ccoD2ACQ.s:2798   .debug_str:00000000000004f8 .LASF83
/var/folders/46/ql4w1ss91p1__kn5sm1ndyt40000gn/T//ccoD2ACQ.s:2794   .debug_str:00000000000004e6 .LASF84
/var/folders/46/ql4w1ss91p1__kn5sm1ndyt40000gn/T//ccoD2ACQ.s:2632   .debug_str:00000000000001c3 .LASF85
/var/folders/46/ql4w1ss91p1__kn5sm1ndyt40000gn/T//ccoD2ACQ.s:2796   .debug_str:00000000000004ee .LASF86
/var/folders/46/ql4w1ss91p1__kn5sm1ndyt40000gn/T//ccoD2ACQ.s:2704   .debug_str:000000000000031b .LASF87
/var/folders/46/ql4w1ss91p1__kn5sm1ndyt40000gn/T//ccoD2ACQ.s:2666   .debug_str:0000000000000264 .LASF88
/var/folders/46/ql4w1ss91p1__kn5sm1ndyt40000gn/T//ccoD2ACQ.s:2888   .debug_str:0000000000000716 .LASF89
/var/folders/46/ql4w1ss91p1__kn5sm1ndyt40000gn/T//ccoD2ACQ.s:2748   .debug_str:00000000000003ca .LASF90
/var/folders/46/ql4w1ss91p1__kn5sm1ndyt40000gn/T//ccoD2ACQ.s:2682   .debug_str:00000000000002ac .LASF91
/var/folders/46/ql4w1ss91p1__kn5sm1ndyt40000gn/T//ccoD2ACQ.s:2636   .debug_str:00000000000001db .LASF92
/var/folders/46/ql4w1ss91p1__kn5sm1ndyt40000gn/T//ccoD2ACQ.s:2758   .debug_str:000000000000044d .LASF93
/var/folders/46/ql4w1ss91p1__kn5sm1ndyt40000gn/T//ccoD2ACQ.s:2698   .debug_str:00000000000002f9 .LASF94
/var/folders/46/ql4w1ss91p1__kn5sm1ndyt40000gn/T//ccoD2ACQ.s:2866   .debug_str:00000000000006b1 .LASF95
/var/folders/46/ql4w1ss91p1__kn5sm1ndyt40000gn/T//ccoD2ACQ.s:2612   .debug_str:0000000000000154 .LASF96
/var/folders/46/ql4w1ss91p1__kn5sm1ndyt40000gn/T//ccoD2ACQ.s:2606   .debug_str:0000000000000139 .LASF97
/var/folders/46/ql4w1ss91p1__kn5sm1ndyt40000gn/T//ccoD2ACQ.s:2822   .debug_str:0000000000000568 .LASF98
/var/folders/46/ql4w1ss91p1__kn5sm1ndyt40000gn/T//ccoD2ACQ.s:2774   .debug_str:000000000000048e .LASF99
/var/folders/46/ql4w1ss91p1__kn5sm1ndyt40000gn/T//ccoD2ACQ.s:2860   .debug_str:0000000000000698 .LASF100
/var/folders/46/ql4w1ss91p1__kn5sm1ndyt40000gn/T//ccoD2ACQ.s:2692   .debug_str:00000000000002d9 .LASF101
/var/folders/46/ql4w1ss91p1__kn5sm1ndyt40000gn/T//ccoD2ACQ.s:2772   .debug_str:0000000000000488 .LASF102
/var/folders/46/ql4w1ss91p1__kn5sm1ndyt40000gn/T//ccoD2ACQ.s:2554   .debug_str:000000000000002a .LASF103
/var/folders/46/ql4w1ss91p1__kn5sm1ndyt40000gn/T//ccoD2ACQ.s:2806   .debug_str:0000000000000528 .LASF104
/var/folders/46/ql4w1ss91p1__kn5sm1ndyt40000gn/T//ccoD2ACQ.s:2830   .debug_str:0000000000000587 .LASF105
/var/folders/46/ql4w1ss91p1__kn5sm1ndyt40000gn/T//ccoD2ACQ.s:2846   .debug_str:000000000000064f .LASF106
/var/folders/46/ql4w1ss91p1__kn5sm1ndyt40000gn/T//ccoD2ACQ.s:2854   .debug_str:000000000000067c .LASF107
/var/folders/46/ql4w1ss91p1__kn5sm1ndyt40000gn/T//ccoD2ACQ.s:2836   .debug_str:000000000000059b .LASF108
/var/folders/46/ql4w1ss91p1__kn5sm1ndyt40000gn/T//ccoD2ACQ.s:2702   .debug_str:000000000000030e .LASF109
/var/folders/46/ql4w1ss91p1__kn5sm1ndyt40000gn/T//ccoD2ACQ.s:2876   .debug_str:00000000000006de .LASF110
/var/folders/46/ql4w1ss91p1__kn5sm1ndyt40000gn/T//ccoD2ACQ.s:2660   .debug_str:0000000000000247 .LASF111
/var/folders/46/ql4w1ss91p1__kn5sm1ndyt40000gn/T//ccoD2ACQ.s:2784   .debug_str:00000000000004bb .LASF112
/var/folders/46/ql4w1ss91p1__kn5sm1ndyt40000gn/T//ccoD2ACQ.s:2880   .debug_str:00000000000006f4 .LASF113
/var/folders/46/ql4w1ss91p1__kn5sm1ndyt40000gn/T//ccoD2ACQ.s:2788   .debug_str:00000000000004cf .LASF114
/var/folders/46/ql4w1ss91p1__kn5sm1ndyt40000gn/T//ccoD2ACQ.s:2886   .debug_str:0000000000000708 .LASF115
/var/folders/46/ql4w1ss91p1__kn5sm1ndyt40000gn/T//ccoD2ACQ.s:2588   .debug_str:00000000000000e4 .LASF116
/var/folders/46/ql4w1ss91p1__kn5sm1ndyt40000gn/T//ccoD2ACQ.s:2864   .debug_str:00000000000006a7 .LASF117
/var/folders/46/ql4w1ss91p1__kn5sm1ndyt40000gn/T//ccoD2ACQ.s:2700   .debug_str:0000000000000302 .LASF118
/var/folders/46/ql4w1ss91p1__kn5sm1ndyt40000gn/T//ccoD2ACQ.s:2850   .debug_str:000000000000065c .LASF119
/var/folders/46/ql4w1ss91p1__kn5sm1ndyt40000gn/T//ccoD2ACQ.s:2642   .debug_str:00000000000001fc .LASF120
/var/folders/46/ql4w1ss91p1__kn5sm1ndyt40000gn/T//ccoD2ACQ.s:2582   .debug_str:00000000000000bd .LASF121
/var/folders/46/ql4w1ss91p1__kn5sm1ndyt40000gn/T//ccoD2ACQ.s:2640   .debug_str:00000000000001eb .LASF122
/var/folders/46/ql4w1ss91p1__kn5sm1ndyt40000gn/T//ccoD2ACQ.s:2568   .debug_str:0000000000000062 .LASF123
/var/folders/46/ql4w1ss91p1__kn5sm1ndyt40000gn/T//ccoD2ACQ.s:2570   .debug_str:0000000000000071 .LASF124
/var/folders/46/ql4w1ss91p1__kn5sm1ndyt40000gn/T//ccoD2ACQ.s:2762   .debug_str:0000000000000459 .LASF125
/var/folders/46/ql4w1ss91p1__kn5sm1ndyt40000gn/T//ccoD2ACQ.s:2734   .debug_str:0000000000000392 .LASF126
/var/folders/46/ql4w1ss91p1__kn5sm1ndyt40000gn/T//ccoD2ACQ.s:2726   .debug_str:000000000000036f .LASF127
/var/folders/46/ql4w1ss91p1__kn5sm1ndyt40000gn/T//ccoD2ACQ.s:2872   .debug_str:00000000000006cb .LASF128
/var/folders/46/ql4w1ss91p1__kn5sm1ndyt40000gn/T//ccoD2ACQ.s:2578   .debug_str:00000000000000ac .LASF173
/var/folders/46/ql4w1ss91p1__kn5sm1ndyt40000gn/T//ccoD2ACQ.s:2814   .debug_str:0000000000000544 .LASF129
/var/folders/46/ql4w1ss91p1__kn5sm1ndyt40000gn/T//ccoD2ACQ.s:2852   .debug_str:0000000000000669 .LASF130
/var/folders/46/ql4w1ss91p1__kn5sm1ndyt40000gn/T//ccoD2ACQ.s:2634   .debug_str:00000000000001ce .LASF131
/var/folders/46/ql4w1ss91p1__kn5sm1ndyt40000gn/T//ccoD2ACQ.s:2780   .debug_str:00000000000004a8 .LASF132
/var/folders/46/ql4w1ss91p1__kn5sm1ndyt40000gn/T//ccoD2ACQ.s:2746   .debug_str:00000000000003c3 .LASF133
/var/folders/46/ql4w1ss91p1__kn5sm1ndyt40000gn/T//ccoD2ACQ.s:2680   .debug_str:00000000000002a3 .LASF134
/var/folders/46/ql4w1ss91p1__kn5sm1ndyt40000gn/T//ccoD2ACQ.s:2868   .debug_str:00000000000006bb .LASF135
GAS LISTING /var/folders/46/ql4w1ss91p1__kn5sm1ndyt40000gn/T//ccoD2ACQ.s 			page 6


/var/folders/46/ql4w1ss91p1__kn5sm1ndyt40000gn/T//ccoD2ACQ.s:2896   .debug_str:0000000000000738 .LASF136
/var/folders/46/ql4w1ss91p1__kn5sm1ndyt40000gn/T//ccoD2ACQ.s:2688   .debug_str:00000000000002cc .LASF137
/var/folders/46/ql4w1ss91p1__kn5sm1ndyt40000gn/T//ccoD2ACQ.s:2744   .debug_str:00000000000003bd .LASF138
/var/folders/46/ql4w1ss91p1__kn5sm1ndyt40000gn/T//ccoD2ACQ.s:2694   .debug_str:00000000000002e0 .LASF139
/var/folders/46/ql4w1ss91p1__kn5sm1ndyt40000gn/T//ccoD2ACQ.s:2648   .debug_str:0000000000000217 .LASF140
/var/folders/46/ql4w1ss91p1__kn5sm1ndyt40000gn/T//ccoD2ACQ.s:2556   .debug_str:0000000000000032 .LASF141
/var/folders/46/ql4w1ss91p1__kn5sm1ndyt40000gn/T//ccoD2ACQ.s:2552   .debug_str:0000000000000022 .LASF142
/var/folders/46/ql4w1ss91p1__kn5sm1ndyt40000gn/T//ccoD2ACQ.s:2708   .debug_str:0000000000000329 .LASF143
/var/folders/46/ql4w1ss91p1__kn5sm1ndyt40000gn/T//ccoD2ACQ.s:2728   .debug_str:0000000000000378 .LASF144
/var/folders/46/ql4w1ss91p1__kn5sm1ndyt40000gn/T//ccoD2ACQ.s:2732   .debug_str:000000000000038b .LASF145
/var/folders/46/ql4w1ss91p1__kn5sm1ndyt40000gn/T//ccoD2ACQ.s:2828   .debug_str:0000000000000580 .LASF146
/var/folders/46/ql4w1ss91p1__kn5sm1ndyt40000gn/T//ccoD2ACQ.s:2882   .debug_str:00000000000006f9 .LASF147
/var/folders/46/ql4w1ss91p1__kn5sm1ndyt40000gn/T//ccoD2ACQ.s:2720   .debug_str:0000000000000355 .LASF148
/var/folders/46/ql4w1ss91p1__kn5sm1ndyt40000gn/T//ccoD2ACQ.s:2750   .debug_str:00000000000003d4 .LASF149
/var/folders/46/ql4w1ss91p1__kn5sm1ndyt40000gn/T//ccoD2ACQ.s:2560   .debug_str:0000000000000044 .LASF150
/var/folders/46/ql4w1ss91p1__kn5sm1ndyt40000gn/T//ccoD2ACQ.s:2586   .debug_str:00000000000000dc .LASF151
/var/folders/46/ql4w1ss91p1__kn5sm1ndyt40000gn/T//ccoD2ACQ.s:2592   .debug_str:00000000000000fb .LASF152
/var/folders/46/ql4w1ss91p1__kn5sm1ndyt40000gn/T//ccoD2ACQ.s:2562   .debug_str:000000000000004e .LASF153
/var/folders/46/ql4w1ss91p1__kn5sm1ndyt40000gn/T//ccoD2ACQ.s:2760   .debug_str:0000000000000452 .LASF154
/var/folders/46/ql4w1ss91p1__kn5sm1ndyt40000gn/T//ccoD2ACQ.s:2838   .debug_str:00000000000005a8 .LASF155
/var/folders/46/ql4w1ss91p1__kn5sm1ndyt40000gn/T//ccoD2ACQ.s:2754   .debug_str:00000000000003f0 .LASF156
/var/folders/46/ql4w1ss91p1__kn5sm1ndyt40000gn/T//ccoD2ACQ.s:2690   .debug_str:00000000000002d2 .LASF157
/var/folders/46/ql4w1ss91p1__kn5sm1ndyt40000gn/T//ccoD2ACQ.s:2564   .debug_str:0000000000000055 .LASF158
/var/folders/46/ql4w1ss91p1__kn5sm1ndyt40000gn/T//ccoD2ACQ.s:2884   .debug_str:0000000000000700 .LASF159
/var/folders/46/ql4w1ss91p1__kn5sm1ndyt40000gn/T//ccoD2ACQ.s:2718   .debug_str:000000000000034d .LASF160
/var/folders/46/ql4w1ss91p1__kn5sm1ndyt40000gn/T//ccoD2ACQ.s:2818   .debug_str:0000000000000558 .LASF161
/var/folders/46/ql4w1ss91p1__kn5sm1ndyt40000gn/T//ccoD2ACQ.s:2668   .debug_str:000000000000026e .LASF162
/var/folders/46/ql4w1ss91p1__kn5sm1ndyt40000gn/T//ccoD2ACQ.s:2892   .debug_str:0000000000000725 .LASF163
/var/folders/46/ql4w1ss91p1__kn5sm1ndyt40000gn/T//ccoD2ACQ.s:2670   .debug_str:0000000000000278 .LASF164
/var/folders/46/ql4w1ss91p1__kn5sm1ndyt40000gn/T//ccoD2ACQ.s:2786   .debug_str:00000000000004c6 .LASF165
/var/folders/46/ql4w1ss91p1__kn5sm1ndyt40000gn/T//ccoD2ACQ.s:2618   .debug_str:0000000000000170 .LASF166
/var/folders/46/ql4w1ss91p1__kn5sm1ndyt40000gn/T//ccoD2ACQ.s:2770   .debug_str:000000000000047d .LASF167
/var/folders/46/ql4w1ss91p1__kn5sm1ndyt40000gn/T//ccoD2ACQ.s:2574   .debug_str:0000000000000099 .LASF168
/var/folders/46/ql4w1ss91p1__kn5sm1ndyt40000gn/T//ccoD2ACQ.s:2824   .debug_str:000000000000056d .LASF169
/var/folders/46/ql4w1ss91p1__kn5sm1ndyt40000gn/T//ccoD2ACQ.s:2626   .debug_str:0000000000000190 .LASF174
/var/folders/46/ql4w1ss91p1__kn5sm1ndyt40000gn/T//ccoD2ACQ.s:14     .text._fstat:0000000000000000 .LFB1
/var/folders/46/ql4w1ss91p1__kn5sm1ndyt40000gn/T//ccoD2ACQ.s:60     .text._fstat:0000000000000022 .LFE1
/var/folders/46/ql4w1ss91p1__kn5sm1ndyt40000gn/T//ccoD2ACQ.s:2464   .debug_loc:0000000000000000 .LLST0
/var/folders/46/ql4w1ss91p1__kn5sm1ndyt40000gn/T//ccoD2ACQ.s:2487   .debug_loc:0000000000000038 .LLST1
/var/folders/46/ql4w1ss91p1__kn5sm1ndyt40000gn/T//ccoD2ACQ.s:2501   .debug_loc:0000000000000059 .LLST2
/var/folders/46/ql4w1ss91p1__kn5sm1ndyt40000gn/T//ccoD2ACQ.s:30     .text._fstat:000000000000000e .LVL1
/var/folders/46/ql4w1ss91p1__kn5sm1ndyt40000gn/T//ccoD2ACQ.s:2580   .debug_str:00000000000000b7 .LASF175
/var/folders/46/ql4w1ss91p1__kn5sm1ndyt40000gn/T//ccoD2ACQ.s:2714   .debug_str:000000000000033e .LASF176
/var/folders/46/ql4w1ss91p1__kn5sm1ndyt40000gn/T//ccoD2ACQ.s:22     .text._fstat:0000000000000002 .LCFI0
/var/folders/46/ql4w1ss91p1__kn5sm1ndyt40000gn/T//ccoD2ACQ.s:48     .text._fstat:000000000000001c .LCFI1
/var/folders/46/ql4w1ss91p1__kn5sm1ndyt40000gn/T//ccoD2ACQ.s:54     .text._fstat:000000000000001e .LCFI2
/var/folders/46/ql4w1ss91p1__kn5sm1ndyt40000gn/T//ccoD2ACQ.s:18     .text._fstat:0000000000000000 .LVL0
/var/folders/46/ql4w1ss91p1__kn5sm1ndyt40000gn/T//ccoD2ACQ.s:50     .text._fstat:000000000000001c .LVL2
/var/folders/46/ql4w1ss91p1__kn5sm1ndyt40000gn/T//ccoD2ACQ.s:52     .text._fstat:000000000000001e .LVL3
/var/folders/46/ql4w1ss91p1__kn5sm1ndyt40000gn/T//ccoD2ACQ.s:77     .debug_info:0000000000000000 .Ldebug_info0
>>>>>>> 9da4b36 (s)

UNDEFINED SYMBOLS
isatty
