<<<<<<< HEAD
GAS LISTING /var/folders/46/ql4w1ss91p1__kn5sm1ndyt40000gn/T//cc1hqS9Q.s 			page 1
=======
GAS LISTING /var/folders/46/ql4w1ss91p1__kn5sm1ndyt40000gn/T//ccIbHLyw.s 			page 1
>>>>>>> 9da4b36 (s)


   1              		.file	"handlers.c"
   2              		.option nopic
   3              		.attribute arch, "rv32i2p0_m2p0_a2p0_c2p0"
   4              		.attribute unaligned_access, 0
   5              		.attribute stack_align, 16
   6              		.text
   7              	.Ltext0:
   8              		.cfi_sections	.debug_frame
   9              		.section	.text.handle_nmi,"ax",@progbits
  10              		.align	1
  11              		.weak	handle_nmi
  13              	handle_nmi:
  14              	.LFB5:
  15              		.file 1 "../../firmware/RISCV/env_Eclipse/handlers.c"
   1:../../firmware/RISCV/env_Eclipse/handlers.c **** //See LICENSE for license details.
   2:../../firmware/RISCV/env_Eclipse/handlers.c **** #include <stdint.h>
   3:../../firmware/RISCV/env_Eclipse/handlers.c **** #include <stdio.h>
   4:../../firmware/RISCV/env_Eclipse/handlers.c **** #include <unistd.h>
   5:../../firmware/RISCV/env_Eclipse/handlers.c **** #include "riscv_encoding.h"
   6:../../firmware/RISCV/env_Eclipse/handlers.c **** #include "n200_func.h"
   7:../../firmware/RISCV/env_Eclipse/handlers.c **** 
   8:../../firmware/RISCV/env_Eclipse/handlers.c **** __attribute__((weak)) uintptr_t handle_nmi()
   9:../../firmware/RISCV/env_Eclipse/handlers.c **** {
  16              		.loc 1 9 1
  17              		.cfi_startproc
  10:../../firmware/RISCV/env_Eclipse/handlers.c ****   write(1, "nmi\n", 5);
  18              		.loc 1 10 3
  19 0000 B7050000 		lui	a1,%hi(.LC0)
   9:../../firmware/RISCV/env_Eclipse/handlers.c ****   write(1, "nmi\n", 5);
  20              		.loc 1 9 1 is_stmt 0
  21 0004 4111     		addi	sp,sp,-16
  22              	.LCFI0:
  23              		.cfi_def_cfa_offset 16
  24              		.loc 1 10 3
  25 0006 1546     		li	a2,5
  26 0008 93850500 		addi	a1,a1,%lo(.LC0)
  27 000c 0545     		li	a0,1
   9:../../firmware/RISCV/env_Eclipse/handlers.c ****   write(1, "nmi\n", 5);
  28              		.loc 1 9 1
  29 000e 06C6     		sw	ra,12(sp)
  30              		.cfi_offset 1, -4
  31              		.loc 1 10 3
  32 0010 97000000 		call	write
  32      E7800000 
  33              	.LVL0:
  11:../../firmware/RISCV/env_Eclipse/handlers.c ****   _exit(1);
  34              		.loc 1 11 3 is_stmt 1
  35 0018 0545     		li	a0,1
  36 001a 97000000 		call	_exit
  36      E7800000 
  37              	.LVL1:
  38              		.cfi_endproc
  39              	.LFE5:
  41              		.section	.text.handle_trap,"ax",@progbits
  42              		.align	1
  43              		.weak	handle_trap
  45              	handle_trap:
<<<<<<< HEAD
GAS LISTING /var/folders/46/ql4w1ss91p1__kn5sm1ndyt40000gn/T//cc1hqS9Q.s 			page 2
=======
GAS LISTING /var/folders/46/ql4w1ss91p1__kn5sm1ndyt40000gn/T//ccIbHLyw.s 			page 2
>>>>>>> 9da4b36 (s)


  46              	.LFB6:
  12:../../firmware/RISCV/env_Eclipse/handlers.c ****   return 0;
  13:../../firmware/RISCV/env_Eclipse/handlers.c **** }
  14:../../firmware/RISCV/env_Eclipse/handlers.c **** 
  15:../../firmware/RISCV/env_Eclipse/handlers.c **** 
  16:../../firmware/RISCV/env_Eclipse/handlers.c **** __attribute__((weak)) uintptr_t handle_trap(uintptr_t mcause, uintptr_t sp)
  17:../../firmware/RISCV/env_Eclipse/handlers.c **** {
  47              		.loc 1 17 1
  48              		.cfi_startproc
  49              	.LVL2:
  18:../../firmware/RISCV/env_Eclipse/handlers.c ****   if((mcause & 0xFFF) == 0xFFF) {
  50              		.loc 1 18 3
  17:../../firmware/RISCV/env_Eclipse/handlers.c ****   if((mcause & 0xFFF) == 0xFFF) {
  51              		.loc 1 17 1 is_stmt 0
  52 0000 4111     		addi	sp,sp,-16
  53              	.LCFI1:
  54              		.cfi_def_cfa_offset 16
  55              		.loc 1 18 14
  56 0002 9347F5FF 		not	a5,a0
  17:../../firmware/RISCV/env_Eclipse/handlers.c ****   if((mcause & 0xFFF) == 0xFFF) {
  57              		.loc 1 17 1
  58 0006 22C4     		sw	s0,8(sp)
  59 0008 06C6     		sw	ra,12(sp)
  60              		.cfi_offset 8, -8
  61              		.cfi_offset 1, -4
  62              		.loc 1 18 5
  63 000a 13974701 		slli	a4,a5,20
  17:../../firmware/RISCV/env_Eclipse/handlers.c ****   if((mcause & 0xFFF) == 0xFFF) {
  64              		.loc 1 17 1
  65 000e 2A84     		mv	s0,a0
  66              		.loc 1 18 5
  67 0010 09E7     		bne	a4,zero,.L4
  19:../../firmware/RISCV/env_Eclipse/handlers.c ****       handle_nmi();
  68              		.loc 1 19 7 is_stmt 1
  69 0012 97000000 		call	handle_nmi
  69      E7800000 
  70              	.LVL3:
  71              	.L4:
  20:../../firmware/RISCV/env_Eclipse/handlers.c ****   }
  21:../../firmware/RISCV/env_Eclipse/handlers.c ****   write(1, "trap\n", 5);
  72              		.loc 1 21 3
  73 001a B7050000 		lui	a1,%hi(.LC1)
  74 001e 1546     		li	a2,5
  75 0020 93850500 		addi	a1,a1,%lo(.LC1)
  76 0024 0545     		li	a0,1
  77 0026 97000000 		call	write
  77      E7800000 
  78              	.LVL4:
  22:../../firmware/RISCV/env_Eclipse/handlers.c ****   //printf("In trap handler, the mcause is %d\n", mcause);
  23:../../firmware/RISCV/env_Eclipse/handlers.c ****   //printf("In trap handler, the mepc is 0x%x\n", read_csr(mepc));
  24:../../firmware/RISCV/env_Eclipse/handlers.c ****   //printf("In trap handler, the mtval is 0x%x\n", read_csr(mbadaddr));
  25:../../firmware/RISCV/env_Eclipse/handlers.c ****   _exit(mcause);
  79              		.loc 1 25 3
  80 002e 2285     		mv	a0,s0
  81 0030 97000000 		call	_exit
  81      E7800000 
  82              	.LVL5:
<<<<<<< HEAD
GAS LISTING /var/folders/46/ql4w1ss91p1__kn5sm1ndyt40000gn/T//cc1hqS9Q.s 			page 3
=======
GAS LISTING /var/folders/46/ql4w1ss91p1__kn5sm1ndyt40000gn/T//ccIbHLyw.s 			page 3
>>>>>>> 9da4b36 (s)


  83              		.cfi_endproc
  84              	.LFE6:
  86              		.section	.rodata.handle_nmi.str1.4,"aMS",@progbits,1
  87              		.align	2
  88              	.LC0:
  89 0000 6E6D690A 		.string	"nmi\n"
  89      00
  90              		.section	.rodata.handle_trap.str1.4,"aMS",@progbits,1
  91              		.align	2
  92              	.LC1:
  93 0000 74726170 		.string	"trap\n"
  93      0A00
  94              		.text
  95              	.Letext0:
<<<<<<< HEAD
  96              		.file 2 "/Users/robin/Documents/GitHub/KTH-programing/Mikrodata/toolchain-gd32v-v202-osx/compiler/
  97              		.file 3 "/Users/robin/Documents/GitHub/KTH-programing/Mikrodata/toolchain-gd32v-v202-osx/compiler/
  98              		.file 4 "/Users/robin/Documents/GitHub/KTH-programing/Mikrodata/toolchain-gd32v-v202-osx/compiler/
  99              		.file 5 "/Users/robin/Documents/GitHub/KTH-programing/Mikrodata/toolchain-gd32v-v202-osx/compiler/
 100              		.file 6 "/Users/robin/Documents/GitHub/KTH-programing/Mikrodata/toolchain-gd32v-v202-osx/compiler/
 101              		.file 7 "/Users/robin/Documents/GitHub/KTH-programing/Mikrodata/toolchain-gd32v-v202-osx/compiler/
 102              		.file 8 "/Users/robin/Documents/GitHub/KTH-programing/Mikrodata/toolchain-gd32v-v202-osx/compiler/
GAS LISTING /var/folders/46/ql4w1ss91p1__kn5sm1ndyt40000gn/T//cc1hqS9Q.s 			page 4
=======
  96              		.file 2 "/Users/robin/KTH-programing/Mikrodata/toolchain-gd32v-v202-osx/compiler/riscv64-unknown-e
  97              		.file 3 "/Users/robin/KTH-programing/Mikrodata/toolchain-gd32v-v202-osx/compiler/riscv64-unknown-e
  98              		.file 4 "/Users/robin/KTH-programing/Mikrodata/toolchain-gd32v-v202-osx/compiler/lib/gcc/riscv64-u
  99              		.file 5 "/Users/robin/KTH-programing/Mikrodata/toolchain-gd32v-v202-osx/compiler/riscv64-unknown-e
 100              		.file 6 "/Users/robin/KTH-programing/Mikrodata/toolchain-gd32v-v202-osx/compiler/riscv64-unknown-e
 101              		.file 7 "/Users/robin/KTH-programing/Mikrodata/toolchain-gd32v-v202-osx/compiler/riscv64-unknown-e
 102              		.file 8 "/Users/robin/KTH-programing/Mikrodata/toolchain-gd32v-v202-osx/compiler/riscv64-unknown-e
GAS LISTING /var/folders/46/ql4w1ss91p1__kn5sm1ndyt40000gn/T//ccIbHLyw.s 			page 4
>>>>>>> 9da4b36 (s)


DEFINED SYMBOLS
                            *ABS*:0000000000000000 handlers.c
<<<<<<< HEAD
/var/folders/46/ql4w1ss91p1__kn5sm1ndyt40000gn/T//cc1hqS9Q.s:13     .text.handle_nmi:0000000000000000 handle_nmi
/var/folders/46/ql4w1ss91p1__kn5sm1ndyt40000gn/T//cc1hqS9Q.s:17     .text.handle_nmi:0000000000000000 .L0 
/var/folders/46/ql4w1ss91p1__kn5sm1ndyt40000gn/T//cc1hqS9Q.s:18     .text.handle_nmi:0000000000000000 .L0 
/var/folders/46/ql4w1ss91p1__kn5sm1ndyt40000gn/T//cc1hqS9Q.s:19     .text.handle_nmi:0000000000000000 .L0 
/var/folders/46/ql4w1ss91p1__kn5sm1ndyt40000gn/T//cc1hqS9Q.s:21     .text.handle_nmi:0000000000000004 .L0 
/var/folders/46/ql4w1ss91p1__kn5sm1ndyt40000gn/T//cc1hqS9Q.s:23     .text.handle_nmi:0000000000000006 .L0 
/var/folders/46/ql4w1ss91p1__kn5sm1ndyt40000gn/T//cc1hqS9Q.s:25     .text.handle_nmi:0000000000000006 .L0 
/var/folders/46/ql4w1ss91p1__kn5sm1ndyt40000gn/T//cc1hqS9Q.s:29     .text.handle_nmi:000000000000000e .L0 
/var/folders/46/ql4w1ss91p1__kn5sm1ndyt40000gn/T//cc1hqS9Q.s:30     .text.handle_nmi:0000000000000010 .L0 
/var/folders/46/ql4w1ss91p1__kn5sm1ndyt40000gn/T//cc1hqS9Q.s:32     .text.handle_nmi:0000000000000010 .L0 
/var/folders/46/ql4w1ss91p1__kn5sm1ndyt40000gn/T//cc1hqS9Q.s:35     .text.handle_nmi:0000000000000018 .L0 
/var/folders/46/ql4w1ss91p1__kn5sm1ndyt40000gn/T//cc1hqS9Q.s:38     .text.handle_nmi:0000000000000022 .L0 
/var/folders/46/ql4w1ss91p1__kn5sm1ndyt40000gn/T//cc1hqS9Q.s:45     .text.handle_trap:0000000000000000 handle_trap
/var/folders/46/ql4w1ss91p1__kn5sm1ndyt40000gn/T//cc1hqS9Q.s:48     .text.handle_trap:0000000000000000 .L0 
/var/folders/46/ql4w1ss91p1__kn5sm1ndyt40000gn/T//cc1hqS9Q.s:50     .text.handle_trap:0000000000000000 .L0 
/var/folders/46/ql4w1ss91p1__kn5sm1ndyt40000gn/T//cc1hqS9Q.s:51     .text.handle_trap:0000000000000000 .L0 
/var/folders/46/ql4w1ss91p1__kn5sm1ndyt40000gn/T//cc1hqS9Q.s:52     .text.handle_trap:0000000000000000 .L0 
/var/folders/46/ql4w1ss91p1__kn5sm1ndyt40000gn/T//cc1hqS9Q.s:54     .text.handle_trap:0000000000000002 .L0 
/var/folders/46/ql4w1ss91p1__kn5sm1ndyt40000gn/T//cc1hqS9Q.s:56     .text.handle_trap:0000000000000002 .L0 
/var/folders/46/ql4w1ss91p1__kn5sm1ndyt40000gn/T//cc1hqS9Q.s:58     .text.handle_trap:0000000000000006 .L0 
/var/folders/46/ql4w1ss91p1__kn5sm1ndyt40000gn/T//cc1hqS9Q.s:60     .text.handle_trap:000000000000000a .L0 
/var/folders/46/ql4w1ss91p1__kn5sm1ndyt40000gn/T//cc1hqS9Q.s:61     .text.handle_trap:000000000000000a .L0 
/var/folders/46/ql4w1ss91p1__kn5sm1ndyt40000gn/T//cc1hqS9Q.s:63     .text.handle_trap:000000000000000a .L0 
/var/folders/46/ql4w1ss91p1__kn5sm1ndyt40000gn/T//cc1hqS9Q.s:65     .text.handle_trap:000000000000000e .L0 
/var/folders/46/ql4w1ss91p1__kn5sm1ndyt40000gn/T//cc1hqS9Q.s:67     .text.handle_trap:0000000000000010 .L0 
/var/folders/46/ql4w1ss91p1__kn5sm1ndyt40000gn/T//cc1hqS9Q.s:69     .text.handle_trap:0000000000000012 .L0 
/var/folders/46/ql4w1ss91p1__kn5sm1ndyt40000gn/T//cc1hqS9Q.s:73     .text.handle_trap:000000000000001a .L0 
/var/folders/46/ql4w1ss91p1__kn5sm1ndyt40000gn/T//cc1hqS9Q.s:80     .text.handle_trap:000000000000002e .L0 
/var/folders/46/ql4w1ss91p1__kn5sm1ndyt40000gn/T//cc1hqS9Q.s:83     .text.handle_trap:0000000000000038 .L0 
/var/folders/46/ql4w1ss91p1__kn5sm1ndyt40000gn/T//cc1hqS9Q.s:41     .text.handle_nmi:0000000000000022 .L0 
/var/folders/46/ql4w1ss91p1__kn5sm1ndyt40000gn/T//cc1hqS9Q.s:86     .text.handle_trap:0000000000000038 .L0 
                     .debug_frame:0000000000000000 .L0 
/var/folders/46/ql4w1ss91p1__kn5sm1ndyt40000gn/T//cc1hqS9Q.s:88     .rodata.handle_nmi.str1.4:0000000000000000 .LC0
/var/folders/46/ql4w1ss91p1__kn5sm1ndyt40000gn/T//cc1hqS9Q.s:92     .rodata.handle_trap.str1.4:0000000000000000 .LC1
/var/folders/46/ql4w1ss91p1__kn5sm1ndyt40000gn/T//cc1hqS9Q.s:71     .text.handle_trap:000000000000001a .L4
/var/folders/46/ql4w1ss91p1__kn5sm1ndyt40000gn/T//cc1hqS9Q.s:1676   .debug_abbrev:0000000000000000 .Ldebug_abbrev0
/var/folders/46/ql4w1ss91p1__kn5sm1ndyt40000gn/T//cc1hqS9Q.s:2535   .debug_str:00000000000004ae .LASF131
/var/folders/46/ql4w1ss91p1__kn5sm1ndyt40000gn/T//cc1hqS9Q.s:2381   .debug_str:00000000000001d6 .LASF132
/var/folders/46/ql4w1ss91p1__kn5sm1ndyt40000gn/T//cc1hqS9Q.s:2315   .debug_str:0000000000000027 .LASF133
/var/folders/46/ql4w1ss91p1__kn5sm1ndyt40000gn/T//cc1hqS9Q.s:2297   .debug_ranges:0000000000000000 .Ldebug_ranges0
/var/folders/46/ql4w1ss91p1__kn5sm1ndyt40000gn/T//cc1hqS9Q.s:2305   .debug_line:0000000000000000 .Ldebug_line0
/var/folders/46/ql4w1ss91p1__kn5sm1ndyt40000gn/T//cc1hqS9Q.s:2345   .debug_str:0000000000000132 .LASF0
/var/folders/46/ql4w1ss91p1__kn5sm1ndyt40000gn/T//cc1hqS9Q.s:2467   .debug_str:0000000000000382 .LASF1
/var/folders/46/ql4w1ss91p1__kn5sm1ndyt40000gn/T//cc1hqS9Q.s:2473   .debug_str:000000000000039e .LASF2
/var/folders/46/ql4w1ss91p1__kn5sm1ndyt40000gn/T//cc1hqS9Q.s:2417   .debug_str:0000000000000294 .LASF3
/var/folders/46/ql4w1ss91p1__kn5sm1ndyt40000gn/T//cc1hqS9Q.s:2361   .debug_str:0000000000000177 .LASF4
/var/folders/46/ql4w1ss91p1__kn5sm1ndyt40000gn/T//cc1hqS9Q.s:2409   .debug_str:000000000000026e .LASF5
/var/folders/46/ql4w1ss91p1__kn5sm1ndyt40000gn/T//cc1hqS9Q.s:2343   .debug_str:0000000000000124 .LASF6
/var/folders/46/ql4w1ss91p1__kn5sm1ndyt40000gn/T//cc1hqS9Q.s:2329   .debug_str:00000000000000cd .LASF7
/var/folders/46/ql4w1ss91p1__kn5sm1ndyt40000gn/T//cc1hqS9Q.s:2487   .debug_str:00000000000003d9 .LASF9
/var/folders/46/ql4w1ss91p1__kn5sm1ndyt40000gn/T//cc1hqS9Q.s:2401   .debug_str:000000000000024a .LASF8
/var/folders/46/ql4w1ss91p1__kn5sm1ndyt40000gn/T//cc1hqS9Q.s:2311   .debug_str:0000000000000012 .LASF10
/var/folders/46/ql4w1ss91p1__kn5sm1ndyt40000gn/T//cc1hqS9Q.s:2449   .debug_str:0000000000000329 .LASF11
/var/folders/46/ql4w1ss91p1__kn5sm1ndyt40000gn/T//cc1hqS9Q.s:2431   .debug_str:00000000000002df .LASF12
/var/folders/46/ql4w1ss91p1__kn5sm1ndyt40000gn/T//cc1hqS9Q.s:2461   .debug_str:000000000000035f .LASF13
GAS LISTING /var/folders/46/ql4w1ss91p1__kn5sm1ndyt40000gn/T//cc1hqS9Q.s 			page 5


/var/folders/46/ql4w1ss91p1__kn5sm1ndyt40000gn/T//cc1hqS9Q.s:2519   .debug_str:0000000000000471 .LASF14
/var/folders/46/ql4w1ss91p1__kn5sm1ndyt40000gn/T//cc1hqS9Q.s:2555   .debug_str:000000000000058e .LASF15
/var/folders/46/ql4w1ss91p1__kn5sm1ndyt40000gn/T//cc1hqS9Q.s:2427   .debug_str:00000000000002d1 .LASF16
/var/folders/46/ql4w1ss91p1__kn5sm1ndyt40000gn/T//cc1hqS9Q.s:2403   .debug_str:0000000000000257 .LASF17
/var/folders/46/ql4w1ss91p1__kn5sm1ndyt40000gn/T//cc1hqS9Q.s:2511   .debug_str:000000000000044f .LASF18
/var/folders/46/ql4w1ss91p1__kn5sm1ndyt40000gn/T//cc1hqS9Q.s:2513   .debug_str:0000000000000457 .LASF19
/var/folders/46/ql4w1ss91p1__kn5sm1ndyt40000gn/T//cc1hqS9Q.s:2483   .debug_str:00000000000003c6 .LASF20
/var/folders/46/ql4w1ss91p1__kn5sm1ndyt40000gn/T//cc1hqS9Q.s:2541   .debug_str:0000000000000544 .LASF21
/var/folders/46/ql4w1ss91p1__kn5sm1ndyt40000gn/T//cc1hqS9Q.s:2465   .debug_str:0000000000000370 .LASF22
/var/folders/46/ql4w1ss91p1__kn5sm1ndyt40000gn/T//cc1hqS9Q.s:2387   .debug_str:000000000000020d .LASF23
/var/folders/46/ql4w1ss91p1__kn5sm1ndyt40000gn/T//cc1hqS9Q.s:2391   .debug_str:000000000000021e .LASF28
/var/folders/46/ql4w1ss91p1__kn5sm1ndyt40000gn/T//cc1hqS9Q.s:2531   .debug_str:000000000000049b .LASF24
/var/folders/46/ql4w1ss91p1__kn5sm1ndyt40000gn/T//cc1hqS9Q.s:2503   .debug_str:0000000000000432 .LASF25
/var/folders/46/ql4w1ss91p1__kn5sm1ndyt40000gn/T//cc1hqS9Q.s:2385   .debug_str:0000000000000207 .LASF26
/var/folders/46/ql4w1ss91p1__kn5sm1ndyt40000gn/T//cc1hqS9Q.s:2549   .debug_str:0000000000000579 .LASF27
/var/folders/46/ql4w1ss91p1__kn5sm1ndyt40000gn/T//cc1hqS9Q.s:2399   .debug_str:0000000000000245 .LASF29
/var/folders/46/ql4w1ss91p1__kn5sm1ndyt40000gn/T//cc1hqS9Q.s:2339   .debug_str:0000000000000115 .LASF30
/var/folders/46/ql4w1ss91p1__kn5sm1ndyt40000gn/T//cc1hqS9Q.s:2525   .debug_str:0000000000000485 .LASF31
/var/folders/46/ql4w1ss91p1__kn5sm1ndyt40000gn/T//cc1hqS9Q.s:2351   .debug_str:000000000000014a .LASF32
/var/folders/46/ql4w1ss91p1__kn5sm1ndyt40000gn/T//cc1hqS9Q.s:2579   .debug_str:00000000000005f9 .LASF33
/var/folders/46/ql4w1ss91p1__kn5sm1ndyt40000gn/T//cc1hqS9Q.s:2455   .debug_str:0000000000000343 .LASF34
/var/folders/46/ql4w1ss91p1__kn5sm1ndyt40000gn/T//cc1hqS9Q.s:2443   .debug_str:000000000000030f .LASF35
/var/folders/46/ql4w1ss91p1__kn5sm1ndyt40000gn/T//cc1hqS9Q.s:2551   .debug_str:000000000000057e .LASF36
/var/folders/46/ql4w1ss91p1__kn5sm1ndyt40000gn/T//cc1hqS9Q.s:2475   .debug_str:00000000000003a8 .LASF37
/var/folders/46/ql4w1ss91p1__kn5sm1ndyt40000gn/T//cc1hqS9Q.s:2565   .debug_str:00000000000005b9 .LASF38
/var/folders/46/ql4w1ss91p1__kn5sm1ndyt40000gn/T//cc1hqS9Q.s:2355   .debug_str:0000000000000159 .LASF39
/var/folders/46/ql4w1ss91p1__kn5sm1ndyt40000gn/T//cc1hqS9Q.s:2379   .debug_str:00000000000001ce .LASF40
/var/folders/46/ql4w1ss91p1__kn5sm1ndyt40000gn/T//cc1hqS9Q.s:2307   .debug_str:0000000000000000 .LASF41
/var/folders/46/ql4w1ss91p1__kn5sm1ndyt40000gn/T//cc1hqS9Q.s:2537   .debug_str:0000000000000536 .LASF42
/var/folders/46/ql4w1ss91p1__kn5sm1ndyt40000gn/T//cc1hqS9Q.s:2365   .debug_str:0000000000000187 .LASF43
/var/folders/46/ql4w1ss91p1__kn5sm1ndyt40000gn/T//cc1hqS9Q.s:2457   .debug_str:000000000000034c .LASF44
/var/folders/46/ql4w1ss91p1__kn5sm1ndyt40000gn/T//cc1hqS9Q.s:2495   .debug_str:0000000000000402 .LASF45
/var/folders/46/ql4w1ss91p1__kn5sm1ndyt40000gn/T//cc1hqS9Q.s:2383   .debug_str:0000000000000202 .LASF46
/var/folders/46/ql4w1ss91p1__kn5sm1ndyt40000gn/T//cc1hqS9Q.s:2477   .debug_str:00000000000003b2 .LASF47
/var/folders/46/ql4w1ss91p1__kn5sm1ndyt40000gn/T//cc1hqS9Q.s:2349   .debug_str:0000000000000144 .LASF48
/var/folders/46/ql4w1ss91p1__kn5sm1ndyt40000gn/T//cc1hqS9Q.s:2309   .debug_str:000000000000000c .LASF49
/var/folders/46/ql4w1ss91p1__kn5sm1ndyt40000gn/T//cc1hqS9Q.s:2485   .debug_str:00000000000003d1 .LASF50
/var/folders/46/ql4w1ss91p1__kn5sm1ndyt40000gn/T//cc1hqS9Q.s:2363   .debug_str:0000000000000180 .LASF51
/var/folders/46/ql4w1ss91p1__kn5sm1ndyt40000gn/T//cc1hqS9Q.s:2411   .debug_str:0000000000000280 .LASF52
/var/folders/46/ql4w1ss91p1__kn5sm1ndyt40000gn/T//cc1hqS9Q.s:2331   .debug_str:00000000000000e4 .LASF53
/var/folders/46/ql4w1ss91p1__kn5sm1ndyt40000gn/T//cc1hqS9Q.s:2357   .debug_str:0000000000000167 .LASF54
/var/folders/46/ql4w1ss91p1__kn5sm1ndyt40000gn/T//cc1hqS9Q.s:2395   .debug_str:0000000000000235 .LASF55
/var/folders/46/ql4w1ss91p1__kn5sm1ndyt40000gn/T//cc1hqS9Q.s:2441   .debug_str:0000000000000308 .LASF56
/var/folders/46/ql4w1ss91p1__kn5sm1ndyt40000gn/T//cc1hqS9Q.s:2515   .debug_str:000000000000045f .LASF57
/var/folders/46/ql4w1ss91p1__kn5sm1ndyt40000gn/T//cc1hqS9Q.s:2569   .debug_str:00000000000005d3 .LASF58
/var/folders/46/ql4w1ss91p1__kn5sm1ndyt40000gn/T//cc1hqS9Q.s:2347   .debug_str:000000000000013e .LASF59
/var/folders/46/ql4w1ss91p1__kn5sm1ndyt40000gn/T//cc1hqS9Q.s:2561   .debug_str:00000000000005ab .LASF60
/var/folders/46/ql4w1ss91p1__kn5sm1ndyt40000gn/T//cc1hqS9Q.s:2369   .debug_str:0000000000000196 .LASF61
/var/folders/46/ql4w1ss91p1__kn5sm1ndyt40000gn/T//cc1hqS9Q.s:2373   .debug_str:00000000000001a7 .LASF62
/var/folders/46/ql4w1ss91p1__kn5sm1ndyt40000gn/T//cc1hqS9Q.s:2323   .debug_str:00000000000000a7 .LASF63
/var/folders/46/ql4w1ss91p1__kn5sm1ndyt40000gn/T//cc1hqS9Q.s:2435   .debug_str:00000000000002f1 .LASF64
/var/folders/46/ql4w1ss91p1__kn5sm1ndyt40000gn/T//cc1hqS9Q.s:2319   .debug_str:0000000000000092 .LASF65
/var/folders/46/ql4w1ss91p1__kn5sm1ndyt40000gn/T//cc1hqS9Q.s:2437   .debug_str:00000000000002f7 .LASF66
/var/folders/46/ql4w1ss91p1__kn5sm1ndyt40000gn/T//cc1hqS9Q.s:2505   .debug_str:000000000000043a .LASF67
/var/folders/46/ql4w1ss91p1__kn5sm1ndyt40000gn/T//cc1hqS9Q.s:2521   .debug_str:0000000000000479 .LASF68
/var/folders/46/ql4w1ss91p1__kn5sm1ndyt40000gn/T//cc1hqS9Q.s:2367   .debug_str:000000000000018f .LASF69
/var/folders/46/ql4w1ss91p1__kn5sm1ndyt40000gn/T//cc1hqS9Q.s:2405   .debug_str:000000000000025e .LASF70
GAS LISTING /var/folders/46/ql4w1ss91p1__kn5sm1ndyt40000gn/T//cc1hqS9Q.s 			page 6


/var/folders/46/ql4w1ss91p1__kn5sm1ndyt40000gn/T//cc1hqS9Q.s:2389   .debug_str:0000000000000216 .LASF71
/var/folders/46/ql4w1ss91p1__kn5sm1ndyt40000gn/T//cc1hqS9Q.s:2493   .debug_str:00000000000003fd .LASF72
/var/folders/46/ql4w1ss91p1__kn5sm1ndyt40000gn/T//cc1hqS9Q.s:2313   .debug_str:000000000000001c .LASF73
/var/folders/46/ql4w1ss91p1__kn5sm1ndyt40000gn/T//cc1hqS9Q.s:2501   .debug_str:0000000000000419 .LASF74
/var/folders/46/ql4w1ss91p1__kn5sm1ndyt40000gn/T//cc1hqS9Q.s:2497   .debug_str:0000000000000407 .LASF75
/var/folders/46/ql4w1ss91p1__kn5sm1ndyt40000gn/T//cc1hqS9Q.s:2459   .debug_str:0000000000000354 .LASF76
/var/folders/46/ql4w1ss91p1__kn5sm1ndyt40000gn/T//cc1hqS9Q.s:2499   .debug_str:000000000000040f .LASF77
/var/folders/46/ql4w1ss91p1__kn5sm1ndyt40000gn/T//cc1hqS9Q.s:2425   .debug_str:00000000000002c9 .LASF78
/var/folders/46/ql4w1ss91p1__kn5sm1ndyt40000gn/T//cc1hqS9Q.s:2397   .debug_str:000000000000023b .LASF79
/var/folders/46/ql4w1ss91p1__kn5sm1ndyt40000gn/T//cc1hqS9Q.s:2577   .debug_str:00000000000005f4 .LASF80
/var/folders/46/ql4w1ss91p1__kn5sm1ndyt40000gn/T//cc1hqS9Q.s:2463   .debug_str:0000000000000366 .LASF81
/var/folders/46/ql4w1ss91p1__kn5sm1ndyt40000gn/T//cc1hqS9Q.s:2407   .debug_str:0000000000000266 .LASF82
/var/folders/46/ql4w1ss91p1__kn5sm1ndyt40000gn/T//cc1hqS9Q.s:2371   .debug_str:000000000000019f .LASF83
/var/folders/46/ql4w1ss91p1__kn5sm1ndyt40000gn/T//cc1hqS9Q.s:2469   .debug_str:0000000000000390 .LASF84
/var/folders/46/ql4w1ss91p1__kn5sm1ndyt40000gn/T//cc1hqS9Q.s:2419   .debug_str:00000000000002a7 .LASF85
/var/folders/46/ql4w1ss91p1__kn5sm1ndyt40000gn/T//cc1hqS9Q.s:2559   .debug_str:00000000000005a1 .LASF86
/var/folders/46/ql4w1ss91p1__kn5sm1ndyt40000gn/T//cc1hqS9Q.s:2359   .debug_str:000000000000016f .LASF87
/var/folders/46/ql4w1ss91p1__kn5sm1ndyt40000gn/T//cc1hqS9Q.s:2353   .debug_str:0000000000000154 .LASF88
/var/folders/46/ql4w1ss91p1__kn5sm1ndyt40000gn/T//cc1hqS9Q.s:2523   .debug_str:0000000000000480 .LASF89
/var/folders/46/ql4w1ss91p1__kn5sm1ndyt40000gn/T//cc1hqS9Q.s:2481   .debug_str:00000000000003bf .LASF90
/var/folders/46/ql4w1ss91p1__kn5sm1ndyt40000gn/T//cc1hqS9Q.s:2553   .debug_str:0000000000000588 .LASF91
/var/folders/46/ql4w1ss91p1__kn5sm1ndyt40000gn/T//cc1hqS9Q.s:2413   .debug_str:0000000000000286 .LASF92
/var/folders/46/ql4w1ss91p1__kn5sm1ndyt40000gn/T//cc1hqS9Q.s:2479   .debug_str:00000000000003b9 .LASF93
/var/folders/46/ql4w1ss91p1__kn5sm1ndyt40000gn/T//cc1hqS9Q.s:2507   .debug_str:0000000000000441 .LASF94
/var/folders/46/ql4w1ss91p1__kn5sm1ndyt40000gn/T//cc1hqS9Q.s:2509   .debug_str:0000000000000449 .LASF95
/var/folders/46/ql4w1ss91p1__kn5sm1ndyt40000gn/T//cc1hqS9Q.s:2529   .debug_str:0000000000000495 .LASF96
/var/folders/46/ql4w1ss91p1__kn5sm1ndyt40000gn/T//cc1hqS9Q.s:2539   .debug_str:000000000000053f .LASF97
/var/folders/46/ql4w1ss91p1__kn5sm1ndyt40000gn/T//cc1hqS9Q.s:2547   .debug_str:000000000000056c .LASF98
/var/folders/46/ql4w1ss91p1__kn5sm1ndyt40000gn/T//cc1hqS9Q.s:2533   .debug_str:00000000000004a1 .LASF99
/var/folders/46/ql4w1ss91p1__kn5sm1ndyt40000gn/T//cc1hqS9Q.s:2423   .debug_str:00000000000002bc .LASF100
/var/folders/46/ql4w1ss91p1__kn5sm1ndyt40000gn/T//cc1hqS9Q.s:2567   .debug_str:00000000000005c4 .LASF101
/var/folders/46/ql4w1ss91p1__kn5sm1ndyt40000gn/T//cc1hqS9Q.s:2393   .debug_str:0000000000000226 .LASF102
/var/folders/46/ql4w1ss91p1__kn5sm1ndyt40000gn/T//cc1hqS9Q.s:2489   .debug_str:00000000000003e5 .LASF103
/var/folders/46/ql4w1ss91p1__kn5sm1ndyt40000gn/T//cc1hqS9Q.s:2571   .debug_str:00000000000005da .LASF104
/var/folders/46/ql4w1ss91p1__kn5sm1ndyt40000gn/T//cc1hqS9Q.s:2491   .debug_str:00000000000003f0 .LASF105
/var/folders/46/ql4w1ss91p1__kn5sm1ndyt40000gn/T//cc1hqS9Q.s:2575   .debug_str:00000000000005e6 .LASF106
/var/folders/46/ql4w1ss91p1__kn5sm1ndyt40000gn/T//cc1hqS9Q.s:2337   .debug_str:0000000000000107 .LASF107
/var/folders/46/ql4w1ss91p1__kn5sm1ndyt40000gn/T//cc1hqS9Q.s:2557   .debug_str:0000000000000597 .LASF108
/var/folders/46/ql4w1ss91p1__kn5sm1ndyt40000gn/T//cc1hqS9Q.s:2421   .debug_str:00000000000002b0 .LASF109
/var/folders/46/ql4w1ss91p1__kn5sm1ndyt40000gn/T//cc1hqS9Q.s:2543   .debug_str:000000000000054c .LASF110
/var/folders/46/ql4w1ss91p1__kn5sm1ndyt40000gn/T//cc1hqS9Q.s:2377   .debug_str:00000000000001c0 .LASF111
/var/folders/46/ql4w1ss91p1__kn5sm1ndyt40000gn/T//cc1hqS9Q.s:2335   .debug_str:00000000000000f8 .LASF112
/var/folders/46/ql4w1ss91p1__kn5sm1ndyt40000gn/T//cc1hqS9Q.s:2375   .debug_str:00000000000001af .LASF113
/var/folders/46/ql4w1ss91p1__kn5sm1ndyt40000gn/T//cc1hqS9Q.s:2325   .debug_str:00000000000000ad .LASF114
/var/folders/46/ql4w1ss91p1__kn5sm1ndyt40000gn/T//cc1hqS9Q.s:2327   .debug_str:00000000000000bc .LASF115
/var/folders/46/ql4w1ss91p1__kn5sm1ndyt40000gn/T//cc1hqS9Q.s:2471   .debug_str:0000000000000395 .LASF116
/var/folders/46/ql4w1ss91p1__kn5sm1ndyt40000gn/T//cc1hqS9Q.s:2453   .debug_str:000000000000033c .LASF117
/var/folders/46/ql4w1ss91p1__kn5sm1ndyt40000gn/T//cc1hqS9Q.s:2445   .debug_str:0000000000000319 .LASF118
/var/folders/46/ql4w1ss91p1__kn5sm1ndyt40000gn/T//cc1hqS9Q.s:2563   .debug_str:00000000000005b1 .LASF119
/var/folders/46/ql4w1ss91p1__kn5sm1ndyt40000gn/T//cc1hqS9Q.s:2333   .debug_str:00000000000000ed .LASF134
/var/folders/46/ql4w1ss91p1__kn5sm1ndyt40000gn/T//cc1hqS9Q.s:2517   .debug_str:0000000000000465 .LASF120
/var/folders/46/ql4w1ss91p1__kn5sm1ndyt40000gn/T//cc1hqS9Q.s:2545   .debug_str:0000000000000559 .LASF121
/var/folders/46/ql4w1ss91p1__kn5sm1ndyt40000gn/T//cc1hqS9Q.s:2429   .debug_str:00000000000002d7 .LASF122
/var/folders/46/ql4w1ss91p1__kn5sm1ndyt40000gn/T//cc1hqS9Q.s:2447   .debug_str:0000000000000322 .LASF123
/var/folders/46/ql4w1ss91p1__kn5sm1ndyt40000gn/T//cc1hqS9Q.s:2451   .debug_str:0000000000000335 .LASF124
/var/folders/46/ql4w1ss91p1__kn5sm1ndyt40000gn/T//cc1hqS9Q.s:2527   .debug_str:000000000000048e .LASF125
/var/folders/46/ql4w1ss91p1__kn5sm1ndyt40000gn/T//cc1hqS9Q.s:2573   .debug_str:00000000000005df .LASF126
GAS LISTING /var/folders/46/ql4w1ss91p1__kn5sm1ndyt40000gn/T//cc1hqS9Q.s 			page 7


/var/folders/46/ql4w1ss91p1__kn5sm1ndyt40000gn/T//cc1hqS9Q.s:2439   .debug_str:00000000000002ff .LASF127
/var/folders/46/ql4w1ss91p1__kn5sm1ndyt40000gn/T//cc1hqS9Q.s:2321   .debug_str:000000000000009b .LASF135
/var/folders/46/ql4w1ss91p1__kn5sm1ndyt40000gn/T//cc1hqS9Q.s:46     .text.handle_trap:0000000000000000 .LFB6
/var/folders/46/ql4w1ss91p1__kn5sm1ndyt40000gn/T//cc1hqS9Q.s:84     .text.handle_trap:0000000000000038 .LFE6
/var/folders/46/ql4w1ss91p1__kn5sm1ndyt40000gn/T//cc1hqS9Q.s:2231   .debug_loc:0000000000000000 .LLST1
/var/folders/46/ql4w1ss91p1__kn5sm1ndyt40000gn/T//cc1hqS9Q.s:2415   .debug_str:000000000000028d .LASF128
/var/folders/46/ql4w1ss91p1__kn5sm1ndyt40000gn/T//cc1hqS9Q.s:2244   .debug_loc:0000000000000020 .LLST2
/var/folders/46/ql4w1ss91p1__kn5sm1ndyt40000gn/T//cc1hqS9Q.s:2255   .debug_loc:000000000000003e .LLST3
/var/folders/46/ql4w1ss91p1__kn5sm1ndyt40000gn/T//cc1hqS9Q.s:70     .text.handle_trap:000000000000001a .LVL3
/var/folders/46/ql4w1ss91p1__kn5sm1ndyt40000gn/T//cc1hqS9Q.s:78     .text.handle_trap:000000000000002e .LVL4
/var/folders/46/ql4w1ss91p1__kn5sm1ndyt40000gn/T//cc1hqS9Q.s:82     .text.handle_trap:0000000000000038 .LVL5
/var/folders/46/ql4w1ss91p1__kn5sm1ndyt40000gn/T//cc1hqS9Q.s:2433   .debug_str:00000000000002e6 .LASF136
/var/folders/46/ql4w1ss91p1__kn5sm1ndyt40000gn/T//cc1hqS9Q.s:14     .text.handle_nmi:0000000000000000 .LFB5
/var/folders/46/ql4w1ss91p1__kn5sm1ndyt40000gn/T//cc1hqS9Q.s:39     .text.handle_nmi:0000000000000022 .LFE5
/var/folders/46/ql4w1ss91p1__kn5sm1ndyt40000gn/T//cc1hqS9Q.s:2269   .debug_loc:000000000000005f .LLST0
/var/folders/46/ql4w1ss91p1__kn5sm1ndyt40000gn/T//cc1hqS9Q.s:33     .text.handle_nmi:0000000000000018 .LVL0
/var/folders/46/ql4w1ss91p1__kn5sm1ndyt40000gn/T//cc1hqS9Q.s:37     .text.handle_nmi:0000000000000022 .LVL1
/var/folders/46/ql4w1ss91p1__kn5sm1ndyt40000gn/T//cc1hqS9Q.s:2317   .debug_str:000000000000008c .LASF129
/var/folders/46/ql4w1ss91p1__kn5sm1ndyt40000gn/T//cc1hqS9Q.s:2341   .debug_str:000000000000011e .LASF130
/var/folders/46/ql4w1ss91p1__kn5sm1ndyt40000gn/T//cc1hqS9Q.s:53     .text.handle_trap:0000000000000002 .LCFI1
/var/folders/46/ql4w1ss91p1__kn5sm1ndyt40000gn/T//cc1hqS9Q.s:49     .text.handle_trap:0000000000000000 .LVL2
/var/folders/46/ql4w1ss91p1__kn5sm1ndyt40000gn/T//cc1hqS9Q.s:22     .text.handle_nmi:0000000000000006 .LCFI0
/var/folders/46/ql4w1ss91p1__kn5sm1ndyt40000gn/T//cc1hqS9Q.s:104    .debug_info:0000000000000000 .Ldebug_info0
=======
/var/folders/46/ql4w1ss91p1__kn5sm1ndyt40000gn/T//ccIbHLyw.s:13     .text.handle_nmi:0000000000000000 handle_nmi
/var/folders/46/ql4w1ss91p1__kn5sm1ndyt40000gn/T//ccIbHLyw.s:17     .text.handle_nmi:0000000000000000 .L0 
/var/folders/46/ql4w1ss91p1__kn5sm1ndyt40000gn/T//ccIbHLyw.s:18     .text.handle_nmi:0000000000000000 .L0 
/var/folders/46/ql4w1ss91p1__kn5sm1ndyt40000gn/T//ccIbHLyw.s:19     .text.handle_nmi:0000000000000000 .L0 
/var/folders/46/ql4w1ss91p1__kn5sm1ndyt40000gn/T//ccIbHLyw.s:21     .text.handle_nmi:0000000000000004 .L0 
/var/folders/46/ql4w1ss91p1__kn5sm1ndyt40000gn/T//ccIbHLyw.s:23     .text.handle_nmi:0000000000000006 .L0 
/var/folders/46/ql4w1ss91p1__kn5sm1ndyt40000gn/T//ccIbHLyw.s:25     .text.handle_nmi:0000000000000006 .L0 
/var/folders/46/ql4w1ss91p1__kn5sm1ndyt40000gn/T//ccIbHLyw.s:29     .text.handle_nmi:000000000000000e .L0 
/var/folders/46/ql4w1ss91p1__kn5sm1ndyt40000gn/T//ccIbHLyw.s:30     .text.handle_nmi:0000000000000010 .L0 
/var/folders/46/ql4w1ss91p1__kn5sm1ndyt40000gn/T//ccIbHLyw.s:32     .text.handle_nmi:0000000000000010 .L0 
/var/folders/46/ql4w1ss91p1__kn5sm1ndyt40000gn/T//ccIbHLyw.s:35     .text.handle_nmi:0000000000000018 .L0 
/var/folders/46/ql4w1ss91p1__kn5sm1ndyt40000gn/T//ccIbHLyw.s:38     .text.handle_nmi:0000000000000022 .L0 
/var/folders/46/ql4w1ss91p1__kn5sm1ndyt40000gn/T//ccIbHLyw.s:45     .text.handle_trap:0000000000000000 handle_trap
/var/folders/46/ql4w1ss91p1__kn5sm1ndyt40000gn/T//ccIbHLyw.s:48     .text.handle_trap:0000000000000000 .L0 
/var/folders/46/ql4w1ss91p1__kn5sm1ndyt40000gn/T//ccIbHLyw.s:50     .text.handle_trap:0000000000000000 .L0 
/var/folders/46/ql4w1ss91p1__kn5sm1ndyt40000gn/T//ccIbHLyw.s:51     .text.handle_trap:0000000000000000 .L0 
/var/folders/46/ql4w1ss91p1__kn5sm1ndyt40000gn/T//ccIbHLyw.s:52     .text.handle_trap:0000000000000000 .L0 
/var/folders/46/ql4w1ss91p1__kn5sm1ndyt40000gn/T//ccIbHLyw.s:54     .text.handle_trap:0000000000000002 .L0 
/var/folders/46/ql4w1ss91p1__kn5sm1ndyt40000gn/T//ccIbHLyw.s:56     .text.handle_trap:0000000000000002 .L0 
/var/folders/46/ql4w1ss91p1__kn5sm1ndyt40000gn/T//ccIbHLyw.s:58     .text.handle_trap:0000000000000006 .L0 
/var/folders/46/ql4w1ss91p1__kn5sm1ndyt40000gn/T//ccIbHLyw.s:60     .text.handle_trap:000000000000000a .L0 
/var/folders/46/ql4w1ss91p1__kn5sm1ndyt40000gn/T//ccIbHLyw.s:61     .text.handle_trap:000000000000000a .L0 
/var/folders/46/ql4w1ss91p1__kn5sm1ndyt40000gn/T//ccIbHLyw.s:63     .text.handle_trap:000000000000000a .L0 
/var/folders/46/ql4w1ss91p1__kn5sm1ndyt40000gn/T//ccIbHLyw.s:65     .text.handle_trap:000000000000000e .L0 
/var/folders/46/ql4w1ss91p1__kn5sm1ndyt40000gn/T//ccIbHLyw.s:67     .text.handle_trap:0000000000000010 .L0 
/var/folders/46/ql4w1ss91p1__kn5sm1ndyt40000gn/T//ccIbHLyw.s:69     .text.handle_trap:0000000000000012 .L0 
/var/folders/46/ql4w1ss91p1__kn5sm1ndyt40000gn/T//ccIbHLyw.s:73     .text.handle_trap:000000000000001a .L0 
/var/folders/46/ql4w1ss91p1__kn5sm1ndyt40000gn/T//ccIbHLyw.s:80     .text.handle_trap:000000000000002e .L0 
/var/folders/46/ql4w1ss91p1__kn5sm1ndyt40000gn/T//ccIbHLyw.s:83     .text.handle_trap:0000000000000038 .L0 
/var/folders/46/ql4w1ss91p1__kn5sm1ndyt40000gn/T//ccIbHLyw.s:41     .text.handle_nmi:0000000000000022 .L0 
/var/folders/46/ql4w1ss91p1__kn5sm1ndyt40000gn/T//ccIbHLyw.s:86     .text.handle_trap:0000000000000038 .L0 
                     .debug_frame:0000000000000000 .L0 
/var/folders/46/ql4w1ss91p1__kn5sm1ndyt40000gn/T//ccIbHLyw.s:88     .rodata.handle_nmi.str1.4:0000000000000000 .LC0
/var/folders/46/ql4w1ss91p1__kn5sm1ndyt40000gn/T//ccIbHLyw.s:92     .rodata.handle_trap.str1.4:0000000000000000 .LC1
/var/folders/46/ql4w1ss91p1__kn5sm1ndyt40000gn/T//ccIbHLyw.s:71     .text.handle_trap:000000000000001a .L4
/var/folders/46/ql4w1ss91p1__kn5sm1ndyt40000gn/T//ccIbHLyw.s:1676   .debug_abbrev:0000000000000000 .Ldebug_abbrev0
/var/folders/46/ql4w1ss91p1__kn5sm1ndyt40000gn/T//ccIbHLyw.s:2533   .debug_str:000000000000048f .LASF131
/var/folders/46/ql4w1ss91p1__kn5sm1ndyt40000gn/T//ccIbHLyw.s:2379   .debug_str:0000000000000171 .LASF132
/var/folders/46/ql4w1ss91p1__kn5sm1ndyt40000gn/T//ccIbHLyw.s:2465   .debug_str:000000000000031d .LASF133
/var/folders/46/ql4w1ss91p1__kn5sm1ndyt40000gn/T//ccIbHLyw.s:2297   .debug_ranges:0000000000000000 .Ldebug_ranges0
/var/folders/46/ql4w1ss91p1__kn5sm1ndyt40000gn/T//ccIbHLyw.s:2305   .debug_line:0000000000000000 .Ldebug_line0
/var/folders/46/ql4w1ss91p1__kn5sm1ndyt40000gn/T//ccIbHLyw.s:2343   .debug_str:00000000000000cd .LASF0
/var/folders/46/ql4w1ss91p1__kn5sm1ndyt40000gn/T//ccIbHLyw.s:2537   .debug_str:0000000000000520 .LASF1
/var/folders/46/ql4w1ss91p1__kn5sm1ndyt40000gn/T//ccIbHLyw.s:2471   .debug_str:000000000000037f .LASF2
/var/folders/46/ql4w1ss91p1__kn5sm1ndyt40000gn/T//ccIbHLyw.s:2415   .debug_str:000000000000022f .LASF3
/var/folders/46/ql4w1ss91p1__kn5sm1ndyt40000gn/T//ccIbHLyw.s:2359   .debug_str:0000000000000112 .LASF4
/var/folders/46/ql4w1ss91p1__kn5sm1ndyt40000gn/T//ccIbHLyw.s:2407   .debug_str:0000000000000209 .LASF5
/var/folders/46/ql4w1ss91p1__kn5sm1ndyt40000gn/T//ccIbHLyw.s:2341   .debug_str:00000000000000bf .LASF6
/var/folders/46/ql4w1ss91p1__kn5sm1ndyt40000gn/T//ccIbHLyw.s:2327   .debug_str:0000000000000068 .LASF7
/var/folders/46/ql4w1ss91p1__kn5sm1ndyt40000gn/T//ccIbHLyw.s:2485   .debug_str:00000000000003ba .LASF9
/var/folders/46/ql4w1ss91p1__kn5sm1ndyt40000gn/T//ccIbHLyw.s:2399   .debug_str:00000000000001e5 .LASF8
/var/folders/46/ql4w1ss91p1__kn5sm1ndyt40000gn/T//ccIbHLyw.s:2311   .debug_str:0000000000000012 .LASF10
/var/folders/46/ql4w1ss91p1__kn5sm1ndyt40000gn/T//ccIbHLyw.s:2447   .debug_str:00000000000002c4 .LASF11
/var/folders/46/ql4w1ss91p1__kn5sm1ndyt40000gn/T//ccIbHLyw.s:2429   .debug_str:000000000000027a .LASF12
/var/folders/46/ql4w1ss91p1__kn5sm1ndyt40000gn/T//ccIbHLyw.s:2459   .debug_str:00000000000002fa .LASF13
GAS LISTING /var/folders/46/ql4w1ss91p1__kn5sm1ndyt40000gn/T//ccIbHLyw.s 			page 5


/var/folders/46/ql4w1ss91p1__kn5sm1ndyt40000gn/T//ccIbHLyw.s:2517   .debug_str:0000000000000452 .LASF14
/var/folders/46/ql4w1ss91p1__kn5sm1ndyt40000gn/T//ccIbHLyw.s:2555   .debug_str:000000000000057d .LASF15
/var/folders/46/ql4w1ss91p1__kn5sm1ndyt40000gn/T//ccIbHLyw.s:2425   .debug_str:000000000000026c .LASF16
/var/folders/46/ql4w1ss91p1__kn5sm1ndyt40000gn/T//ccIbHLyw.s:2401   .debug_str:00000000000001f2 .LASF17
/var/folders/46/ql4w1ss91p1__kn5sm1ndyt40000gn/T//ccIbHLyw.s:2509   .debug_str:0000000000000430 .LASF18
/var/folders/46/ql4w1ss91p1__kn5sm1ndyt40000gn/T//ccIbHLyw.s:2511   .debug_str:0000000000000438 .LASF19
/var/folders/46/ql4w1ss91p1__kn5sm1ndyt40000gn/T//ccIbHLyw.s:2481   .debug_str:00000000000003a7 .LASF20
/var/folders/46/ql4w1ss91p1__kn5sm1ndyt40000gn/T//ccIbHLyw.s:2541   .debug_str:0000000000000533 .LASF21
/var/folders/46/ql4w1ss91p1__kn5sm1ndyt40000gn/T//ccIbHLyw.s:2463   .debug_str:000000000000030b .LASF22
/var/folders/46/ql4w1ss91p1__kn5sm1ndyt40000gn/T//ccIbHLyw.s:2385   .debug_str:00000000000001a8 .LASF23
/var/folders/46/ql4w1ss91p1__kn5sm1ndyt40000gn/T//ccIbHLyw.s:2389   .debug_str:00000000000001b9 .LASF28
/var/folders/46/ql4w1ss91p1__kn5sm1ndyt40000gn/T//ccIbHLyw.s:2529   .debug_str:000000000000047c .LASF24
/var/folders/46/ql4w1ss91p1__kn5sm1ndyt40000gn/T//ccIbHLyw.s:2501   .debug_str:0000000000000413 .LASF25
/var/folders/46/ql4w1ss91p1__kn5sm1ndyt40000gn/T//ccIbHLyw.s:2383   .debug_str:00000000000001a2 .LASF26
/var/folders/46/ql4w1ss91p1__kn5sm1ndyt40000gn/T//ccIbHLyw.s:2549   .debug_str:0000000000000568 .LASF27
/var/folders/46/ql4w1ss91p1__kn5sm1ndyt40000gn/T//ccIbHLyw.s:2397   .debug_str:00000000000001e0 .LASF29
/var/folders/46/ql4w1ss91p1__kn5sm1ndyt40000gn/T//ccIbHLyw.s:2337   .debug_str:00000000000000b0 .LASF30
/var/folders/46/ql4w1ss91p1__kn5sm1ndyt40000gn/T//ccIbHLyw.s:2523   .debug_str:0000000000000466 .LASF31
/var/folders/46/ql4w1ss91p1__kn5sm1ndyt40000gn/T//ccIbHLyw.s:2349   .debug_str:00000000000000e5 .LASF32
/var/folders/46/ql4w1ss91p1__kn5sm1ndyt40000gn/T//ccIbHLyw.s:2579   .debug_str:00000000000005e8 .LASF33
/var/folders/46/ql4w1ss91p1__kn5sm1ndyt40000gn/T//ccIbHLyw.s:2453   .debug_str:00000000000002de .LASF34
/var/folders/46/ql4w1ss91p1__kn5sm1ndyt40000gn/T//ccIbHLyw.s:2441   .debug_str:00000000000002aa .LASF35
/var/folders/46/ql4w1ss91p1__kn5sm1ndyt40000gn/T//ccIbHLyw.s:2551   .debug_str:000000000000056d .LASF36
/var/folders/46/ql4w1ss91p1__kn5sm1ndyt40000gn/T//ccIbHLyw.s:2473   .debug_str:0000000000000389 .LASF37
/var/folders/46/ql4w1ss91p1__kn5sm1ndyt40000gn/T//ccIbHLyw.s:2565   .debug_str:00000000000005a8 .LASF38
/var/folders/46/ql4w1ss91p1__kn5sm1ndyt40000gn/T//ccIbHLyw.s:2353   .debug_str:00000000000000f4 .LASF39
/var/folders/46/ql4w1ss91p1__kn5sm1ndyt40000gn/T//ccIbHLyw.s:2377   .debug_str:0000000000000169 .LASF40
/var/folders/46/ql4w1ss91p1__kn5sm1ndyt40000gn/T//ccIbHLyw.s:2307   .debug_str:0000000000000000 .LASF41
/var/folders/46/ql4w1ss91p1__kn5sm1ndyt40000gn/T//ccIbHLyw.s:2535   .debug_str:0000000000000517 .LASF42
/var/folders/46/ql4w1ss91p1__kn5sm1ndyt40000gn/T//ccIbHLyw.s:2363   .debug_str:0000000000000122 .LASF43
/var/folders/46/ql4w1ss91p1__kn5sm1ndyt40000gn/T//ccIbHLyw.s:2455   .debug_str:00000000000002e7 .LASF44
/var/folders/46/ql4w1ss91p1__kn5sm1ndyt40000gn/T//ccIbHLyw.s:2493   .debug_str:00000000000003e3 .LASF45
/var/folders/46/ql4w1ss91p1__kn5sm1ndyt40000gn/T//ccIbHLyw.s:2381   .debug_str:000000000000019d .LASF46
/var/folders/46/ql4w1ss91p1__kn5sm1ndyt40000gn/T//ccIbHLyw.s:2475   .debug_str:0000000000000393 .LASF47
/var/folders/46/ql4w1ss91p1__kn5sm1ndyt40000gn/T//ccIbHLyw.s:2347   .debug_str:00000000000000df .LASF48
/var/folders/46/ql4w1ss91p1__kn5sm1ndyt40000gn/T//ccIbHLyw.s:2309   .debug_str:000000000000000c .LASF49
/var/folders/46/ql4w1ss91p1__kn5sm1ndyt40000gn/T//ccIbHLyw.s:2483   .debug_str:00000000000003b2 .LASF50
/var/folders/46/ql4w1ss91p1__kn5sm1ndyt40000gn/T//ccIbHLyw.s:2361   .debug_str:000000000000011b .LASF51
/var/folders/46/ql4w1ss91p1__kn5sm1ndyt40000gn/T//ccIbHLyw.s:2409   .debug_str:000000000000021b .LASF52
/var/folders/46/ql4w1ss91p1__kn5sm1ndyt40000gn/T//ccIbHLyw.s:2329   .debug_str:000000000000007f .LASF53
/var/folders/46/ql4w1ss91p1__kn5sm1ndyt40000gn/T//ccIbHLyw.s:2355   .debug_str:0000000000000102 .LASF54
/var/folders/46/ql4w1ss91p1__kn5sm1ndyt40000gn/T//ccIbHLyw.s:2393   .debug_str:00000000000001d0 .LASF55
/var/folders/46/ql4w1ss91p1__kn5sm1ndyt40000gn/T//ccIbHLyw.s:2439   .debug_str:00000000000002a3 .LASF56
/var/folders/46/ql4w1ss91p1__kn5sm1ndyt40000gn/T//ccIbHLyw.s:2513   .debug_str:0000000000000440 .LASF57
/var/folders/46/ql4w1ss91p1__kn5sm1ndyt40000gn/T//ccIbHLyw.s:2569   .debug_str:00000000000005c2 .LASF58
/var/folders/46/ql4w1ss91p1__kn5sm1ndyt40000gn/T//ccIbHLyw.s:2345   .debug_str:00000000000000d9 .LASF59
/var/folders/46/ql4w1ss91p1__kn5sm1ndyt40000gn/T//ccIbHLyw.s:2561   .debug_str:000000000000059a .LASF60
/var/folders/46/ql4w1ss91p1__kn5sm1ndyt40000gn/T//ccIbHLyw.s:2367   .debug_str:0000000000000131 .LASF61
/var/folders/46/ql4w1ss91p1__kn5sm1ndyt40000gn/T//ccIbHLyw.s:2371   .debug_str:0000000000000142 .LASF62
/var/folders/46/ql4w1ss91p1__kn5sm1ndyt40000gn/T//ccIbHLyw.s:2321   .debug_str:0000000000000042 .LASF63
/var/folders/46/ql4w1ss91p1__kn5sm1ndyt40000gn/T//ccIbHLyw.s:2433   .debug_str:000000000000028c .LASF64
/var/folders/46/ql4w1ss91p1__kn5sm1ndyt40000gn/T//ccIbHLyw.s:2317   .debug_str:000000000000002d .LASF65
/var/folders/46/ql4w1ss91p1__kn5sm1ndyt40000gn/T//ccIbHLyw.s:2435   .debug_str:0000000000000292 .LASF66
/var/folders/46/ql4w1ss91p1__kn5sm1ndyt40000gn/T//ccIbHLyw.s:2503   .debug_str:000000000000041b .LASF67
/var/folders/46/ql4w1ss91p1__kn5sm1ndyt40000gn/T//ccIbHLyw.s:2519   .debug_str:000000000000045a .LASF68
/var/folders/46/ql4w1ss91p1__kn5sm1ndyt40000gn/T//ccIbHLyw.s:2365   .debug_str:000000000000012a .LASF69
/var/folders/46/ql4w1ss91p1__kn5sm1ndyt40000gn/T//ccIbHLyw.s:2403   .debug_str:00000000000001f9 .LASF70
GAS LISTING /var/folders/46/ql4w1ss91p1__kn5sm1ndyt40000gn/T//ccIbHLyw.s 			page 6


/var/folders/46/ql4w1ss91p1__kn5sm1ndyt40000gn/T//ccIbHLyw.s:2387   .debug_str:00000000000001b1 .LASF71
/var/folders/46/ql4w1ss91p1__kn5sm1ndyt40000gn/T//ccIbHLyw.s:2491   .debug_str:00000000000003de .LASF72
/var/folders/46/ql4w1ss91p1__kn5sm1ndyt40000gn/T//ccIbHLyw.s:2313   .debug_str:000000000000001c .LASF73
/var/folders/46/ql4w1ss91p1__kn5sm1ndyt40000gn/T//ccIbHLyw.s:2499   .debug_str:00000000000003fa .LASF74
/var/folders/46/ql4w1ss91p1__kn5sm1ndyt40000gn/T//ccIbHLyw.s:2495   .debug_str:00000000000003e8 .LASF75
/var/folders/46/ql4w1ss91p1__kn5sm1ndyt40000gn/T//ccIbHLyw.s:2457   .debug_str:00000000000002ef .LASF76
/var/folders/46/ql4w1ss91p1__kn5sm1ndyt40000gn/T//ccIbHLyw.s:2497   .debug_str:00000000000003f0 .LASF77
/var/folders/46/ql4w1ss91p1__kn5sm1ndyt40000gn/T//ccIbHLyw.s:2423   .debug_str:0000000000000264 .LASF78
/var/folders/46/ql4w1ss91p1__kn5sm1ndyt40000gn/T//ccIbHLyw.s:2395   .debug_str:00000000000001d6 .LASF79
/var/folders/46/ql4w1ss91p1__kn5sm1ndyt40000gn/T//ccIbHLyw.s:2577   .debug_str:00000000000005e3 .LASF80
/var/folders/46/ql4w1ss91p1__kn5sm1ndyt40000gn/T//ccIbHLyw.s:2461   .debug_str:0000000000000301 .LASF81
/var/folders/46/ql4w1ss91p1__kn5sm1ndyt40000gn/T//ccIbHLyw.s:2405   .debug_str:0000000000000201 .LASF82
/var/folders/46/ql4w1ss91p1__kn5sm1ndyt40000gn/T//ccIbHLyw.s:2369   .debug_str:000000000000013a .LASF83
/var/folders/46/ql4w1ss91p1__kn5sm1ndyt40000gn/T//ccIbHLyw.s:2467   .debug_str:0000000000000371 .LASF84
/var/folders/46/ql4w1ss91p1__kn5sm1ndyt40000gn/T//ccIbHLyw.s:2417   .debug_str:0000000000000242 .LASF85
/var/folders/46/ql4w1ss91p1__kn5sm1ndyt40000gn/T//ccIbHLyw.s:2559   .debug_str:0000000000000590 .LASF86
/var/folders/46/ql4w1ss91p1__kn5sm1ndyt40000gn/T//ccIbHLyw.s:2357   .debug_str:000000000000010a .LASF87
/var/folders/46/ql4w1ss91p1__kn5sm1ndyt40000gn/T//ccIbHLyw.s:2351   .debug_str:00000000000000ef .LASF88
/var/folders/46/ql4w1ss91p1__kn5sm1ndyt40000gn/T//ccIbHLyw.s:2521   .debug_str:0000000000000461 .LASF89
/var/folders/46/ql4w1ss91p1__kn5sm1ndyt40000gn/T//ccIbHLyw.s:2479   .debug_str:00000000000003a0 .LASF90
/var/folders/46/ql4w1ss91p1__kn5sm1ndyt40000gn/T//ccIbHLyw.s:2553   .debug_str:0000000000000577 .LASF91
/var/folders/46/ql4w1ss91p1__kn5sm1ndyt40000gn/T//ccIbHLyw.s:2411   .debug_str:0000000000000221 .LASF92
/var/folders/46/ql4w1ss91p1__kn5sm1ndyt40000gn/T//ccIbHLyw.s:2477   .debug_str:000000000000039a .LASF93
/var/folders/46/ql4w1ss91p1__kn5sm1ndyt40000gn/T//ccIbHLyw.s:2505   .debug_str:0000000000000422 .LASF94
/var/folders/46/ql4w1ss91p1__kn5sm1ndyt40000gn/T//ccIbHLyw.s:2507   .debug_str:000000000000042a .LASF95
/var/folders/46/ql4w1ss91p1__kn5sm1ndyt40000gn/T//ccIbHLyw.s:2527   .debug_str:0000000000000476 .LASF96
/var/folders/46/ql4w1ss91p1__kn5sm1ndyt40000gn/T//ccIbHLyw.s:2539   .debug_str:000000000000052e .LASF97
/var/folders/46/ql4w1ss91p1__kn5sm1ndyt40000gn/T//ccIbHLyw.s:2547   .debug_str:000000000000055b .LASF98
/var/folders/46/ql4w1ss91p1__kn5sm1ndyt40000gn/T//ccIbHLyw.s:2531   .debug_str:0000000000000482 .LASF99
/var/folders/46/ql4w1ss91p1__kn5sm1ndyt40000gn/T//ccIbHLyw.s:2421   .debug_str:0000000000000257 .LASF100
/var/folders/46/ql4w1ss91p1__kn5sm1ndyt40000gn/T//ccIbHLyw.s:2567   .debug_str:00000000000005b3 .LASF101
/var/folders/46/ql4w1ss91p1__kn5sm1ndyt40000gn/T//ccIbHLyw.s:2391   .debug_str:00000000000001c1 .LASF102
/var/folders/46/ql4w1ss91p1__kn5sm1ndyt40000gn/T//ccIbHLyw.s:2487   .debug_str:00000000000003c6 .LASF103
/var/folders/46/ql4w1ss91p1__kn5sm1ndyt40000gn/T//ccIbHLyw.s:2571   .debug_str:00000000000005c9 .LASF104
/var/folders/46/ql4w1ss91p1__kn5sm1ndyt40000gn/T//ccIbHLyw.s:2489   .debug_str:00000000000003d1 .LASF105
/var/folders/46/ql4w1ss91p1__kn5sm1ndyt40000gn/T//ccIbHLyw.s:2575   .debug_str:00000000000005d5 .LASF106
/var/folders/46/ql4w1ss91p1__kn5sm1ndyt40000gn/T//ccIbHLyw.s:2335   .debug_str:00000000000000a2 .LASF107
/var/folders/46/ql4w1ss91p1__kn5sm1ndyt40000gn/T//ccIbHLyw.s:2557   .debug_str:0000000000000586 .LASF108
/var/folders/46/ql4w1ss91p1__kn5sm1ndyt40000gn/T//ccIbHLyw.s:2419   .debug_str:000000000000024b .LASF109
/var/folders/46/ql4w1ss91p1__kn5sm1ndyt40000gn/T//ccIbHLyw.s:2543   .debug_str:000000000000053b .LASF110
/var/folders/46/ql4w1ss91p1__kn5sm1ndyt40000gn/T//ccIbHLyw.s:2375   .debug_str:000000000000015b .LASF111
/var/folders/46/ql4w1ss91p1__kn5sm1ndyt40000gn/T//ccIbHLyw.s:2333   .debug_str:0000000000000093 .LASF112
/var/folders/46/ql4w1ss91p1__kn5sm1ndyt40000gn/T//ccIbHLyw.s:2373   .debug_str:000000000000014a .LASF113
/var/folders/46/ql4w1ss91p1__kn5sm1ndyt40000gn/T//ccIbHLyw.s:2323   .debug_str:0000000000000048 .LASF114
/var/folders/46/ql4w1ss91p1__kn5sm1ndyt40000gn/T//ccIbHLyw.s:2325   .debug_str:0000000000000057 .LASF115
/var/folders/46/ql4w1ss91p1__kn5sm1ndyt40000gn/T//ccIbHLyw.s:2469   .debug_str:0000000000000376 .LASF116
/var/folders/46/ql4w1ss91p1__kn5sm1ndyt40000gn/T//ccIbHLyw.s:2451   .debug_str:00000000000002d7 .LASF117
/var/folders/46/ql4w1ss91p1__kn5sm1ndyt40000gn/T//ccIbHLyw.s:2443   .debug_str:00000000000002b4 .LASF118
/var/folders/46/ql4w1ss91p1__kn5sm1ndyt40000gn/T//ccIbHLyw.s:2563   .debug_str:00000000000005a0 .LASF119
/var/folders/46/ql4w1ss91p1__kn5sm1ndyt40000gn/T//ccIbHLyw.s:2331   .debug_str:0000000000000088 .LASF134
/var/folders/46/ql4w1ss91p1__kn5sm1ndyt40000gn/T//ccIbHLyw.s:2515   .debug_str:0000000000000446 .LASF120
/var/folders/46/ql4w1ss91p1__kn5sm1ndyt40000gn/T//ccIbHLyw.s:2545   .debug_str:0000000000000548 .LASF121
/var/folders/46/ql4w1ss91p1__kn5sm1ndyt40000gn/T//ccIbHLyw.s:2427   .debug_str:0000000000000272 .LASF122
/var/folders/46/ql4w1ss91p1__kn5sm1ndyt40000gn/T//ccIbHLyw.s:2445   .debug_str:00000000000002bd .LASF123
/var/folders/46/ql4w1ss91p1__kn5sm1ndyt40000gn/T//ccIbHLyw.s:2449   .debug_str:00000000000002d0 .LASF124
/var/folders/46/ql4w1ss91p1__kn5sm1ndyt40000gn/T//ccIbHLyw.s:2525   .debug_str:000000000000046f .LASF125
/var/folders/46/ql4w1ss91p1__kn5sm1ndyt40000gn/T//ccIbHLyw.s:2573   .debug_str:00000000000005ce .LASF126
GAS LISTING /var/folders/46/ql4w1ss91p1__kn5sm1ndyt40000gn/T//ccIbHLyw.s 			page 7


/var/folders/46/ql4w1ss91p1__kn5sm1ndyt40000gn/T//ccIbHLyw.s:2437   .debug_str:000000000000029a .LASF127
/var/folders/46/ql4w1ss91p1__kn5sm1ndyt40000gn/T//ccIbHLyw.s:2319   .debug_str:0000000000000036 .LASF135
/var/folders/46/ql4w1ss91p1__kn5sm1ndyt40000gn/T//ccIbHLyw.s:46     .text.handle_trap:0000000000000000 .LFB6
/var/folders/46/ql4w1ss91p1__kn5sm1ndyt40000gn/T//ccIbHLyw.s:84     .text.handle_trap:0000000000000038 .LFE6
/var/folders/46/ql4w1ss91p1__kn5sm1ndyt40000gn/T//ccIbHLyw.s:2231   .debug_loc:0000000000000000 .LLST1
/var/folders/46/ql4w1ss91p1__kn5sm1ndyt40000gn/T//ccIbHLyw.s:2413   .debug_str:0000000000000228 .LASF128
/var/folders/46/ql4w1ss91p1__kn5sm1ndyt40000gn/T//ccIbHLyw.s:2244   .debug_loc:0000000000000020 .LLST2
/var/folders/46/ql4w1ss91p1__kn5sm1ndyt40000gn/T//ccIbHLyw.s:2255   .debug_loc:000000000000003e .LLST3
/var/folders/46/ql4w1ss91p1__kn5sm1ndyt40000gn/T//ccIbHLyw.s:70     .text.handle_trap:000000000000001a .LVL3
/var/folders/46/ql4w1ss91p1__kn5sm1ndyt40000gn/T//ccIbHLyw.s:78     .text.handle_trap:000000000000002e .LVL4
/var/folders/46/ql4w1ss91p1__kn5sm1ndyt40000gn/T//ccIbHLyw.s:82     .text.handle_trap:0000000000000038 .LVL5
/var/folders/46/ql4w1ss91p1__kn5sm1ndyt40000gn/T//ccIbHLyw.s:2431   .debug_str:0000000000000281 .LASF136
/var/folders/46/ql4w1ss91p1__kn5sm1ndyt40000gn/T//ccIbHLyw.s:14     .text.handle_nmi:0000000000000000 .LFB5
/var/folders/46/ql4w1ss91p1__kn5sm1ndyt40000gn/T//ccIbHLyw.s:39     .text.handle_nmi:0000000000000022 .LFE5
/var/folders/46/ql4w1ss91p1__kn5sm1ndyt40000gn/T//ccIbHLyw.s:2269   .debug_loc:000000000000005f .LLST0
/var/folders/46/ql4w1ss91p1__kn5sm1ndyt40000gn/T//ccIbHLyw.s:33     .text.handle_nmi:0000000000000018 .LVL0
/var/folders/46/ql4w1ss91p1__kn5sm1ndyt40000gn/T//ccIbHLyw.s:37     .text.handle_nmi:0000000000000022 .LVL1
/var/folders/46/ql4w1ss91p1__kn5sm1ndyt40000gn/T//ccIbHLyw.s:2315   .debug_str:0000000000000027 .LASF129
/var/folders/46/ql4w1ss91p1__kn5sm1ndyt40000gn/T//ccIbHLyw.s:2339   .debug_str:00000000000000b9 .LASF130
/var/folders/46/ql4w1ss91p1__kn5sm1ndyt40000gn/T//ccIbHLyw.s:53     .text.handle_trap:0000000000000002 .LCFI1
/var/folders/46/ql4w1ss91p1__kn5sm1ndyt40000gn/T//ccIbHLyw.s:49     .text.handle_trap:0000000000000000 .LVL2
/var/folders/46/ql4w1ss91p1__kn5sm1ndyt40000gn/T//ccIbHLyw.s:22     .text.handle_nmi:0000000000000006 .LCFI0
/var/folders/46/ql4w1ss91p1__kn5sm1ndyt40000gn/T//ccIbHLyw.s:104    .debug_info:0000000000000000 .Ldebug_info0
>>>>>>> 9da4b36 (s)

UNDEFINED SYMBOLS
write
_exit
