<<<<<<< HEAD
GAS LISTING /var/folders/46/ql4w1ss91p1__kn5sm1ndyt40000gn/T//ccW1AR8E.s 			page 1
=======
GAS LISTING /var/folders/46/ql4w1ss91p1__kn5sm1ndyt40000gn/T//ccc2n4Ll.s 			page 1
>>>>>>> 9da4b36 (s)


   1              		.file	"init.c"
   2              		.option nopic
   3              		.attribute arch, "rv32i2p0_m2p0_a2p0_c2p0"
   4              		.attribute unaligned_access, 0
   5              		.attribute stack_align, 16
   6              		.text
   7              	.Ltext0:
   8              		.cfi_sections	.debug_frame
   9              		.section	.text._init,"ax",@progbits
  10              		.align	1
  11              		.globl	_init
  13              	_init:
  14              	.LFB5:
  15              		.file 1 "../../firmware/RISCV/env_Eclipse/init.c"
   1:../../firmware/RISCV/env_Eclipse/init.c **** //See LICENSE for license details.
   2:../../firmware/RISCV/env_Eclipse/init.c **** #include <gd32vf103.h>
   3:../../firmware/RISCV/env_Eclipse/init.c **** #include <stdint.h>
   4:../../firmware/RISCV/env_Eclipse/init.c **** #include <stdio.h>
   5:../../firmware/RISCV/env_Eclipse/init.c **** #include <unistd.h>
   6:../../firmware/RISCV/env_Eclipse/init.c **** #include "riscv_encoding.h"
   7:../../firmware/RISCV/env_Eclipse/init.c **** #include "n200_func.h"
   8:../../firmware/RISCV/env_Eclipse/init.c **** 
   9:../../firmware/RISCV/env_Eclipse/init.c **** #ifdef USE_SOFTWARE_DEBUGGER
  10:../../firmware/RISCV/env_Eclipse/init.c **** #include "debugger.h"
  11:../../firmware/RISCV/env_Eclipse/init.c **** #endif
  12:../../firmware/RISCV/env_Eclipse/init.c **** 
  13:../../firmware/RISCV/env_Eclipse/init.c **** extern uint32_t disable_mcycle_minstret();
  14:../../firmware/RISCV/env_Eclipse/init.c **** void _init()
  15:../../firmware/RISCV/env_Eclipse/init.c **** {
  16              		.loc 1 15 1
  17              		.cfi_startproc
  16:../../firmware/RISCV/env_Eclipse/init.c **** 	SystemInit();
  18              		.loc 1 16 2
  15:../../firmware/RISCV/env_Eclipse/init.c **** 	SystemInit();
  19              		.loc 1 15 1 is_stmt 0
  20 0000 4111     		addi	sp,sp,-16
  21              	.LCFI0:
  22              		.cfi_def_cfa_offset 16
  23 0002 06C6     		sw	ra,12(sp)
  24              		.cfi_offset 1, -4
  25              		.loc 1 16 2
  26 0004 97000000 		call	SystemInit
  26      E7800000 
  27              	.LVL0:
  17:../../firmware/RISCV/env_Eclipse/init.c **** 
  18:../../firmware/RISCV/env_Eclipse/init.c **** 	//ECLIC init
  19:../../firmware/RISCV/env_Eclipse/init.c **** 	eclic_init(ECLIC_NUM_INTERRUPTS);
  28              		.loc 1 19 2 is_stmt 1
  29 000c 13057005 		li	a0,87
  30 0010 97000000 		call	eclic_init
  30      E7800000 
  31              	.LVL1:
  20:../../firmware/RISCV/env_Eclipse/init.c **** 	eclic_mode_enable();
  32              		.loc 1 20 2
  33 0018 97000000 		call	eclic_mode_enable
  33      E7800000 
  34              	.LVL2:
<<<<<<< HEAD
GAS LISTING /var/folders/46/ql4w1ss91p1__kn5sm1ndyt40000gn/T//ccW1AR8E.s 			page 2
=======
GAS LISTING /var/folders/46/ql4w1ss91p1__kn5sm1ndyt40000gn/T//ccc2n4Ll.s 			page 2
>>>>>>> 9da4b36 (s)


  21:../../firmware/RISCV/env_Eclipse/init.c **** 
  22:../../firmware/RISCV/env_Eclipse/init.c **** 	//printf("After ECLIC mode enabled, the mtvec value is %x \n\n\r", read_csr(mtvec));
  23:../../firmware/RISCV/env_Eclipse/init.c **** 
  24:../../firmware/RISCV/env_Eclipse/init.c **** 	// // It must be NOTED:
  25:../../firmware/RISCV/env_Eclipse/init.c **** 	//  //    * In the RISC-V arch, if user mode and PMP supported, then by default if PMP is not conf
  26:../../firmware/RISCV/env_Eclipse/init.c **** 	//  //      with valid entries, then user mode cannot access any memory, and cannot execute any in
  27:../../firmware/RISCV/env_Eclipse/init.c **** 	//  //    * So if switch to user-mode and still want to continue, then you must configure PMP firs
  28:../../firmware/RISCV/env_Eclipse/init.c **** 	//pmp_open_all_space();
  29:../../firmware/RISCV/env_Eclipse/init.c **** 	//switch_m2u_mode();
  30:../../firmware/RISCV/env_Eclipse/init.c **** 	
  31:../../firmware/RISCV/env_Eclipse/init.c ****     /* Before enter into main, add the cycle/instret disable by default to save power,
  32:../../firmware/RISCV/env_Eclipse/init.c ****     only use them when needed to measure the cycle/instret */
  33:../../firmware/RISCV/env_Eclipse/init.c **** 	disable_mcycle_minstret();
  35              		.loc 1 33 2
  34:../../firmware/RISCV/env_Eclipse/init.c **** #ifdef USE_SOFTWARE_DEBUGGER
  35:../../firmware/RISCV/env_Eclipse/init.c **** 	dbg_init();
  36:../../firmware/RISCV/env_Eclipse/init.c **** #endif
  37:../../firmware/RISCV/env_Eclipse/init.c **** 	
  38:../../firmware/RISCV/env_Eclipse/init.c **** 
  39:../../firmware/RISCV/env_Eclipse/init.c **** }
  36              		.loc 1 39 1 is_stmt 0
  37 0020 B240     		lw	ra,12(sp)
  38              		.cfi_restore 1
  39 0022 4101     		addi	sp,sp,16
  40              	.LCFI1:
  41              		.cfi_def_cfa_offset 0
  33:../../firmware/RISCV/env_Eclipse/init.c **** #ifdef USE_SOFTWARE_DEBUGGER
  42              		.loc 1 33 2
  43 0024 17030000 		tail	disable_mcycle_minstret
  43      67000300 
  44              	.LVL3:
  45              		.cfi_endproc
  46              	.LFE5:
  48              		.section	.text._fini,"ax",@progbits
  49              		.align	1
  50              		.globl	_fini
  52              	_fini:
  53              	.LFB6:
  40:../../firmware/RISCV/env_Eclipse/init.c **** 
  41:../../firmware/RISCV/env_Eclipse/init.c **** void _fini()
  42:../../firmware/RISCV/env_Eclipse/init.c **** {
  54              		.loc 1 42 1 is_stmt 1
  55              		.cfi_startproc
  43:../../firmware/RISCV/env_Eclipse/init.c **** }
  56              		.loc 1 43 1
  57 0000 8280     		ret
  58              		.cfi_endproc
  59              	.LFE6:
  61              		.text
  62              	.Letext0:
  63              		.file 2 "/Users/robin/Documents/GitHub/KTH-programing/Mikrodata/toolchain-gd32v-v202-osx/compiler/
  64              		.file 3 "/Users/robin/Documents/GitHub/KTH-programing/Mikrodata/toolchain-gd32v-v202-osx/compiler/
  65              		.file 4 "/Users/robin/Documents/GitHub/KTH-programing/Mikrodata/toolchain-gd32v-v202-osx/compiler/
  66              		.file 5 "/Users/robin/Documents/GitHub/KTH-programing/Mikrodata/toolchain-gd32v-v202-osx/compiler/
  67              		.file 6 "/Users/robin/Documents/GitHub/KTH-programing/Mikrodata/toolchain-gd32v-v202-osx/compiler/
  68              		.file 7 "/Users/robin/Documents/GitHub/KTH-programing/Mikrodata/toolchain-gd32v-v202-osx/compiler/
  69              		.file 8 "../../firmware/GD32VF103_standard_peripheral/system_gd32vf103.h"
<<<<<<< HEAD
GAS LISTING /var/folders/46/ql4w1ss91p1__kn5sm1ndyt40000gn/T//ccW1AR8E.s 			page 3
=======
GAS LISTING /var/folders/46/ql4w1ss91p1__kn5sm1ndyt40000gn/T//ccc2n4Ll.s 			page 3
>>>>>>> 9da4b36 (s)


  70              		.file 9 "/Users/robin/Documents/GitHub/KTH-programing/Mikrodata/toolchain-gd32v-v202-osx/compiler/
  71              		.file 10 "../../firmware/RISCV/drivers/n200_func.h"
  72              		.file 11 "../../firmware/GD32VF103_standard_peripheral/gd32vf103.h"
<<<<<<< HEAD
GAS LISTING /var/folders/46/ql4w1ss91p1__kn5sm1ndyt40000gn/T//ccW1AR8E.s 			page 4
=======
GAS LISTING /var/folders/46/ql4w1ss91p1__kn5sm1ndyt40000gn/T//ccc2n4Ll.s 			page 4
>>>>>>> 9da4b36 (s)


DEFINED SYMBOLS
                            *ABS*:0000000000000000 init.c
<<<<<<< HEAD
/var/folders/46/ql4w1ss91p1__kn5sm1ndyt40000gn/T//ccW1AR8E.s:13     .text._init:0000000000000000 _init
/var/folders/46/ql4w1ss91p1__kn5sm1ndyt40000gn/T//ccW1AR8E.s:17     .text._init:0000000000000000 .L0 
/var/folders/46/ql4w1ss91p1__kn5sm1ndyt40000gn/T//ccW1AR8E.s:18     .text._init:0000000000000000 .L0 
/var/folders/46/ql4w1ss91p1__kn5sm1ndyt40000gn/T//ccW1AR8E.s:19     .text._init:0000000000000000 .L0 
/var/folders/46/ql4w1ss91p1__kn5sm1ndyt40000gn/T//ccW1AR8E.s:20     .text._init:0000000000000000 .L0 
/var/folders/46/ql4w1ss91p1__kn5sm1ndyt40000gn/T//ccW1AR8E.s:22     .text._init:0000000000000002 .L0 
/var/folders/46/ql4w1ss91p1__kn5sm1ndyt40000gn/T//ccW1AR8E.s:24     .text._init:0000000000000004 .L0 
/var/folders/46/ql4w1ss91p1__kn5sm1ndyt40000gn/T//ccW1AR8E.s:26     .text._init:0000000000000004 .L0 
/var/folders/46/ql4w1ss91p1__kn5sm1ndyt40000gn/T//ccW1AR8E.s:29     .text._init:000000000000000c .L0 
/var/folders/46/ql4w1ss91p1__kn5sm1ndyt40000gn/T//ccW1AR8E.s:33     .text._init:0000000000000018 .L0 
/var/folders/46/ql4w1ss91p1__kn5sm1ndyt40000gn/T//ccW1AR8E.s:36     .text._init:0000000000000020 .L0 
/var/folders/46/ql4w1ss91p1__kn5sm1ndyt40000gn/T//ccW1AR8E.s:37     .text._init:0000000000000020 .L0 
/var/folders/46/ql4w1ss91p1__kn5sm1ndyt40000gn/T//ccW1AR8E.s:38     .text._init:0000000000000022 .L0 
/var/folders/46/ql4w1ss91p1__kn5sm1ndyt40000gn/T//ccW1AR8E.s:41     .text._init:0000000000000024 .L0 
/var/folders/46/ql4w1ss91p1__kn5sm1ndyt40000gn/T//ccW1AR8E.s:43     .text._init:0000000000000024 .L0 
/var/folders/46/ql4w1ss91p1__kn5sm1ndyt40000gn/T//ccW1AR8E.s:45     .text._init:000000000000002c .L0 
/var/folders/46/ql4w1ss91p1__kn5sm1ndyt40000gn/T//ccW1AR8E.s:52     .text._fini:0000000000000000 _fini
/var/folders/46/ql4w1ss91p1__kn5sm1ndyt40000gn/T//ccW1AR8E.s:55     .text._fini:0000000000000000 .L0 
/var/folders/46/ql4w1ss91p1__kn5sm1ndyt40000gn/T//ccW1AR8E.s:56     .text._fini:0000000000000000 .L0 
/var/folders/46/ql4w1ss91p1__kn5sm1ndyt40000gn/T//ccW1AR8E.s:57     .text._fini:0000000000000000 .L0 
/var/folders/46/ql4w1ss91p1__kn5sm1ndyt40000gn/T//ccW1AR8E.s:58     .text._fini:0000000000000002 .L0 
/var/folders/46/ql4w1ss91p1__kn5sm1ndyt40000gn/T//ccW1AR8E.s:48     .text._init:000000000000002c .L0 
/var/folders/46/ql4w1ss91p1__kn5sm1ndyt40000gn/T//ccW1AR8E.s:61     .text._fini:0000000000000002 .L0 
                     .debug_frame:0000000000000000 .L0 
/var/folders/46/ql4w1ss91p1__kn5sm1ndyt40000gn/T//ccW1AR8E.s:1818   .debug_abbrev:0000000000000000 .Ldebug_abbrev0
/var/folders/46/ql4w1ss91p1__kn5sm1ndyt40000gn/T//ccW1AR8E.s:2742   .debug_str:00000000000007ab .LASF199
/var/folders/46/ql4w1ss91p1__kn5sm1ndyt40000gn/T//ccW1AR8E.s:2696   .debug_str:00000000000006be .LASF200
/var/folders/46/ql4w1ss91p1__kn5sm1ndyt40000gn/T//ccW1AR8E.s:2422   .debug_str:0000000000000060 .LASF201
/var/folders/46/ql4w1ss91p1__kn5sm1ndyt40000gn/T//ccW1AR8E.s:2396   .debug_ranges:0000000000000000 .Ldebug_ranges0
/var/folders/46/ql4w1ss91p1__kn5sm1ndyt40000gn/T//ccW1AR8E.s:2404   .debug_line:0000000000000000 .Ldebug_line0
/var/folders/46/ql4w1ss91p1__kn5sm1ndyt40000gn/T//ccW1AR8E.s:2606   .debug_str:00000000000004d4 .LASF202
/var/folders/46/ql4w1ss91p1__kn5sm1ndyt40000gn/T//ccW1AR8E.s:2524   .debug_str:000000000000032f .LASF0
/var/folders/46/ql4w1ss91p1__kn5sm1ndyt40000gn/T//ccW1AR8E.s:2812   .debug_str:00000000000009b1 .LASF1
/var/folders/46/ql4w1ss91p1__kn5sm1ndyt40000gn/T//ccW1AR8E.s:2754   .debug_str:000000000000086e .LASF2
/var/folders/46/ql4w1ss91p1__kn5sm1ndyt40000gn/T//ccW1AR8E.s:2518   .debug_str:0000000000000300 .LASF3
/var/folders/46/ql4w1ss91p1__kn5sm1ndyt40000gn/T//ccW1AR8E.s:2598   .debug_str:00000000000004ab .LASF4
/var/folders/46/ql4w1ss91p1__kn5sm1ndyt40000gn/T//ccW1AR8E.s:2576   .debug_str:0000000000000453 .LASF5
/var/folders/46/ql4w1ss91p1__kn5sm1ndyt40000gn/T//ccW1AR8E.s:2792   .debug_str:000000000000093f .LASF6
/var/folders/46/ql4w1ss91p1__kn5sm1ndyt40000gn/T//ccW1AR8E.s:2744   .debug_str:0000000000000833 .LASF7
/var/folders/46/ql4w1ss91p1__kn5sm1ndyt40000gn/T//ccW1AR8E.s:2578   .debug_str:000000000000045e .LASF8
/var/folders/46/ql4w1ss91p1__kn5sm1ndyt40000gn/T//ccW1AR8E.s:2784   .debug_str:0000000000000914 .LASF9
/var/folders/46/ql4w1ss91p1__kn5sm1ndyt40000gn/T//ccW1AR8E.s:2660   .debug_str:0000000000000603 .LASF10
/var/folders/46/ql4w1ss91p1__kn5sm1ndyt40000gn/T//ccW1AR8E.s:2766   .debug_str:00000000000008b9 .LASF11
/var/folders/46/ql4w1ss91p1__kn5sm1ndyt40000gn/T//ccW1AR8E.s:2816   .debug_str:00000000000009c8 .LASF12
/var/folders/46/ql4w1ss91p1__kn5sm1ndyt40000gn/T//ccW1AR8E.s:2444   .debug_str:0000000000000152 .LASF13
/var/folders/46/ql4w1ss91p1__kn5sm1ndyt40000gn/T//ccW1AR8E.s:2622   .debug_str:000000000000051e .LASF14
/var/folders/46/ql4w1ss91p1__kn5sm1ndyt40000gn/T//ccW1AR8E.s:2662   .debug_str:0000000000000610 .LASF15
/var/folders/46/ql4w1ss91p1__kn5sm1ndyt40000gn/T//ccW1AR8E.s:2674   .debug_str:0000000000000646 .LASF16
/var/folders/46/ql4w1ss91p1__kn5sm1ndyt40000gn/T//ccW1AR8E.s:2440   .debug_str:0000000000000134 .LASF17
/var/folders/46/ql4w1ss91p1__kn5sm1ndyt40000gn/T//ccW1AR8E.s:2504   .debug_str:00000000000002ab .LASF18
/var/folders/46/ql4w1ss91p1__kn5sm1ndyt40000gn/T//ccW1AR8E.s:2554   .debug_str:00000000000003ce .LASF19
/var/folders/46/ql4w1ss91p1__kn5sm1ndyt40000gn/T//ccW1AR8E.s:2636   .debug_str:0000000000000573 .LASF20
/var/folders/46/ql4w1ss91p1__kn5sm1ndyt40000gn/T//ccW1AR8E.s:2776   .debug_str:00000000000008e4 .LASF21
/var/folders/46/ql4w1ss91p1__kn5sm1ndyt40000gn/T//ccW1AR8E.s:2410   .debug_str:0000000000000016 .LASF22
/var/folders/46/ql4w1ss91p1__kn5sm1ndyt40000gn/T//ccW1AR8E.s:2448   .debug_str:000000000000016c .LASF23
GAS LISTING /var/folders/46/ql4w1ss91p1__kn5sm1ndyt40000gn/T//ccW1AR8E.s 			page 5


/var/folders/46/ql4w1ss91p1__kn5sm1ndyt40000gn/T//ccW1AR8E.s:2514   .debug_str:00000000000002e8 .LASF24
/var/folders/46/ql4w1ss91p1__kn5sm1ndyt40000gn/T//ccW1AR8E.s:2412   .debug_str:0000000000000029 .LASF25
/var/folders/46/ql4w1ss91p1__kn5sm1ndyt40000gn/T//ccW1AR8E.s:2458   .debug_str:00000000000001bb .LASF26
/var/folders/46/ql4w1ss91p1__kn5sm1ndyt40000gn/T//ccW1AR8E.s:2508   .debug_str:00000000000002cc .LASF27
/var/folders/46/ql4w1ss91p1__kn5sm1ndyt40000gn/T//ccW1AR8E.s:2498   .debug_str:0000000000000281 .LASF28
/var/folders/46/ql4w1ss91p1__kn5sm1ndyt40000gn/T//ccW1AR8E.s:2546   .debug_str:000000000000039f .LASF29
/var/folders/46/ql4w1ss91p1__kn5sm1ndyt40000gn/T//ccW1AR8E.s:2472   .debug_str:00000000000001fc .LASF30
/var/folders/46/ql4w1ss91p1__kn5sm1ndyt40000gn/T//ccW1AR8E.s:2786   .debug_str:000000000000091d .LASF31
/var/folders/46/ql4w1ss91p1__kn5sm1ndyt40000gn/T//ccW1AR8E.s:2450   .debug_str:0000000000000178 .LASF32
/var/folders/46/ql4w1ss91p1__kn5sm1ndyt40000gn/T//ccW1AR8E.s:2618   .debug_str:000000000000050b .LASF33
/var/folders/46/ql4w1ss91p1__kn5sm1ndyt40000gn/T//ccW1AR8E.s:2656   .debug_str:00000000000005f1 .LASF34
/var/folders/46/ql4w1ss91p1__kn5sm1ndyt40000gn/T//ccW1AR8E.s:2724   .debug_str:0000000000000750 .LASF35
/var/folders/46/ql4w1ss91p1__kn5sm1ndyt40000gn/T//ccW1AR8E.s:2654   .debug_str:00000000000005e4 .LASF36
/var/folders/46/ql4w1ss91p1__kn5sm1ndyt40000gn/T//ccW1AR8E.s:2738   .debug_str:0000000000000798 .LASF37
/var/folders/46/ql4w1ss91p1__kn5sm1ndyt40000gn/T//ccW1AR8E.s:2424   .debug_str:00000000000000c5 .LASF38
/var/folders/46/ql4w1ss91p1__kn5sm1ndyt40000gn/T//ccW1AR8E.s:2804   .debug_str:0000000000000981 .LASF39
/var/folders/46/ql4w1ss91p1__kn5sm1ndyt40000gn/T//ccW1AR8E.s:2538   .debug_str:0000000000000372 .LASF40
/var/folders/46/ql4w1ss91p1__kn5sm1ndyt40000gn/T//ccW1AR8E.s:2584   .debug_str:0000000000000475 .LASF41
/var/folders/46/ql4w1ss91p1__kn5sm1ndyt40000gn/T//ccW1AR8E.s:2482   .debug_str:0000000000000230 .LASF42
/var/folders/46/ql4w1ss91p1__kn5sm1ndyt40000gn/T//ccW1AR8E.s:2648   .debug_str:00000000000005c7 .LASF43
/var/folders/46/ql4w1ss91p1__kn5sm1ndyt40000gn/T//ccW1AR8E.s:2708   .debug_str:000000000000070b .LASF44
/var/folders/46/ql4w1ss91p1__kn5sm1ndyt40000gn/T//ccW1AR8E.s:2768   .debug_str:00000000000008c4 .LASF45
/var/folders/46/ql4w1ss91p1__kn5sm1ndyt40000gn/T//ccW1AR8E.s:2732   .debug_str:0000000000000778 .LASF46
/var/folders/46/ql4w1ss91p1__kn5sm1ndyt40000gn/T//ccW1AR8E.s:2810   .debug_str:00000000000009a1 .LASF47
/var/folders/46/ql4w1ss91p1__kn5sm1ndyt40000gn/T//ccW1AR8E.s:2528   .debug_str:0000000000000346 .LASF48
/var/folders/46/ql4w1ss91p1__kn5sm1ndyt40000gn/T//ccW1AR8E.s:2486   .debug_str:000000000000024e .LASF49
/var/folders/46/ql4w1ss91p1__kn5sm1ndyt40000gn/T//ccW1AR8E.s:2624   .debug_str:0000000000000529 .LASF50
/var/folders/46/ql4w1ss91p1__kn5sm1ndyt40000gn/T//ccW1AR8E.s:2640   .debug_str:000000000000058d .LASF51
/var/folders/46/ql4w1ss91p1__kn5sm1ndyt40000gn/T//ccW1AR8E.s:2516   .debug_str:00000000000002f5 .LASF52
/var/folders/46/ql4w1ss91p1__kn5sm1ndyt40000gn/T//ccW1AR8E.s:2544   .debug_str:0000000000000393 .LASF53
/var/folders/46/ql4w1ss91p1__kn5sm1ndyt40000gn/T//ccW1AR8E.s:2590   .debug_str:000000000000048c .LASF54
/var/folders/46/ql4w1ss91p1__kn5sm1ndyt40000gn/T//ccW1AR8E.s:2798   .debug_str:0000000000000962 .LASF55
/var/folders/46/ql4w1ss91p1__kn5sm1ndyt40000gn/T//ccW1AR8E.s:2642   .debug_str:0000000000000598 .LASF56
/var/folders/46/ql4w1ss91p1__kn5sm1ndyt40000gn/T//ccW1AR8E.s:2610   .debug_str:00000000000004e2 .LASF57
/var/folders/46/ql4w1ss91p1__kn5sm1ndyt40000gn/T//ccW1AR8E.s:2502   .debug_str:0000000000000298 .LASF58
/var/folders/46/ql4w1ss91p1__kn5sm1ndyt40000gn/T//ccW1AR8E.s:2522   .debug_str:000000000000031c .LASF59
/var/folders/46/ql4w1ss91p1__kn5sm1ndyt40000gn/T//ccW1AR8E.s:2568   .debug_str:0000000000000422 .LASF60
/var/folders/46/ql4w1ss91p1__kn5sm1ndyt40000gn/T//ccW1AR8E.s:2414   .debug_str:0000000000000037 .LASF61
/var/folders/46/ql4w1ss91p1__kn5sm1ndyt40000gn/T//ccW1AR8E.s:2432   .debug_str:00000000000000fb .LASF62
/var/folders/46/ql4w1ss91p1__kn5sm1ndyt40000gn/T//ccW1AR8E.s:2560   .debug_str:00000000000003fb .LASF63
/var/folders/46/ql4w1ss91p1__kn5sm1ndyt40000gn/T//ccW1AR8E.s:2574   .debug_str:0000000000000448 .LASF64
/var/folders/46/ql4w1ss91p1__kn5sm1ndyt40000gn/T//ccW1AR8E.s:2626   .debug_str:0000000000000533 .LASF65
/var/folders/46/ql4w1ss91p1__kn5sm1ndyt40000gn/T//ccW1AR8E.s:2728   .debug_str:0000000000000762 .LASF66
/var/folders/46/ql4w1ss91p1__kn5sm1ndyt40000gn/T//ccW1AR8E.s:2464   .debug_str:00000000000001d7 .LASF67
/var/folders/46/ql4w1ss91p1__kn5sm1ndyt40000gn/T//ccW1AR8E.s:2748   .debug_str:0000000000000852 .LASF68
/var/folders/46/ql4w1ss91p1__kn5sm1ndyt40000gn/T//ccW1AR8E.s:2408   .debug_str:000000000000000c .LASF69
/var/folders/46/ql4w1ss91p1__kn5sm1ndyt40000gn/T//ccW1AR8E.s:2746   .debug_str:000000000000083f .LASF70
/var/folders/46/ql4w1ss91p1__kn5sm1ndyt40000gn/T//ccW1AR8E.s:2490   .debug_str:0000000000000262 .LASF71
/var/folders/46/ql4w1ss91p1__kn5sm1ndyt40000gn/T//ccW1AR8E.s:2734   .debug_str:0000000000000787 .LASF75
/var/folders/46/ql4w1ss91p1__kn5sm1ndyt40000gn/T//ccW1AR8E.s:2558   .debug_str:00000000000003e9 .LASF72
/var/folders/46/ql4w1ss91p1__kn5sm1ndyt40000gn/T//ccW1AR8E.s:2506   .debug_str:00000000000002be .LASF73
/var/folders/46/ql4w1ss91p1__kn5sm1ndyt40000gn/T//ccW1AR8E.s:2434   .debug_str:0000000000000109 .LASF74
/var/folders/46/ql4w1ss91p1__kn5sm1ndyt40000gn/T//ccW1AR8E.s:2762   .debug_str:00000000000008a3 .LASF76
/var/folders/46/ql4w1ss91p1__kn5sm1ndyt40000gn/T//ccW1AR8E.s:2550   .debug_str:00000000000003b6 .LASF186
/var/folders/46/ql4w1ss91p1__kn5sm1ndyt40000gn/T//ccW1AR8E.s:2714   .debug_str:0000000000000729 .LASF77
/var/folders/46/ql4w1ss91p1__kn5sm1ndyt40000gn/T//ccW1AR8E.s:2638   .debug_str:0000000000000586 .LASF78
/var/folders/46/ql4w1ss91p1__kn5sm1ndyt40000gn/T//ccW1AR8E.s:2460   .debug_str:00000000000001c9 .LASF79
GAS LISTING /var/folders/46/ql4w1ss91p1__kn5sm1ndyt40000gn/T//ccW1AR8E.s 			page 6


/var/folders/46/ql4w1ss91p1__kn5sm1ndyt40000gn/T//ccW1AR8E.s:2712   .debug_str:0000000000000721 .LASF80
/var/folders/46/ql4w1ss91p1__kn5sm1ndyt40000gn/T//ccW1AR8E.s:2778   .debug_str:00000000000008f7 .LASF81
/var/folders/46/ql4w1ss91p1__kn5sm1ndyt40000gn/T//ccW1AR8E.s:2582   .debug_str:000000000000046f .LASF82
/var/folders/46/ql4w1ss91p1__kn5sm1ndyt40000gn/T//ccW1AR8E.s:2548   .debug_str:00000000000003af .LASF83
/var/folders/46/ql4w1ss91p1__kn5sm1ndyt40000gn/T//ccW1AR8E.s:2704   .debug_str:00000000000006fb .LASF84
/var/folders/46/ql4w1ss91p1__kn5sm1ndyt40000gn/T//ccW1AR8E.s:2706   .debug_str:0000000000000703 .LASF85
/var/folders/46/ql4w1ss91p1__kn5sm1ndyt40000gn/T//ccW1AR8E.s:2678   .debug_str:0000000000000660 .LASF86
/var/folders/46/ql4w1ss91p1__kn5sm1ndyt40000gn/T//ccW1AR8E.s:2756   .debug_str:000000000000087b .LASF87
/var/folders/46/ql4w1ss91p1__kn5sm1ndyt40000gn/T//ccW1AR8E.s:2646   .debug_str:00000000000005b5 .LASF88
/var/folders/46/ql4w1ss91p1__kn5sm1ndyt40000gn/T//ccW1AR8E.s:2666   .debug_str:0000000000000624 .LASF89
/var/folders/46/ql4w1ss91p1__kn5sm1ndyt40000gn/T//ccW1AR8E.s:2536   .debug_str:000000000000036a .LASF94
/var/folders/46/ql4w1ss91p1__kn5sm1ndyt40000gn/T//ccW1AR8E.s:2736   .debug_str:0000000000000792 .LASF90
/var/folders/46/ql4w1ss91p1__kn5sm1ndyt40000gn/T//ccW1AR8E.s:2698   .debug_str:00000000000006e6 .LASF91
/var/folders/46/ql4w1ss91p1__kn5sm1ndyt40000gn/T//ccW1AR8E.s:2530   .debug_str:0000000000000350 .LASF92
/var/folders/46/ql4w1ss91p1__kn5sm1ndyt40000gn/T//ccW1AR8E.s:2772   .debug_str:00000000000008d9 .LASF93
/var/folders/46/ql4w1ss91p1__kn5sm1ndyt40000gn/T//ccW1AR8E.s:2512   .debug_str:00000000000002e3 .LASF95
/var/folders/46/ql4w1ss91p1__kn5sm1ndyt40000gn/T//ccW1AR8E.s:2456   .debug_str:00000000000001b2 .LASF96
/var/folders/46/ql4w1ss91p1__kn5sm1ndyt40000gn/T//ccW1AR8E.s:2750   .debug_str:0000000000000860 .LASF97
/var/folders/46/ql4w1ss91p1__kn5sm1ndyt40000gn/T//ccW1AR8E.s:2474   .debug_str:000000000000020b .LASF98
/var/folders/46/ql4w1ss91p1__kn5sm1ndyt40000gn/T//ccW1AR8E.s:2814   .debug_str:00000000000009be .LASF99
/var/folders/46/ql4w1ss91p1__kn5sm1ndyt40000gn/T//ccW1AR8E.s:2628   .debug_str:0000000000000548 .LASF100
/var/folders/46/ql4w1ss91p1__kn5sm1ndyt40000gn/T//ccW1AR8E.s:2604   .debug_str:00000000000004ca .LASF101
/var/folders/46/ql4w1ss91p1__kn5sm1ndyt40000gn/T//ccW1AR8E.s:2710   .debug_str:0000000000000717 .LASF102
/var/folders/46/ql4w1ss91p1__kn5sm1ndyt40000gn/T//ccW1AR8E.s:2668   .debug_str:000000000000062d .LASF103
/var/folders/46/ql4w1ss91p1__kn5sm1ndyt40000gn/T//ccW1AR8E.s:2794   .debug_str:0000000000000948 .LASF104
/var/folders/46/ql4w1ss91p1__kn5sm1ndyt40000gn/T//ccW1AR8E.s:2478   .debug_str:000000000000021a .LASF105
/var/folders/46/ql4w1ss91p1__kn5sm1ndyt40000gn/T//ccW1AR8E.s:2416   .debug_str:0000000000000045 .LASF106
/var/folders/46/ql4w1ss91p1__kn5sm1ndyt40000gn/T//ccW1AR8E.s:2406   .debug_str:0000000000000000 .LASF107
/var/folders/46/ql4w1ss91p1__kn5sm1ndyt40000gn/T//ccW1AR8E.s:2730   .debug_str:000000000000076f .LASF108
/var/folders/46/ql4w1ss91p1__kn5sm1ndyt40000gn/T//ccW1AR8E.s:2494   .debug_str:0000000000000272 .LASF109
/var/folders/46/ql4w1ss91p1__kn5sm1ndyt40000gn/T//ccW1AR8E.s:2630   .debug_str:0000000000000551 .LASF110
/var/folders/46/ql4w1ss91p1__kn5sm1ndyt40000gn/T//ccW1AR8E.s:2688   .debug_str:000000000000068e .LASF111
/var/folders/46/ql4w1ss91p1__kn5sm1ndyt40000gn/T//ccW1AR8E.s:2526   .debug_str:0000000000000341 .LASF112
/var/folders/46/ql4w1ss91p1__kn5sm1ndyt40000gn/T//ccW1AR8E.s:2670   .debug_str:0000000000000637 .LASF113
/var/folders/46/ql4w1ss91p1__kn5sm1ndyt40000gn/T//ccW1AR8E.s:2470   .debug_str:00000000000001f6 .LASF114
/var/folders/46/ql4w1ss91p1__kn5sm1ndyt40000gn/T//ccW1AR8E.s:2726   .debug_str:000000000000075c .LASF115
/var/folders/46/ql4w1ss91p1__kn5sm1ndyt40000gn/T//ccW1AR8E.s:2680   .debug_str:000000000000066b .LASF116
/var/folders/46/ql4w1ss91p1__kn5sm1ndyt40000gn/T//ccW1AR8E.s:2492   .debug_str:000000000000026b .LASF117
/var/folders/46/ql4w1ss91p1__kn5sm1ndyt40000gn/T//ccW1AR8E.s:2770   .debug_str:00000000000008d3 .LASF118
/var/folders/46/ql4w1ss91p1__kn5sm1ndyt40000gn/T//ccW1AR8E.s:2436   .debug_str:0000000000000120 .LASF119
/var/folders/46/ql4w1ss91p1__kn5sm1ndyt40000gn/T//ccW1AR8E.s:2480   .debug_str:0000000000000228 .LASF120
/var/folders/46/ql4w1ss91p1__kn5sm1ndyt40000gn/T//ccW1AR8E.s:2542   .debug_str:000000000000038d .LASF121
/var/folders/46/ql4w1ss91p1__kn5sm1ndyt40000gn/T//ccW1AR8E.s:2602   .debug_str:00000000000004c3 .LASF122
/var/folders/46/ql4w1ss91p1__kn5sm1ndyt40000gn/T//ccW1AR8E.s:2740   .debug_str:00000000000007a5 .LASF123
/var/folders/46/ql4w1ss91p1__kn5sm1ndyt40000gn/T//ccW1AR8E.s:2462   .debug_str:00000000000001d0 .LASF124
/var/folders/46/ql4w1ss91p1__kn5sm1ndyt40000gn/T//ccW1AR8E.s:2468   .debug_str:00000000000001f0 .LASF125
/var/folders/46/ql4w1ss91p1__kn5sm1ndyt40000gn/T//ccW1AR8E.s:2788   .debug_str:0000000000000931 .LASF126
/var/folders/46/ql4w1ss91p1__kn5sm1ndyt40000gn/T//ccW1AR8E.s:2722   .debug_str:0000000000000747 .LASF127
/var/folders/46/ql4w1ss91p1__kn5sm1ndyt40000gn/T//ccW1AR8E.s:2614   .debug_str:00000000000004fc .LASF128
/var/folders/46/ql4w1ss91p1__kn5sm1ndyt40000gn/T//ccW1AR8E.s:2562   .debug_str:000000000000040a .LASF129
/var/folders/46/ql4w1ss91p1__kn5sm1ndyt40000gn/T//ccW1AR8E.s:2592   .debug_str:0000000000000498 .LASF130
/var/folders/46/ql4w1ss91p1__kn5sm1ndyt40000gn/T//ccW1AR8E.s:2682   .debug_str:0000000000000673 .LASF131
/var/folders/46/ql4w1ss91p1__kn5sm1ndyt40000gn/T//ccW1AR8E.s:2672   .debug_str:000000000000063e .LASF132
/var/folders/46/ql4w1ss91p1__kn5sm1ndyt40000gn/T//ccW1AR8E.s:2700   .debug_str:00000000000006ee .LASF133
/var/folders/46/ql4w1ss91p1__kn5sm1ndyt40000gn/T//ccW1AR8E.s:2718   .debug_str:000000000000073b .LASF134
/var/folders/46/ql4w1ss91p1__kn5sm1ndyt40000gn/T//ccW1AR8E.s:2496   .debug_str:000000000000027a .LASF135
/var/folders/46/ql4w1ss91p1__kn5sm1ndyt40000gn/T//ccW1AR8E.s:2552   .debug_str:00000000000003c6 .LASF136
GAS LISTING /var/folders/46/ql4w1ss91p1__kn5sm1ndyt40000gn/T//ccW1AR8E.s 			page 7


/var/folders/46/ql4w1ss91p1__kn5sm1ndyt40000gn/T//ccW1AR8E.s:2534   .debug_str:0000000000000362 .LASF137
/var/folders/46/ql4w1ss91p1__kn5sm1ndyt40000gn/T//ccW1AR8E.s:2686   .debug_str:0000000000000689 .LASF138
/var/folders/46/ql4w1ss91p1__kn5sm1ndyt40000gn/T//ccW1AR8E.s:2420   .debug_str:0000000000000055 .LASF139
/var/folders/46/ql4w1ss91p1__kn5sm1ndyt40000gn/T//ccW1AR8E.s:2694   .debug_str:00000000000006a5 .LASF140
/var/folders/46/ql4w1ss91p1__kn5sm1ndyt40000gn/T//ccW1AR8E.s:2690   .debug_str:0000000000000693 .LASF141
/var/folders/46/ql4w1ss91p1__kn5sm1ndyt40000gn/T//ccW1AR8E.s:2632   .debug_str:0000000000000559 .LASF142
/var/folders/46/ql4w1ss91p1__kn5sm1ndyt40000gn/T//ccW1AR8E.s:2692   .debug_str:000000000000069b .LASF143
/var/folders/46/ql4w1ss91p1__kn5sm1ndyt40000gn/T//ccW1AR8E.s:2580   .debug_str:0000000000000467 .LASF144
/var/folders/46/ql4w1ss91p1__kn5sm1ndyt40000gn/T//ccW1AR8E.s:2500   .debug_str:000000000000028e .LASF145
/var/folders/46/ql4w1ss91p1__kn5sm1ndyt40000gn/T//ccW1AR8E.s:2808   .debug_str:000000000000099c .LASF146
/var/folders/46/ql4w1ss91p1__kn5sm1ndyt40000gn/T//ccW1AR8E.s:2644   .debug_str:00000000000005ab .LASF147
/var/folders/46/ql4w1ss91p1__kn5sm1ndyt40000gn/T//ccW1AR8E.s:2556   .debug_str:00000000000003e1 .LASF148
/var/folders/46/ql4w1ss91p1__kn5sm1ndyt40000gn/T//ccW1AR8E.s:2510   .debug_str:00000000000002db .LASF149
/var/folders/46/ql4w1ss91p1__kn5sm1ndyt40000gn/T//ccW1AR8E.s:2588   .debug_str:0000000000000487 .LASF150
/var/folders/46/ql4w1ss91p1__kn5sm1ndyt40000gn/T//ccW1AR8E.s:2426   .debug_str:00000000000000d2 .LASF151
/var/folders/46/ql4w1ss91p1__kn5sm1ndyt40000gn/T//ccW1AR8E.s:2782   .debug_str:000000000000090a .LASF152
/var/folders/46/ql4w1ss91p1__kn5sm1ndyt40000gn/T//ccW1AR8E.s:2488   .debug_str:000000000000025a .LASF153
/var/folders/46/ql4w1ss91p1__kn5sm1ndyt40000gn/T//ccW1AR8E.s:2476   .debug_str:0000000000000215 .LASF154
/var/folders/46/ql4w1ss91p1__kn5sm1ndyt40000gn/T//ccW1AR8E.s:2720   .debug_str:0000000000000742 .LASF155
/var/folders/46/ql4w1ss91p1__kn5sm1ndyt40000gn/T//ccW1AR8E.s:2676   .debug_str:0000000000000659 .LASF156
/var/folders/46/ql4w1ss91p1__kn5sm1ndyt40000gn/T//ccW1AR8E.s:2774   .debug_str:00000000000008de .LASF157
/var/folders/46/ql4w1ss91p1__kn5sm1ndyt40000gn/T//ccW1AR8E.s:2564   .debug_str:0000000000000410 .LASF158
/var/folders/46/ql4w1ss91p1__kn5sm1ndyt40000gn/T//ccW1AR8E.s:2658   .debug_str:00000000000005fd .LASF159
/var/folders/46/ql4w1ss91p1__kn5sm1ndyt40000gn/T//ccW1AR8E.s:2418   .debug_str:000000000000004d .LASF160
/var/folders/46/ql4w1ss91p1__kn5sm1ndyt40000gn/T//ccW1AR8E.s:2702   .debug_str:00000000000006f5 .LASF161
/var/folders/46/ql4w1ss91p1__kn5sm1ndyt40000gn/T//ccW1AR8E.s:2594   .debug_str:000000000000049e .LASF162
/var/folders/46/ql4w1ss91p1__kn5sm1ndyt40000gn/T//ccW1AR8E.s:2752   .debug_str:0000000000000869 .LASF163
/var/folders/46/ql4w1ss91p1__kn5sm1ndyt40000gn/T//ccW1AR8E.s:2764   .debug_str:00000000000008ac .LASF164
/var/folders/46/ql4w1ss91p1__kn5sm1ndyt40000gn/T//ccW1AR8E.s:2466   .debug_str:00000000000001e3 .LASF165
/var/folders/46/ql4w1ss91p1__kn5sm1ndyt40000gn/T//ccW1AR8E.s:2572   .debug_str:000000000000043b .LASF166
/var/folders/46/ql4w1ss91p1__kn5sm1ndyt40000gn/T//ccW1AR8E.s:2796   .debug_str:0000000000000953 .LASF167
/var/folders/46/ql4w1ss91p1__kn5sm1ndyt40000gn/T//ccW1AR8E.s:2634   .debug_str:0000000000000564 .LASF168
/var/folders/46/ql4w1ss91p1__kn5sm1ndyt40000gn/T//ccW1AR8E.s:2566   .debug_str:0000000000000417 .LASF169
/var/folders/46/ql4w1ss91p1__kn5sm1ndyt40000gn/T//ccW1AR8E.s:2800   .debug_str:0000000000000975 .LASF170
/var/folders/46/ql4w1ss91p1__kn5sm1ndyt40000gn/T//ccW1AR8E.s:2684   .debug_str:000000000000067c .LASF171
/var/folders/46/ql4w1ss91p1__kn5sm1ndyt40000gn/T//ccW1AR8E.s:2806   .debug_str:000000000000098e .LASF172
/var/folders/46/ql4w1ss91p1__kn5sm1ndyt40000gn/T//ccW1AR8E.s:2454   .debug_str:00000000000001a4 .LASF173
/var/folders/46/ql4w1ss91p1__kn5sm1ndyt40000gn/T//ccW1AR8E.s:2780   .debug_str:0000000000000900 .LASF174
/var/folders/46/ql4w1ss91p1__kn5sm1ndyt40000gn/T//ccW1AR8E.s:2570   .debug_str:000000000000042f .LASF175
/var/folders/46/ql4w1ss91p1__kn5sm1ndyt40000gn/T//ccW1AR8E.s:2758   .debug_str:0000000000000883 .LASF176
/var/folders/46/ql4w1ss91p1__kn5sm1ndyt40000gn/T//ccW1AR8E.s:2520   .debug_str:000000000000030e .LASF177
/var/folders/46/ql4w1ss91p1__kn5sm1ndyt40000gn/T//ccW1AR8E.s:2446   .debug_str:000000000000015d .LASF178
/var/folders/46/ql4w1ss91p1__kn5sm1ndyt40000gn/T//ccW1AR8E.s:2540   .debug_str:000000000000037c .LASF179
/var/folders/46/ql4w1ss91p1__kn5sm1ndyt40000gn/T//ccW1AR8E.s:2428   .debug_str:00000000000000db .LASF180
/var/folders/46/ql4w1ss91p1__kn5sm1ndyt40000gn/T//ccW1AR8E.s:2430   .debug_str:00000000000000ea .LASF181
/var/folders/46/ql4w1ss91p1__kn5sm1ndyt40000gn/T//ccW1AR8E.s:2664   .debug_str:000000000000061b .LASF182
/var/folders/46/ql4w1ss91p1__kn5sm1ndyt40000gn/T//ccW1AR8E.s:2620   .debug_str:0000000000000517 .LASF183
/var/folders/46/ql4w1ss91p1__kn5sm1ndyt40000gn/T//ccW1AR8E.s:2608   .debug_str:00000000000004d9 .LASF184
/var/folders/46/ql4w1ss91p1__kn5sm1ndyt40000gn/T//ccW1AR8E.s:2790   .debug_str:0000000000000937 .LASF185
/var/folders/46/ql4w1ss91p1__kn5sm1ndyt40000gn/T//ccW1AR8E.s:2442   .debug_str:0000000000000147 .LASF203
/var/folders/46/ql4w1ss91p1__kn5sm1ndyt40000gn/T//ccW1AR8E.s:2532   .debug_str:0000000000000356 .LASF187
/var/folders/46/ql4w1ss91p1__kn5sm1ndyt40000gn/T//ccW1AR8E.s:2760   .debug_str:0000000000000890 .LASF188
/var/folders/46/ql4w1ss91p1__kn5sm1ndyt40000gn/T//ccW1AR8E.s:2586   .debug_str:000000000000047f .LASF189
/var/folders/46/ql4w1ss91p1__kn5sm1ndyt40000gn/T//ccW1AR8E.s:2612   .debug_str:00000000000004f5 .LASF190
/var/folders/46/ql4w1ss91p1__kn5sm1ndyt40000gn/T//ccW1AR8E.s:2616   .debug_str:0000000000000504 .LASF191
/var/folders/46/ql4w1ss91p1__kn5sm1ndyt40000gn/T//ccW1AR8E.s:2596   .debug_str:00000000000004a4 .LASF192
/var/folders/46/ql4w1ss91p1__kn5sm1ndyt40000gn/T//ccW1AR8E.s:2802   .debug_str:000000000000097a .LASF193
GAS LISTING /var/folders/46/ql4w1ss91p1__kn5sm1ndyt40000gn/T//ccW1AR8E.s 			page 8


/var/folders/46/ql4w1ss91p1__kn5sm1ndyt40000gn/T//ccW1AR8E.s:2600   .debug_str:00000000000004ba .LASF194
/var/folders/46/ql4w1ss91p1__kn5sm1ndyt40000gn/T//ccW1AR8E.s:2650   .debug_str:00000000000005d3 .LASF204
/var/folders/46/ql4w1ss91p1__kn5sm1ndyt40000gn/T//ccW1AR8E.s:53     .text._fini:0000000000000000 .LFB6
/var/folders/46/ql4w1ss91p1__kn5sm1ndyt40000gn/T//ccW1AR8E.s:59     .text._fini:0000000000000002 .LFE6
/var/folders/46/ql4w1ss91p1__kn5sm1ndyt40000gn/T//ccW1AR8E.s:2716   .debug_str:0000000000000735 .LASF205
/var/folders/46/ql4w1ss91p1__kn5sm1ndyt40000gn/T//ccW1AR8E.s:14     .text._init:0000000000000000 .LFB5
/var/folders/46/ql4w1ss91p1__kn5sm1ndyt40000gn/T//ccW1AR8E.s:46     .text._init:000000000000002c .LFE5
/var/folders/46/ql4w1ss91p1__kn5sm1ndyt40000gn/T//ccW1AR8E.s:2363   .debug_loc:0000000000000000 .LLST0
/var/folders/46/ql4w1ss91p1__kn5sm1ndyt40000gn/T//ccW1AR8E.s:27     .text._init:000000000000000c .LVL0
/var/folders/46/ql4w1ss91p1__kn5sm1ndyt40000gn/T//ccW1AR8E.s:31     .text._init:0000000000000018 .LVL1
/var/folders/46/ql4w1ss91p1__kn5sm1ndyt40000gn/T//ccW1AR8E.s:34     .text._init:0000000000000020 .LVL2
/var/folders/46/ql4w1ss91p1__kn5sm1ndyt40000gn/T//ccW1AR8E.s:44     .text._init:000000000000002c .LVL3
/var/folders/46/ql4w1ss91p1__kn5sm1ndyt40000gn/T//ccW1AR8E.s:2652   .debug_str:00000000000005d9 .LASF195
/var/folders/46/ql4w1ss91p1__kn5sm1ndyt40000gn/T//ccW1AR8E.s:2438   .debug_str:0000000000000129 .LASF196
/var/folders/46/ql4w1ss91p1__kn5sm1ndyt40000gn/T//ccW1AR8E.s:2484   .debug_str:000000000000023c .LASF197
/var/folders/46/ql4w1ss91p1__kn5sm1ndyt40000gn/T//ccW1AR8E.s:2452   .debug_str:000000000000018c .LASF198
/var/folders/46/ql4w1ss91p1__kn5sm1ndyt40000gn/T//ccW1AR8E.s:21     .text._init:0000000000000002 .LCFI0
/var/folders/46/ql4w1ss91p1__kn5sm1ndyt40000gn/T//ccW1AR8E.s:40     .text._init:0000000000000024 .LCFI1
/var/folders/46/ql4w1ss91p1__kn5sm1ndyt40000gn/T//ccW1AR8E.s:74     .debug_info:0000000000000000 .Ldebug_info0
=======
/var/folders/46/ql4w1ss91p1__kn5sm1ndyt40000gn/T//ccc2n4Ll.s:13     .text._init:0000000000000000 _init
/var/folders/46/ql4w1ss91p1__kn5sm1ndyt40000gn/T//ccc2n4Ll.s:17     .text._init:0000000000000000 .L0 
/var/folders/46/ql4w1ss91p1__kn5sm1ndyt40000gn/T//ccc2n4Ll.s:18     .text._init:0000000000000000 .L0 
/var/folders/46/ql4w1ss91p1__kn5sm1ndyt40000gn/T//ccc2n4Ll.s:19     .text._init:0000000000000000 .L0 
/var/folders/46/ql4w1ss91p1__kn5sm1ndyt40000gn/T//ccc2n4Ll.s:20     .text._init:0000000000000000 .L0 
/var/folders/46/ql4w1ss91p1__kn5sm1ndyt40000gn/T//ccc2n4Ll.s:22     .text._init:0000000000000002 .L0 
/var/folders/46/ql4w1ss91p1__kn5sm1ndyt40000gn/T//ccc2n4Ll.s:24     .text._init:0000000000000004 .L0 
/var/folders/46/ql4w1ss91p1__kn5sm1ndyt40000gn/T//ccc2n4Ll.s:26     .text._init:0000000000000004 .L0 
/var/folders/46/ql4w1ss91p1__kn5sm1ndyt40000gn/T//ccc2n4Ll.s:29     .text._init:000000000000000c .L0 
/var/folders/46/ql4w1ss91p1__kn5sm1ndyt40000gn/T//ccc2n4Ll.s:33     .text._init:0000000000000018 .L0 
/var/folders/46/ql4w1ss91p1__kn5sm1ndyt40000gn/T//ccc2n4Ll.s:36     .text._init:0000000000000020 .L0 
/var/folders/46/ql4w1ss91p1__kn5sm1ndyt40000gn/T//ccc2n4Ll.s:37     .text._init:0000000000000020 .L0 
/var/folders/46/ql4w1ss91p1__kn5sm1ndyt40000gn/T//ccc2n4Ll.s:38     .text._init:0000000000000022 .L0 
/var/folders/46/ql4w1ss91p1__kn5sm1ndyt40000gn/T//ccc2n4Ll.s:41     .text._init:0000000000000024 .L0 
/var/folders/46/ql4w1ss91p1__kn5sm1ndyt40000gn/T//ccc2n4Ll.s:43     .text._init:0000000000000024 .L0 
/var/folders/46/ql4w1ss91p1__kn5sm1ndyt40000gn/T//ccc2n4Ll.s:45     .text._init:000000000000002c .L0 
/var/folders/46/ql4w1ss91p1__kn5sm1ndyt40000gn/T//ccc2n4Ll.s:52     .text._fini:0000000000000000 _fini
/var/folders/46/ql4w1ss91p1__kn5sm1ndyt40000gn/T//ccc2n4Ll.s:55     .text._fini:0000000000000000 .L0 
/var/folders/46/ql4w1ss91p1__kn5sm1ndyt40000gn/T//ccc2n4Ll.s:56     .text._fini:0000000000000000 .L0 
/var/folders/46/ql4w1ss91p1__kn5sm1ndyt40000gn/T//ccc2n4Ll.s:57     .text._fini:0000000000000000 .L0 
/var/folders/46/ql4w1ss91p1__kn5sm1ndyt40000gn/T//ccc2n4Ll.s:58     .text._fini:0000000000000002 .L0 
/var/folders/46/ql4w1ss91p1__kn5sm1ndyt40000gn/T//ccc2n4Ll.s:48     .text._init:000000000000002c .L0 
/var/folders/46/ql4w1ss91p1__kn5sm1ndyt40000gn/T//ccc2n4Ll.s:61     .text._fini:0000000000000002 .L0 
                     .debug_frame:0000000000000000 .L0 
/var/folders/46/ql4w1ss91p1__kn5sm1ndyt40000gn/T//ccc2n4Ll.s:1818   .debug_abbrev:0000000000000000 .Ldebug_abbrev0
/var/folders/46/ql4w1ss91p1__kn5sm1ndyt40000gn/T//ccc2n4Ll.s:2742   .debug_str:000000000000079a .LASF199
/var/folders/46/ql4w1ss91p1__kn5sm1ndyt40000gn/T//ccc2n4Ll.s:2696   .debug_str:00000000000006ad .LASF200
/var/folders/46/ql4w1ss91p1__kn5sm1ndyt40000gn/T//ccc2n4Ll.s:2504   .debug_str:0000000000000259 .LASF201
/var/folders/46/ql4w1ss91p1__kn5sm1ndyt40000gn/T//ccc2n4Ll.s:2396   .debug_ranges:0000000000000000 .Ldebug_ranges0
/var/folders/46/ql4w1ss91p1__kn5sm1ndyt40000gn/T//ccc2n4Ll.s:2404   .debug_line:0000000000000000 .Ldebug_line0
/var/folders/46/ql4w1ss91p1__kn5sm1ndyt40000gn/T//ccc2n4Ll.s:2606   .debug_str:00000000000004c3 .LASF202
/var/folders/46/ql4w1ss91p1__kn5sm1ndyt40000gn/T//ccc2n4Ll.s:2522   .debug_str:0000000000000310 .LASF0
/var/folders/46/ql4w1ss91p1__kn5sm1ndyt40000gn/T//ccc2n4Ll.s:2812   .debug_str:00000000000009a0 .LASF1
/var/folders/46/ql4w1ss91p1__kn5sm1ndyt40000gn/T//ccc2n4Ll.s:2754   .debug_str:000000000000085d .LASF2
/var/folders/46/ql4w1ss91p1__kn5sm1ndyt40000gn/T//ccc2n4Ll.s:2516   .debug_str:00000000000002e1 .LASF3
/var/folders/46/ql4w1ss91p1__kn5sm1ndyt40000gn/T//ccc2n4Ll.s:2598   .debug_str:000000000000049a .LASF4
/var/folders/46/ql4w1ss91p1__kn5sm1ndyt40000gn/T//ccc2n4Ll.s:2576   .debug_str:0000000000000442 .LASF5
/var/folders/46/ql4w1ss91p1__kn5sm1ndyt40000gn/T//ccc2n4Ll.s:2792   .debug_str:000000000000092e .LASF6
/var/folders/46/ql4w1ss91p1__kn5sm1ndyt40000gn/T//ccc2n4Ll.s:2744   .debug_str:0000000000000822 .LASF7
/var/folders/46/ql4w1ss91p1__kn5sm1ndyt40000gn/T//ccc2n4Ll.s:2578   .debug_str:000000000000044d .LASF8
/var/folders/46/ql4w1ss91p1__kn5sm1ndyt40000gn/T//ccc2n4Ll.s:2784   .debug_str:0000000000000903 .LASF9
/var/folders/46/ql4w1ss91p1__kn5sm1ndyt40000gn/T//ccc2n4Ll.s:2660   .debug_str:00000000000005f2 .LASF10
/var/folders/46/ql4w1ss91p1__kn5sm1ndyt40000gn/T//ccc2n4Ll.s:2766   .debug_str:00000000000008a8 .LASF11
/var/folders/46/ql4w1ss91p1__kn5sm1ndyt40000gn/T//ccc2n4Ll.s:2816   .debug_str:00000000000009b7 .LASF12
/var/folders/46/ql4w1ss91p1__kn5sm1ndyt40000gn/T//ccc2n4Ll.s:2442   .debug_str:00000000000000ed .LASF13
/var/folders/46/ql4w1ss91p1__kn5sm1ndyt40000gn/T//ccc2n4Ll.s:2622   .debug_str:000000000000050d .LASF14
/var/folders/46/ql4w1ss91p1__kn5sm1ndyt40000gn/T//ccc2n4Ll.s:2662   .debug_str:00000000000005ff .LASF15
/var/folders/46/ql4w1ss91p1__kn5sm1ndyt40000gn/T//ccc2n4Ll.s:2674   .debug_str:0000000000000635 .LASF16
/var/folders/46/ql4w1ss91p1__kn5sm1ndyt40000gn/T//ccc2n4Ll.s:2438   .debug_str:00000000000000cf .LASF17
/var/folders/46/ql4w1ss91p1__kn5sm1ndyt40000gn/T//ccc2n4Ll.s:2502   .debug_str:0000000000000246 .LASF18
/var/folders/46/ql4w1ss91p1__kn5sm1ndyt40000gn/T//ccc2n4Ll.s:2552   .debug_str:00000000000003af .LASF19
/var/folders/46/ql4w1ss91p1__kn5sm1ndyt40000gn/T//ccc2n4Ll.s:2636   .debug_str:0000000000000562 .LASF20
/var/folders/46/ql4w1ss91p1__kn5sm1ndyt40000gn/T//ccc2n4Ll.s:2776   .debug_str:00000000000008d3 .LASF21
/var/folders/46/ql4w1ss91p1__kn5sm1ndyt40000gn/T//ccc2n4Ll.s:2410   .debug_str:0000000000000016 .LASF22
/var/folders/46/ql4w1ss91p1__kn5sm1ndyt40000gn/T//ccc2n4Ll.s:2446   .debug_str:0000000000000107 .LASF23
GAS LISTING /var/folders/46/ql4w1ss91p1__kn5sm1ndyt40000gn/T//ccc2n4Ll.s 			page 5


/var/folders/46/ql4w1ss91p1__kn5sm1ndyt40000gn/T//ccc2n4Ll.s:2512   .debug_str:00000000000002c9 .LASF24
/var/folders/46/ql4w1ss91p1__kn5sm1ndyt40000gn/T//ccc2n4Ll.s:2412   .debug_str:0000000000000029 .LASF25
/var/folders/46/ql4w1ss91p1__kn5sm1ndyt40000gn/T//ccc2n4Ll.s:2456   .debug_str:0000000000000156 .LASF26
/var/folders/46/ql4w1ss91p1__kn5sm1ndyt40000gn/T//ccc2n4Ll.s:2506   .debug_str:00000000000002ad .LASF27
/var/folders/46/ql4w1ss91p1__kn5sm1ndyt40000gn/T//ccc2n4Ll.s:2496   .debug_str:000000000000021c .LASF28
/var/folders/46/ql4w1ss91p1__kn5sm1ndyt40000gn/T//ccc2n4Ll.s:2544   .debug_str:0000000000000380 .LASF29
/var/folders/46/ql4w1ss91p1__kn5sm1ndyt40000gn/T//ccc2n4Ll.s:2470   .debug_str:0000000000000197 .LASF30
/var/folders/46/ql4w1ss91p1__kn5sm1ndyt40000gn/T//ccc2n4Ll.s:2786   .debug_str:000000000000090c .LASF31
/var/folders/46/ql4w1ss91p1__kn5sm1ndyt40000gn/T//ccc2n4Ll.s:2448   .debug_str:0000000000000113 .LASF32
/var/folders/46/ql4w1ss91p1__kn5sm1ndyt40000gn/T//ccc2n4Ll.s:2618   .debug_str:00000000000004fa .LASF33
/var/folders/46/ql4w1ss91p1__kn5sm1ndyt40000gn/T//ccc2n4Ll.s:2656   .debug_str:00000000000005e0 .LASF34
/var/folders/46/ql4w1ss91p1__kn5sm1ndyt40000gn/T//ccc2n4Ll.s:2724   .debug_str:000000000000073f .LASF35
/var/folders/46/ql4w1ss91p1__kn5sm1ndyt40000gn/T//ccc2n4Ll.s:2654   .debug_str:00000000000005d3 .LASF36
/var/folders/46/ql4w1ss91p1__kn5sm1ndyt40000gn/T//ccc2n4Ll.s:2738   .debug_str:0000000000000787 .LASF37
/var/folders/46/ql4w1ss91p1__kn5sm1ndyt40000gn/T//ccc2n4Ll.s:2422   .debug_str:0000000000000060 .LASF38
/var/folders/46/ql4w1ss91p1__kn5sm1ndyt40000gn/T//ccc2n4Ll.s:2804   .debug_str:0000000000000970 .LASF39
/var/folders/46/ql4w1ss91p1__kn5sm1ndyt40000gn/T//ccc2n4Ll.s:2536   .debug_str:0000000000000353 .LASF40
/var/folders/46/ql4w1ss91p1__kn5sm1ndyt40000gn/T//ccc2n4Ll.s:2584   .debug_str:0000000000000464 .LASF41
/var/folders/46/ql4w1ss91p1__kn5sm1ndyt40000gn/T//ccc2n4Ll.s:2480   .debug_str:00000000000001cb .LASF42
/var/folders/46/ql4w1ss91p1__kn5sm1ndyt40000gn/T//ccc2n4Ll.s:2648   .debug_str:00000000000005b6 .LASF43
/var/folders/46/ql4w1ss91p1__kn5sm1ndyt40000gn/T//ccc2n4Ll.s:2708   .debug_str:00000000000006fa .LASF44
/var/folders/46/ql4w1ss91p1__kn5sm1ndyt40000gn/T//ccc2n4Ll.s:2768   .debug_str:00000000000008b3 .LASF45
/var/folders/46/ql4w1ss91p1__kn5sm1ndyt40000gn/T//ccc2n4Ll.s:2732   .debug_str:0000000000000767 .LASF46
/var/folders/46/ql4w1ss91p1__kn5sm1ndyt40000gn/T//ccc2n4Ll.s:2810   .debug_str:0000000000000990 .LASF47
/var/folders/46/ql4w1ss91p1__kn5sm1ndyt40000gn/T//ccc2n4Ll.s:2526   .debug_str:0000000000000327 .LASF48
/var/folders/46/ql4w1ss91p1__kn5sm1ndyt40000gn/T//ccc2n4Ll.s:2484   .debug_str:00000000000001e9 .LASF49
/var/folders/46/ql4w1ss91p1__kn5sm1ndyt40000gn/T//ccc2n4Ll.s:2624   .debug_str:0000000000000518 .LASF50
/var/folders/46/ql4w1ss91p1__kn5sm1ndyt40000gn/T//ccc2n4Ll.s:2640   .debug_str:000000000000057c .LASF51
/var/folders/46/ql4w1ss91p1__kn5sm1ndyt40000gn/T//ccc2n4Ll.s:2514   .debug_str:00000000000002d6 .LASF52
/var/folders/46/ql4w1ss91p1__kn5sm1ndyt40000gn/T//ccc2n4Ll.s:2542   .debug_str:0000000000000374 .LASF53
/var/folders/46/ql4w1ss91p1__kn5sm1ndyt40000gn/T//ccc2n4Ll.s:2590   .debug_str:000000000000047b .LASF54
/var/folders/46/ql4w1ss91p1__kn5sm1ndyt40000gn/T//ccc2n4Ll.s:2798   .debug_str:0000000000000951 .LASF55
/var/folders/46/ql4w1ss91p1__kn5sm1ndyt40000gn/T//ccc2n4Ll.s:2642   .debug_str:0000000000000587 .LASF56
/var/folders/46/ql4w1ss91p1__kn5sm1ndyt40000gn/T//ccc2n4Ll.s:2610   .debug_str:00000000000004d1 .LASF57
/var/folders/46/ql4w1ss91p1__kn5sm1ndyt40000gn/T//ccc2n4Ll.s:2500   .debug_str:0000000000000233 .LASF58
/var/folders/46/ql4w1ss91p1__kn5sm1ndyt40000gn/T//ccc2n4Ll.s:2520   .debug_str:00000000000002fd .LASF59
/var/folders/46/ql4w1ss91p1__kn5sm1ndyt40000gn/T//ccc2n4Ll.s:2568   .debug_str:0000000000000411 .LASF60
/var/folders/46/ql4w1ss91p1__kn5sm1ndyt40000gn/T//ccc2n4Ll.s:2414   .debug_str:0000000000000037 .LASF61
/var/folders/46/ql4w1ss91p1__kn5sm1ndyt40000gn/T//ccc2n4Ll.s:2430   .debug_str:0000000000000096 .LASF62
/var/folders/46/ql4w1ss91p1__kn5sm1ndyt40000gn/T//ccc2n4Ll.s:2558   .debug_str:00000000000003dc .LASF63
/var/folders/46/ql4w1ss91p1__kn5sm1ndyt40000gn/T//ccc2n4Ll.s:2574   .debug_str:0000000000000437 .LASF64
/var/folders/46/ql4w1ss91p1__kn5sm1ndyt40000gn/T//ccc2n4Ll.s:2626   .debug_str:0000000000000522 .LASF65
/var/folders/46/ql4w1ss91p1__kn5sm1ndyt40000gn/T//ccc2n4Ll.s:2728   .debug_str:0000000000000751 .LASF66
/var/folders/46/ql4w1ss91p1__kn5sm1ndyt40000gn/T//ccc2n4Ll.s:2462   .debug_str:0000000000000172 .LASF67
/var/folders/46/ql4w1ss91p1__kn5sm1ndyt40000gn/T//ccc2n4Ll.s:2748   .debug_str:0000000000000841 .LASF68
/var/folders/46/ql4w1ss91p1__kn5sm1ndyt40000gn/T//ccc2n4Ll.s:2408   .debug_str:000000000000000c .LASF69
/var/folders/46/ql4w1ss91p1__kn5sm1ndyt40000gn/T//ccc2n4Ll.s:2746   .debug_str:000000000000082e .LASF70
/var/folders/46/ql4w1ss91p1__kn5sm1ndyt40000gn/T//ccc2n4Ll.s:2488   .debug_str:00000000000001fd .LASF71
/var/folders/46/ql4w1ss91p1__kn5sm1ndyt40000gn/T//ccc2n4Ll.s:2734   .debug_str:0000000000000776 .LASF75
/var/folders/46/ql4w1ss91p1__kn5sm1ndyt40000gn/T//ccc2n4Ll.s:2556   .debug_str:00000000000003ca .LASF72
/var/folders/46/ql4w1ss91p1__kn5sm1ndyt40000gn/T//ccc2n4Ll.s:2566   .debug_str:0000000000000403 .LASF73
/var/folders/46/ql4w1ss91p1__kn5sm1ndyt40000gn/T//ccc2n4Ll.s:2432   .debug_str:00000000000000a4 .LASF74
/var/folders/46/ql4w1ss91p1__kn5sm1ndyt40000gn/T//ccc2n4Ll.s:2762   .debug_str:0000000000000892 .LASF76
/var/folders/46/ql4w1ss91p1__kn5sm1ndyt40000gn/T//ccc2n4Ll.s:2548   .debug_str:0000000000000397 .LASF186
/var/folders/46/ql4w1ss91p1__kn5sm1ndyt40000gn/T//ccc2n4Ll.s:2714   .debug_str:0000000000000718 .LASF77
/var/folders/46/ql4w1ss91p1__kn5sm1ndyt40000gn/T//ccc2n4Ll.s:2638   .debug_str:0000000000000575 .LASF78
/var/folders/46/ql4w1ss91p1__kn5sm1ndyt40000gn/T//ccc2n4Ll.s:2458   .debug_str:0000000000000164 .LASF79
GAS LISTING /var/folders/46/ql4w1ss91p1__kn5sm1ndyt40000gn/T//ccc2n4Ll.s 			page 6


/var/folders/46/ql4w1ss91p1__kn5sm1ndyt40000gn/T//ccc2n4Ll.s:2712   .debug_str:0000000000000710 .LASF80
/var/folders/46/ql4w1ss91p1__kn5sm1ndyt40000gn/T//ccc2n4Ll.s:2778   .debug_str:00000000000008e6 .LASF81
/var/folders/46/ql4w1ss91p1__kn5sm1ndyt40000gn/T//ccc2n4Ll.s:2582   .debug_str:000000000000045e .LASF82
/var/folders/46/ql4w1ss91p1__kn5sm1ndyt40000gn/T//ccc2n4Ll.s:2546   .debug_str:0000000000000390 .LASF83
/var/folders/46/ql4w1ss91p1__kn5sm1ndyt40000gn/T//ccc2n4Ll.s:2704   .debug_str:00000000000006ea .LASF84
/var/folders/46/ql4w1ss91p1__kn5sm1ndyt40000gn/T//ccc2n4Ll.s:2706   .debug_str:00000000000006f2 .LASF85
/var/folders/46/ql4w1ss91p1__kn5sm1ndyt40000gn/T//ccc2n4Ll.s:2678   .debug_str:000000000000064f .LASF86
/var/folders/46/ql4w1ss91p1__kn5sm1ndyt40000gn/T//ccc2n4Ll.s:2756   .debug_str:000000000000086a .LASF87
/var/folders/46/ql4w1ss91p1__kn5sm1ndyt40000gn/T//ccc2n4Ll.s:2646   .debug_str:00000000000005a4 .LASF88
/var/folders/46/ql4w1ss91p1__kn5sm1ndyt40000gn/T//ccc2n4Ll.s:2666   .debug_str:0000000000000613 .LASF89
/var/folders/46/ql4w1ss91p1__kn5sm1ndyt40000gn/T//ccc2n4Ll.s:2534   .debug_str:000000000000034b .LASF94
/var/folders/46/ql4w1ss91p1__kn5sm1ndyt40000gn/T//ccc2n4Ll.s:2736   .debug_str:0000000000000781 .LASF90
/var/folders/46/ql4w1ss91p1__kn5sm1ndyt40000gn/T//ccc2n4Ll.s:2698   .debug_str:00000000000006d5 .LASF91
/var/folders/46/ql4w1ss91p1__kn5sm1ndyt40000gn/T//ccc2n4Ll.s:2528   .debug_str:0000000000000331 .LASF92
/var/folders/46/ql4w1ss91p1__kn5sm1ndyt40000gn/T//ccc2n4Ll.s:2772   .debug_str:00000000000008c8 .LASF93
/var/folders/46/ql4w1ss91p1__kn5sm1ndyt40000gn/T//ccc2n4Ll.s:2510   .debug_str:00000000000002c4 .LASF95
/var/folders/46/ql4w1ss91p1__kn5sm1ndyt40000gn/T//ccc2n4Ll.s:2454   .debug_str:000000000000014d .LASF96
/var/folders/46/ql4w1ss91p1__kn5sm1ndyt40000gn/T//ccc2n4Ll.s:2750   .debug_str:000000000000084f .LASF97
/var/folders/46/ql4w1ss91p1__kn5sm1ndyt40000gn/T//ccc2n4Ll.s:2472   .debug_str:00000000000001a6 .LASF98
/var/folders/46/ql4w1ss91p1__kn5sm1ndyt40000gn/T//ccc2n4Ll.s:2814   .debug_str:00000000000009ad .LASF99
/var/folders/46/ql4w1ss91p1__kn5sm1ndyt40000gn/T//ccc2n4Ll.s:2628   .debug_str:0000000000000537 .LASF100
/var/folders/46/ql4w1ss91p1__kn5sm1ndyt40000gn/T//ccc2n4Ll.s:2604   .debug_str:00000000000004b9 .LASF101
/var/folders/46/ql4w1ss91p1__kn5sm1ndyt40000gn/T//ccc2n4Ll.s:2710   .debug_str:0000000000000706 .LASF102
/var/folders/46/ql4w1ss91p1__kn5sm1ndyt40000gn/T//ccc2n4Ll.s:2668   .debug_str:000000000000061c .LASF103
/var/folders/46/ql4w1ss91p1__kn5sm1ndyt40000gn/T//ccc2n4Ll.s:2794   .debug_str:0000000000000937 .LASF104
/var/folders/46/ql4w1ss91p1__kn5sm1ndyt40000gn/T//ccc2n4Ll.s:2476   .debug_str:00000000000001b5 .LASF105
/var/folders/46/ql4w1ss91p1__kn5sm1ndyt40000gn/T//ccc2n4Ll.s:2416   .debug_str:0000000000000045 .LASF106
/var/folders/46/ql4w1ss91p1__kn5sm1ndyt40000gn/T//ccc2n4Ll.s:2406   .debug_str:0000000000000000 .LASF107
/var/folders/46/ql4w1ss91p1__kn5sm1ndyt40000gn/T//ccc2n4Ll.s:2730   .debug_str:000000000000075e .LASF108
/var/folders/46/ql4w1ss91p1__kn5sm1ndyt40000gn/T//ccc2n4Ll.s:2492   .debug_str:000000000000020d .LASF109
/var/folders/46/ql4w1ss91p1__kn5sm1ndyt40000gn/T//ccc2n4Ll.s:2630   .debug_str:0000000000000540 .LASF110
/var/folders/46/ql4w1ss91p1__kn5sm1ndyt40000gn/T//ccc2n4Ll.s:2688   .debug_str:000000000000067d .LASF111
/var/folders/46/ql4w1ss91p1__kn5sm1ndyt40000gn/T//ccc2n4Ll.s:2524   .debug_str:0000000000000322 .LASF112
/var/folders/46/ql4w1ss91p1__kn5sm1ndyt40000gn/T//ccc2n4Ll.s:2670   .debug_str:0000000000000626 .LASF113
/var/folders/46/ql4w1ss91p1__kn5sm1ndyt40000gn/T//ccc2n4Ll.s:2468   .debug_str:0000000000000191 .LASF114
/var/folders/46/ql4w1ss91p1__kn5sm1ndyt40000gn/T//ccc2n4Ll.s:2726   .debug_str:000000000000074b .LASF115
/var/folders/46/ql4w1ss91p1__kn5sm1ndyt40000gn/T//ccc2n4Ll.s:2680   .debug_str:000000000000065a .LASF116
/var/folders/46/ql4w1ss91p1__kn5sm1ndyt40000gn/T//ccc2n4Ll.s:2490   .debug_str:0000000000000206 .LASF117
/var/folders/46/ql4w1ss91p1__kn5sm1ndyt40000gn/T//ccc2n4Ll.s:2770   .debug_str:00000000000008c2 .LASF118
/var/folders/46/ql4w1ss91p1__kn5sm1ndyt40000gn/T//ccc2n4Ll.s:2434   .debug_str:00000000000000bb .LASF119
/var/folders/46/ql4w1ss91p1__kn5sm1ndyt40000gn/T//ccc2n4Ll.s:2478   .debug_str:00000000000001c3 .LASF120
/var/folders/46/ql4w1ss91p1__kn5sm1ndyt40000gn/T//ccc2n4Ll.s:2540   .debug_str:000000000000036e .LASF121
/var/folders/46/ql4w1ss91p1__kn5sm1ndyt40000gn/T//ccc2n4Ll.s:2602   .debug_str:00000000000004b2 .LASF122
/var/folders/46/ql4w1ss91p1__kn5sm1ndyt40000gn/T//ccc2n4Ll.s:2740   .debug_str:0000000000000794 .LASF123
/var/folders/46/ql4w1ss91p1__kn5sm1ndyt40000gn/T//ccc2n4Ll.s:2460   .debug_str:000000000000016b .LASF124
/var/folders/46/ql4w1ss91p1__kn5sm1ndyt40000gn/T//ccc2n4Ll.s:2466   .debug_str:000000000000018b .LASF125
/var/folders/46/ql4w1ss91p1__kn5sm1ndyt40000gn/T//ccc2n4Ll.s:2788   .debug_str:0000000000000920 .LASF126
/var/folders/46/ql4w1ss91p1__kn5sm1ndyt40000gn/T//ccc2n4Ll.s:2722   .debug_str:0000000000000736 .LASF127
/var/folders/46/ql4w1ss91p1__kn5sm1ndyt40000gn/T//ccc2n4Ll.s:2614   .debug_str:00000000000004eb .LASF128
/var/folders/46/ql4w1ss91p1__kn5sm1ndyt40000gn/T//ccc2n4Ll.s:2560   .debug_str:00000000000003eb .LASF129
/var/folders/46/ql4w1ss91p1__kn5sm1ndyt40000gn/T//ccc2n4Ll.s:2592   .debug_str:0000000000000487 .LASF130
/var/folders/46/ql4w1ss91p1__kn5sm1ndyt40000gn/T//ccc2n4Ll.s:2682   .debug_str:0000000000000662 .LASF131
/var/folders/46/ql4w1ss91p1__kn5sm1ndyt40000gn/T//ccc2n4Ll.s:2672   .debug_str:000000000000062d .LASF132
/var/folders/46/ql4w1ss91p1__kn5sm1ndyt40000gn/T//ccc2n4Ll.s:2700   .debug_str:00000000000006dd .LASF133
/var/folders/46/ql4w1ss91p1__kn5sm1ndyt40000gn/T//ccc2n4Ll.s:2718   .debug_str:000000000000072a .LASF134
/var/folders/46/ql4w1ss91p1__kn5sm1ndyt40000gn/T//ccc2n4Ll.s:2494   .debug_str:0000000000000215 .LASF135
/var/folders/46/ql4w1ss91p1__kn5sm1ndyt40000gn/T//ccc2n4Ll.s:2550   .debug_str:00000000000003a7 .LASF136
GAS LISTING /var/folders/46/ql4w1ss91p1__kn5sm1ndyt40000gn/T//ccc2n4Ll.s 			page 7


/var/folders/46/ql4w1ss91p1__kn5sm1ndyt40000gn/T//ccc2n4Ll.s:2532   .debug_str:0000000000000343 .LASF137
/var/folders/46/ql4w1ss91p1__kn5sm1ndyt40000gn/T//ccc2n4Ll.s:2686   .debug_str:0000000000000678 .LASF138
/var/folders/46/ql4w1ss91p1__kn5sm1ndyt40000gn/T//ccc2n4Ll.s:2420   .debug_str:0000000000000055 .LASF139
/var/folders/46/ql4w1ss91p1__kn5sm1ndyt40000gn/T//ccc2n4Ll.s:2694   .debug_str:0000000000000694 .LASF140
/var/folders/46/ql4w1ss91p1__kn5sm1ndyt40000gn/T//ccc2n4Ll.s:2690   .debug_str:0000000000000682 .LASF141
/var/folders/46/ql4w1ss91p1__kn5sm1ndyt40000gn/T//ccc2n4Ll.s:2632   .debug_str:0000000000000548 .LASF142
/var/folders/46/ql4w1ss91p1__kn5sm1ndyt40000gn/T//ccc2n4Ll.s:2692   .debug_str:000000000000068a .LASF143
/var/folders/46/ql4w1ss91p1__kn5sm1ndyt40000gn/T//ccc2n4Ll.s:2580   .debug_str:0000000000000456 .LASF144
/var/folders/46/ql4w1ss91p1__kn5sm1ndyt40000gn/T//ccc2n4Ll.s:2498   .debug_str:0000000000000229 .LASF145
/var/folders/46/ql4w1ss91p1__kn5sm1ndyt40000gn/T//ccc2n4Ll.s:2808   .debug_str:000000000000098b .LASF146
/var/folders/46/ql4w1ss91p1__kn5sm1ndyt40000gn/T//ccc2n4Ll.s:2644   .debug_str:000000000000059a .LASF147
/var/folders/46/ql4w1ss91p1__kn5sm1ndyt40000gn/T//ccc2n4Ll.s:2554   .debug_str:00000000000003c2 .LASF148
/var/folders/46/ql4w1ss91p1__kn5sm1ndyt40000gn/T//ccc2n4Ll.s:2508   .debug_str:00000000000002bc .LASF149
/var/folders/46/ql4w1ss91p1__kn5sm1ndyt40000gn/T//ccc2n4Ll.s:2588   .debug_str:0000000000000476 .LASF150
/var/folders/46/ql4w1ss91p1__kn5sm1ndyt40000gn/T//ccc2n4Ll.s:2424   .debug_str:000000000000006d .LASF151
/var/folders/46/ql4w1ss91p1__kn5sm1ndyt40000gn/T//ccc2n4Ll.s:2782   .debug_str:00000000000008f9 .LASF152
/var/folders/46/ql4w1ss91p1__kn5sm1ndyt40000gn/T//ccc2n4Ll.s:2486   .debug_str:00000000000001f5 .LASF153
/var/folders/46/ql4w1ss91p1__kn5sm1ndyt40000gn/T//ccc2n4Ll.s:2474   .debug_str:00000000000001b0 .LASF154
/var/folders/46/ql4w1ss91p1__kn5sm1ndyt40000gn/T//ccc2n4Ll.s:2720   .debug_str:0000000000000731 .LASF155
/var/folders/46/ql4w1ss91p1__kn5sm1ndyt40000gn/T//ccc2n4Ll.s:2676   .debug_str:0000000000000648 .LASF156
/var/folders/46/ql4w1ss91p1__kn5sm1ndyt40000gn/T//ccc2n4Ll.s:2774   .debug_str:00000000000008cd .LASF157
/var/folders/46/ql4w1ss91p1__kn5sm1ndyt40000gn/T//ccc2n4Ll.s:2562   .debug_str:00000000000003f1 .LASF158
/var/folders/46/ql4w1ss91p1__kn5sm1ndyt40000gn/T//ccc2n4Ll.s:2658   .debug_str:00000000000005ec .LASF159
/var/folders/46/ql4w1ss91p1__kn5sm1ndyt40000gn/T//ccc2n4Ll.s:2418   .debug_str:000000000000004d .LASF160
/var/folders/46/ql4w1ss91p1__kn5sm1ndyt40000gn/T//ccc2n4Ll.s:2702   .debug_str:00000000000006e4 .LASF161
/var/folders/46/ql4w1ss91p1__kn5sm1ndyt40000gn/T//ccc2n4Ll.s:2594   .debug_str:000000000000048d .LASF162
/var/folders/46/ql4w1ss91p1__kn5sm1ndyt40000gn/T//ccc2n4Ll.s:2752   .debug_str:0000000000000858 .LASF163
/var/folders/46/ql4w1ss91p1__kn5sm1ndyt40000gn/T//ccc2n4Ll.s:2764   .debug_str:000000000000089b .LASF164
/var/folders/46/ql4w1ss91p1__kn5sm1ndyt40000gn/T//ccc2n4Ll.s:2464   .debug_str:000000000000017e .LASF165
/var/folders/46/ql4w1ss91p1__kn5sm1ndyt40000gn/T//ccc2n4Ll.s:2572   .debug_str:000000000000042a .LASF166
/var/folders/46/ql4w1ss91p1__kn5sm1ndyt40000gn/T//ccc2n4Ll.s:2796   .debug_str:0000000000000942 .LASF167
/var/folders/46/ql4w1ss91p1__kn5sm1ndyt40000gn/T//ccc2n4Ll.s:2634   .debug_str:0000000000000553 .LASF168
/var/folders/46/ql4w1ss91p1__kn5sm1ndyt40000gn/T//ccc2n4Ll.s:2564   .debug_str:00000000000003f8 .LASF169
/var/folders/46/ql4w1ss91p1__kn5sm1ndyt40000gn/T//ccc2n4Ll.s:2800   .debug_str:0000000000000964 .LASF170
/var/folders/46/ql4w1ss91p1__kn5sm1ndyt40000gn/T//ccc2n4Ll.s:2684   .debug_str:000000000000066b .LASF171
/var/folders/46/ql4w1ss91p1__kn5sm1ndyt40000gn/T//ccc2n4Ll.s:2806   .debug_str:000000000000097d .LASF172
/var/folders/46/ql4w1ss91p1__kn5sm1ndyt40000gn/T//ccc2n4Ll.s:2452   .debug_str:000000000000013f .LASF173
/var/folders/46/ql4w1ss91p1__kn5sm1ndyt40000gn/T//ccc2n4Ll.s:2780   .debug_str:00000000000008ef .LASF174
/var/folders/46/ql4w1ss91p1__kn5sm1ndyt40000gn/T//ccc2n4Ll.s:2570   .debug_str:000000000000041e .LASF175
/var/folders/46/ql4w1ss91p1__kn5sm1ndyt40000gn/T//ccc2n4Ll.s:2758   .debug_str:0000000000000872 .LASF176
/var/folders/46/ql4w1ss91p1__kn5sm1ndyt40000gn/T//ccc2n4Ll.s:2518   .debug_str:00000000000002ef .LASF177
/var/folders/46/ql4w1ss91p1__kn5sm1ndyt40000gn/T//ccc2n4Ll.s:2444   .debug_str:00000000000000f8 .LASF178
/var/folders/46/ql4w1ss91p1__kn5sm1ndyt40000gn/T//ccc2n4Ll.s:2538   .debug_str:000000000000035d .LASF179
/var/folders/46/ql4w1ss91p1__kn5sm1ndyt40000gn/T//ccc2n4Ll.s:2426   .debug_str:0000000000000076 .LASF180
/var/folders/46/ql4w1ss91p1__kn5sm1ndyt40000gn/T//ccc2n4Ll.s:2428   .debug_str:0000000000000085 .LASF181
/var/folders/46/ql4w1ss91p1__kn5sm1ndyt40000gn/T//ccc2n4Ll.s:2664   .debug_str:000000000000060a .LASF182
/var/folders/46/ql4w1ss91p1__kn5sm1ndyt40000gn/T//ccc2n4Ll.s:2620   .debug_str:0000000000000506 .LASF183
/var/folders/46/ql4w1ss91p1__kn5sm1ndyt40000gn/T//ccc2n4Ll.s:2608   .debug_str:00000000000004c8 .LASF184
/var/folders/46/ql4w1ss91p1__kn5sm1ndyt40000gn/T//ccc2n4Ll.s:2790   .debug_str:0000000000000926 .LASF185
/var/folders/46/ql4w1ss91p1__kn5sm1ndyt40000gn/T//ccc2n4Ll.s:2440   .debug_str:00000000000000e2 .LASF203
/var/folders/46/ql4w1ss91p1__kn5sm1ndyt40000gn/T//ccc2n4Ll.s:2530   .debug_str:0000000000000337 .LASF187
/var/folders/46/ql4w1ss91p1__kn5sm1ndyt40000gn/T//ccc2n4Ll.s:2760   .debug_str:000000000000087f .LASF188
/var/folders/46/ql4w1ss91p1__kn5sm1ndyt40000gn/T//ccc2n4Ll.s:2586   .debug_str:000000000000046e .LASF189
/var/folders/46/ql4w1ss91p1__kn5sm1ndyt40000gn/T//ccc2n4Ll.s:2612   .debug_str:00000000000004e4 .LASF190
/var/folders/46/ql4w1ss91p1__kn5sm1ndyt40000gn/T//ccc2n4Ll.s:2616   .debug_str:00000000000004f3 .LASF191
/var/folders/46/ql4w1ss91p1__kn5sm1ndyt40000gn/T//ccc2n4Ll.s:2596   .debug_str:0000000000000493 .LASF192
/var/folders/46/ql4w1ss91p1__kn5sm1ndyt40000gn/T//ccc2n4Ll.s:2802   .debug_str:0000000000000969 .LASF193
GAS LISTING /var/folders/46/ql4w1ss91p1__kn5sm1ndyt40000gn/T//ccc2n4Ll.s 			page 8


/var/folders/46/ql4w1ss91p1__kn5sm1ndyt40000gn/T//ccc2n4Ll.s:2600   .debug_str:00000000000004a9 .LASF194
/var/folders/46/ql4w1ss91p1__kn5sm1ndyt40000gn/T//ccc2n4Ll.s:2650   .debug_str:00000000000005c2 .LASF204
/var/folders/46/ql4w1ss91p1__kn5sm1ndyt40000gn/T//ccc2n4Ll.s:53     .text._fini:0000000000000000 .LFB6
/var/folders/46/ql4w1ss91p1__kn5sm1ndyt40000gn/T//ccc2n4Ll.s:59     .text._fini:0000000000000002 .LFE6
/var/folders/46/ql4w1ss91p1__kn5sm1ndyt40000gn/T//ccc2n4Ll.s:2716   .debug_str:0000000000000724 .LASF205
/var/folders/46/ql4w1ss91p1__kn5sm1ndyt40000gn/T//ccc2n4Ll.s:14     .text._init:0000000000000000 .LFB5
/var/folders/46/ql4w1ss91p1__kn5sm1ndyt40000gn/T//ccc2n4Ll.s:46     .text._init:000000000000002c .LFE5
/var/folders/46/ql4w1ss91p1__kn5sm1ndyt40000gn/T//ccc2n4Ll.s:2363   .debug_loc:0000000000000000 .LLST0
/var/folders/46/ql4w1ss91p1__kn5sm1ndyt40000gn/T//ccc2n4Ll.s:27     .text._init:000000000000000c .LVL0
/var/folders/46/ql4w1ss91p1__kn5sm1ndyt40000gn/T//ccc2n4Ll.s:31     .text._init:0000000000000018 .LVL1
/var/folders/46/ql4w1ss91p1__kn5sm1ndyt40000gn/T//ccc2n4Ll.s:34     .text._init:0000000000000020 .LVL2
/var/folders/46/ql4w1ss91p1__kn5sm1ndyt40000gn/T//ccc2n4Ll.s:44     .text._init:000000000000002c .LVL3
/var/folders/46/ql4w1ss91p1__kn5sm1ndyt40000gn/T//ccc2n4Ll.s:2652   .debug_str:00000000000005c8 .LASF195
/var/folders/46/ql4w1ss91p1__kn5sm1ndyt40000gn/T//ccc2n4Ll.s:2436   .debug_str:00000000000000c4 .LASF196
/var/folders/46/ql4w1ss91p1__kn5sm1ndyt40000gn/T//ccc2n4Ll.s:2482   .debug_str:00000000000001d7 .LASF197
/var/folders/46/ql4w1ss91p1__kn5sm1ndyt40000gn/T//ccc2n4Ll.s:2450   .debug_str:0000000000000127 .LASF198
/var/folders/46/ql4w1ss91p1__kn5sm1ndyt40000gn/T//ccc2n4Ll.s:21     .text._init:0000000000000002 .LCFI0
/var/folders/46/ql4w1ss91p1__kn5sm1ndyt40000gn/T//ccc2n4Ll.s:40     .text._init:0000000000000024 .LCFI1
/var/folders/46/ql4w1ss91p1__kn5sm1ndyt40000gn/T//ccc2n4Ll.s:74     .debug_info:0000000000000000 .Ldebug_info0
>>>>>>> 9da4b36 (s)

UNDEFINED SYMBOLS
SystemInit
eclic_init
eclic_mode_enable
disable_mcycle_minstret
