<<<<<<< HEAD
GAS LISTING /var/folders/46/ql4w1ss91p1__kn5sm1ndyt40000gn/T//ccQPoxqR.s 			page 1
=======
GAS LISTING /var/folders/46/ql4w1ss91p1__kn5sm1ndyt40000gn/T//ccLueNKR.s 			page 1
>>>>>>> 9da4b36 (s)


   1              		.file	"lseek.c"
   2              		.option nopic
   3              		.attribute arch, "rv32i2p0_m2p0_a2p0_c2p0"
   4              		.attribute unaligned_access, 0
   5              		.attribute stack_align, 16
   6              		.text
   7              	.Ltext0:
   8              		.cfi_sections	.debug_frame
   9              		.section	.text._lseek,"ax",@progbits
  10              		.align	1
  11              		.globl	_lseek
  13              	_lseek:
  14              	.LFB1:
  15              		.file 1 "../../firmware/RISCV/stubs/lseek.c"
   1:../../firmware/RISCV/stubs/lseek.c **** /* See LICENSE of license details. */
   2:../../firmware/RISCV/stubs/lseek.c **** 
   3:../../firmware/RISCV/stubs/lseek.c **** #include <errno.h>
   4:../../firmware/RISCV/stubs/lseek.c **** #include <unistd.h>
   5:../../firmware/RISCV/stubs/lseek.c **** #include <sys/types.h>
   6:../../firmware/RISCV/stubs/lseek.c **** #include "stub.h"
   7:../../firmware/RISCV/stubs/lseek.c **** 
   8:../../firmware/RISCV/stubs/lseek.c **** off_t _lseek(int fd, off_t ptr, int dir)
   9:../../firmware/RISCV/stubs/lseek.c **** {
  16              		.loc 1 9 1
  17              		.cfi_startproc
  18              	.LVL0:
  10:../../firmware/RISCV/stubs/lseek.c ****   if (isatty(fd))
  19              		.loc 1 10 3
   9:../../firmware/RISCV/stubs/lseek.c ****   if (isatty(fd))
  20              		.loc 1 9 1 is_stmt 0
  21 0000 4111     		addi	sp,sp,-16
  22              	.LCFI0:
  23              		.cfi_def_cfa_offset 16
  24 0002 06C6     		sw	ra,12(sp)
  25              		.cfi_offset 1, -4
  26              		.loc 1 10 7
  27 0004 97000000 		call	isatty
  27      E7800000 
  28              	.LVL1:
  11:../../firmware/RISCV/stubs/lseek.c ****     return 0;
  12:../../firmware/RISCV/stubs/lseek.c **** 
  13:../../firmware/RISCV/stubs/lseek.c ****   return _stub(EBADF);
  14:../../firmware/RISCV/stubs/lseek.c **** }
  29              		.loc 1 14 1
  30 000c B240     		lw	ra,12(sp)
  31              		.cfi_restore 1
  10:../../firmware/RISCV/stubs/lseek.c ****     return 0;
  32              		.loc 1 10 6
  33 000e 13351500 		seqz	a0,a0
  34              		.loc 1 14 1
  35 0012 3305A040 		neg	a0,a0
  36 0016 4101     		addi	sp,sp,16
  37              	.LCFI1:
  38              		.cfi_def_cfa_offset 0
  39 0018 8280     		jr	ra
  40              		.cfi_endproc
  41              	.LFE1:
<<<<<<< HEAD
GAS LISTING /var/folders/46/ql4w1ss91p1__kn5sm1ndyt40000gn/T//ccQPoxqR.s 			page 2
=======
GAS LISTING /var/folders/46/ql4w1ss91p1__kn5sm1ndyt40000gn/T//ccLueNKR.s 			page 2
>>>>>>> 9da4b36 (s)


  43              		.text
  44              	.Letext0:
  45              		.file 2 "/Users/robin/Documents/GitHub/KTH-programing/Mikrodata/toolchain-gd32v-v202-osx/compiler/
  46              		.file 3 "/Users/robin/Documents/GitHub/KTH-programing/Mikrodata/toolchain-gd32v-v202-osx/compiler/
  47              		.file 4 "/Users/robin/Documents/GitHub/KTH-programing/Mikrodata/toolchain-gd32v-v202-osx/compiler/
  48              		.file 5 "/Users/robin/Documents/GitHub/KTH-programing/Mikrodata/toolchain-gd32v-v202-osx/compiler/
  49              		.file 6 "/Users/robin/Documents/GitHub/KTH-programing/Mikrodata/toolchain-gd32v-v202-osx/compiler/
  50              		.file 7 "/Users/robin/Documents/GitHub/KTH-programing/Mikrodata/toolchain-gd32v-v202-osx/compiler/
  51              		.file 8 "/Users/robin/Documents/GitHub/KTH-programing/Mikrodata/toolchain-gd32v-v202-osx/compiler/
  52              		.file 9 "../../firmware/RISCV/stubs/stub.h"
<<<<<<< HEAD
GAS LISTING /var/folders/46/ql4w1ss91p1__kn5sm1ndyt40000gn/T//ccQPoxqR.s 			page 3
=======
GAS LISTING /var/folders/46/ql4w1ss91p1__kn5sm1ndyt40000gn/T//ccLueNKR.s 			page 3
>>>>>>> 9da4b36 (s)


DEFINED SYMBOLS
                            *ABS*:0000000000000000 lseek.c
<<<<<<< HEAD
/var/folders/46/ql4w1ss91p1__kn5sm1ndyt40000gn/T//ccQPoxqR.s:13     .text._lseek:0000000000000000 _lseek
/var/folders/46/ql4w1ss91p1__kn5sm1ndyt40000gn/T//ccQPoxqR.s:17     .text._lseek:0000000000000000 .L0 
/var/folders/46/ql4w1ss91p1__kn5sm1ndyt40000gn/T//ccQPoxqR.s:19     .text._lseek:0000000000000000 .L0 
/var/folders/46/ql4w1ss91p1__kn5sm1ndyt40000gn/T//ccQPoxqR.s:20     .text._lseek:0000000000000000 .L0 
/var/folders/46/ql4w1ss91p1__kn5sm1ndyt40000gn/T//ccQPoxqR.s:21     .text._lseek:0000000000000000 .L0 
/var/folders/46/ql4w1ss91p1__kn5sm1ndyt40000gn/T//ccQPoxqR.s:23     .text._lseek:0000000000000002 .L0 
/var/folders/46/ql4w1ss91p1__kn5sm1ndyt40000gn/T//ccQPoxqR.s:25     .text._lseek:0000000000000004 .L0 
/var/folders/46/ql4w1ss91p1__kn5sm1ndyt40000gn/T//ccQPoxqR.s:27     .text._lseek:0000000000000004 .L0 
/var/folders/46/ql4w1ss91p1__kn5sm1ndyt40000gn/T//ccQPoxqR.s:30     .text._lseek:000000000000000c .L0 
/var/folders/46/ql4w1ss91p1__kn5sm1ndyt40000gn/T//ccQPoxqR.s:31     .text._lseek:000000000000000e .L0 
/var/folders/46/ql4w1ss91p1__kn5sm1ndyt40000gn/T//ccQPoxqR.s:33     .text._lseek:000000000000000e .L0 
/var/folders/46/ql4w1ss91p1__kn5sm1ndyt40000gn/T//ccQPoxqR.s:35     .text._lseek:0000000000000012 .L0 
/var/folders/46/ql4w1ss91p1__kn5sm1ndyt40000gn/T//ccQPoxqR.s:38     .text._lseek:0000000000000018 .L0 
/var/folders/46/ql4w1ss91p1__kn5sm1ndyt40000gn/T//ccQPoxqR.s:40     .text._lseek:000000000000001a .L0 
/var/folders/46/ql4w1ss91p1__kn5sm1ndyt40000gn/T//ccQPoxqR.s:43     .text._lseek:000000000000001a .L0 
                     .debug_frame:0000000000000000 .L0 
/var/folders/46/ql4w1ss91p1__kn5sm1ndyt40000gn/T//ccQPoxqR.s:1600   .debug_abbrev:0000000000000000 .Ldebug_abbrev0
/var/folders/46/ql4w1ss91p1__kn5sm1ndyt40000gn/T//ccQPoxqR.s:2441   .debug_str:000000000000049e .LASF130
/var/folders/46/ql4w1ss91p1__kn5sm1ndyt40000gn/T//ccQPoxqR.s:2319   .debug_str:000000000000025f .LASF131
/var/folders/46/ql4w1ss91p1__kn5sm1ndyt40000gn/T//ccQPoxqR.s:2225   .debug_str:0000000000000034 .LASF132
/var/folders/46/ql4w1ss91p1__kn5sm1ndyt40000gn/T//ccQPoxqR.s:2205   .debug_ranges:0000000000000000 .Ldebug_ranges0
/var/folders/46/ql4w1ss91p1__kn5sm1ndyt40000gn/T//ccQPoxqR.s:2211   .debug_line:0000000000000000 .Ldebug_line0
/var/folders/46/ql4w1ss91p1__kn5sm1ndyt40000gn/T//ccQPoxqR.s:2305   .debug_str:000000000000021d .LASF0
/var/folders/46/ql4w1ss91p1__kn5sm1ndyt40000gn/T//ccQPoxqR.s:2325   .debug_str:0000000000000290 .LASF1
/var/folders/46/ql4w1ss91p1__kn5sm1ndyt40000gn/T//ccQPoxqR.s:2247   .debug_str:0000000000000116 .LASF2
/var/folders/46/ql4w1ss91p1__kn5sm1ndyt40000gn/T//ccQPoxqR.s:2355   .debug_str:000000000000031a .LASF3
/var/folders/46/ql4w1ss91p1__kn5sm1ndyt40000gn/T//ccQPoxqR.s:2339   .debug_str:00000000000002db .LASF10
/var/folders/46/ql4w1ss91p1__kn5sm1ndyt40000gn/T//ccQPoxqR.s:2249   .debug_str:0000000000000124 .LASF4
/var/folders/46/ql4w1ss91p1__kn5sm1ndyt40000gn/T//ccQPoxqR.s:2373   .debug_str:0000000000000373 .LASF5
/var/folders/46/ql4w1ss91p1__kn5sm1ndyt40000gn/T//ccQPoxqR.s:2379   .debug_str:000000000000038f .LASF6
/var/folders/46/ql4w1ss91p1__kn5sm1ndyt40000gn/T//ccQPoxqR.s:2265   .debug_str:0000000000000169 .LASF7
/var/folders/46/ql4w1ss91p1__kn5sm1ndyt40000gn/T//ccQPoxqR.s:2313   .debug_str:0000000000000241 .LASF8
/var/folders/46/ql4w1ss91p1__kn5sm1ndyt40000gn/T//ccQPoxqR.s:2233   .debug_str:00000000000000bf .LASF9
/var/folders/46/ql4w1ss91p1__kn5sm1ndyt40000gn/T//ccQPoxqR.s:2367   .debug_str:0000000000000350 .LASF11
/var/folders/46/ql4w1ss91p1__kn5sm1ndyt40000gn/T//ccQPoxqR.s:2215   .debug_str:000000000000000c .LASF12
/var/folders/46/ql4w1ss91p1__kn5sm1ndyt40000gn/T//ccQPoxqR.s:2425   .debug_str:0000000000000461 .LASF13
/var/folders/46/ql4w1ss91p1__kn5sm1ndyt40000gn/T//ccQPoxqR.s:2461   .debug_str:000000000000057e .LASF14
/var/folders/46/ql4w1ss91p1__kn5sm1ndyt40000gn/T//ccQPoxqR.s:2335   .debug_str:00000000000002cd .LASF15
/var/folders/46/ql4w1ss91p1__kn5sm1ndyt40000gn/T//ccQPoxqR.s:2307   .debug_str:000000000000022a .LASF16
/var/folders/46/ql4w1ss91p1__kn5sm1ndyt40000gn/T//ccQPoxqR.s:2417   .debug_str:000000000000043f .LASF17
/var/folders/46/ql4w1ss91p1__kn5sm1ndyt40000gn/T//ccQPoxqR.s:2419   .debug_str:0000000000000447 .LASF18
/var/folders/46/ql4w1ss91p1__kn5sm1ndyt40000gn/T//ccQPoxqR.s:2389   .debug_str:00000000000003b7 .LASF19
/var/folders/46/ql4w1ss91p1__kn5sm1ndyt40000gn/T//ccQPoxqR.s:2447   .debug_str:0000000000000534 .LASF20
/var/folders/46/ql4w1ss91p1__kn5sm1ndyt40000gn/T//ccQPoxqR.s:2371   .debug_str:0000000000000361 .LASF21
/var/folders/46/ql4w1ss91p1__kn5sm1ndyt40000gn/T//ccQPoxqR.s:2291   .debug_str:00000000000001e0 .LASF22
/var/folders/46/ql4w1ss91p1__kn5sm1ndyt40000gn/T//ccQPoxqR.s:2295   .debug_str:00000000000001f1 .LASF27
/var/folders/46/ql4w1ss91p1__kn5sm1ndyt40000gn/T//ccQPoxqR.s:2437   .debug_str:000000000000048b .LASF23
/var/folders/46/ql4w1ss91p1__kn5sm1ndyt40000gn/T//ccQPoxqR.s:2411   .debug_str:000000000000042a .LASF24
/var/folders/46/ql4w1ss91p1__kn5sm1ndyt40000gn/T//ccQPoxqR.s:2289   .debug_str:00000000000001da .LASF25
/var/folders/46/ql4w1ss91p1__kn5sm1ndyt40000gn/T//ccQPoxqR.s:2455   .debug_str:0000000000000569 .LASF26
/var/folders/46/ql4w1ss91p1__kn5sm1ndyt40000gn/T//ccQPoxqR.s:2303   .debug_str:0000000000000218 .LASF28
/var/folders/46/ql4w1ss91p1__kn5sm1ndyt40000gn/T//ccQPoxqR.s:2245   .debug_str:000000000000010d .LASF29
/var/folders/46/ql4w1ss91p1__kn5sm1ndyt40000gn/T//ccQPoxqR.s:2431   .debug_str:0000000000000475 .LASF30
/var/folders/46/ql4w1ss91p1__kn5sm1ndyt40000gn/T//ccQPoxqR.s:2255   .debug_str:000000000000013c .LASF31
/var/folders/46/ql4w1ss91p1__kn5sm1ndyt40000gn/T//ccQPoxqR.s:2485   .debug_str:00000000000005e9 .LASF32
GAS LISTING /var/folders/46/ql4w1ss91p1__kn5sm1ndyt40000gn/T//ccQPoxqR.s 			page 4


/var/folders/46/ql4w1ss91p1__kn5sm1ndyt40000gn/T//ccQPoxqR.s:2361   .debug_str:0000000000000334 .LASF33
/var/folders/46/ql4w1ss91p1__kn5sm1ndyt40000gn/T//ccQPoxqR.s:2349   .debug_str:0000000000000300 .LASF34
/var/folders/46/ql4w1ss91p1__kn5sm1ndyt40000gn/T//ccQPoxqR.s:2457   .debug_str:000000000000056e .LASF35
/var/folders/46/ql4w1ss91p1__kn5sm1ndyt40000gn/T//ccQPoxqR.s:2381   .debug_str:0000000000000399 .LASF36
/var/folders/46/ql4w1ss91p1__kn5sm1ndyt40000gn/T//ccQPoxqR.s:2471   .debug_str:00000000000005a9 .LASF37
/var/folders/46/ql4w1ss91p1__kn5sm1ndyt40000gn/T//ccQPoxqR.s:2259   .debug_str:000000000000014b .LASF38
/var/folders/46/ql4w1ss91p1__kn5sm1ndyt40000gn/T//ccQPoxqR.s:2285   .debug_str:00000000000001cd .LASF39
/var/folders/46/ql4w1ss91p1__kn5sm1ndyt40000gn/T//ccQPoxqR.s:2213   .debug_str:0000000000000000 .LASF40
/var/folders/46/ql4w1ss91p1__kn5sm1ndyt40000gn/T//ccQPoxqR.s:2443   .debug_str:0000000000000526 .LASF41
/var/folders/46/ql4w1ss91p1__kn5sm1ndyt40000gn/T//ccQPoxqR.s:2269   .debug_str:0000000000000179 .LASF42
/var/folders/46/ql4w1ss91p1__kn5sm1ndyt40000gn/T//ccQPoxqR.s:2363   .debug_str:000000000000033d .LASF43
/var/folders/46/ql4w1ss91p1__kn5sm1ndyt40000gn/T//ccQPoxqR.s:2403   .debug_str:00000000000003fa .LASF44
/var/folders/46/ql4w1ss91p1__kn5sm1ndyt40000gn/T//ccQPoxqR.s:2287   .debug_str:00000000000001d5 .LASF45
/var/folders/46/ql4w1ss91p1__kn5sm1ndyt40000gn/T//ccQPoxqR.s:2383   .debug_str:00000000000003a3 .LASF46
/var/folders/46/ql4w1ss91p1__kn5sm1ndyt40000gn/T//ccQPoxqR.s:2253   .debug_str:0000000000000136 .LASF47
/var/folders/46/ql4w1ss91p1__kn5sm1ndyt40000gn/T//ccQPoxqR.s:2219   .debug_str:000000000000001b .LASF48
/var/folders/46/ql4w1ss91p1__kn5sm1ndyt40000gn/T//ccQPoxqR.s:2391   .debug_str:00000000000003c2 .LASF49
/var/folders/46/ql4w1ss91p1__kn5sm1ndyt40000gn/T//ccQPoxqR.s:2267   .debug_str:0000000000000172 .LASF50
/var/folders/46/ql4w1ss91p1__kn5sm1ndyt40000gn/T//ccQPoxqR.s:2315   .debug_str:0000000000000253 .LASF51
/var/folders/46/ql4w1ss91p1__kn5sm1ndyt40000gn/T//ccQPoxqR.s:2235   .debug_str:00000000000000d6 .LASF52
/var/folders/46/ql4w1ss91p1__kn5sm1ndyt40000gn/T//ccQPoxqR.s:2261   .debug_str:0000000000000159 .LASF53
/var/folders/46/ql4w1ss91p1__kn5sm1ndyt40000gn/T//ccQPoxqR.s:2299   .debug_str:0000000000000208 .LASF54
/var/folders/46/ql4w1ss91p1__kn5sm1ndyt40000gn/T//ccQPoxqR.s:2347   .debug_str:00000000000002f9 .LASF55
/var/folders/46/ql4w1ss91p1__kn5sm1ndyt40000gn/T//ccQPoxqR.s:2421   .debug_str:000000000000044f .LASF56
/var/folders/46/ql4w1ss91p1__kn5sm1ndyt40000gn/T//ccQPoxqR.s:2475   .debug_str:00000000000005c3 .LASF57
/var/folders/46/ql4w1ss91p1__kn5sm1ndyt40000gn/T//ccQPoxqR.s:2251   .debug_str:0000000000000130 .LASF58
/var/folders/46/ql4w1ss91p1__kn5sm1ndyt40000gn/T//ccQPoxqR.s:2467   .debug_str:000000000000059b .LASF59
/var/folders/46/ql4w1ss91p1__kn5sm1ndyt40000gn/T//ccQPoxqR.s:2273   .debug_str:0000000000000188 .LASF60
/var/folders/46/ql4w1ss91p1__kn5sm1ndyt40000gn/T//ccQPoxqR.s:2279   .debug_str:00000000000001a6 .LASF61
/var/folders/46/ql4w1ss91p1__kn5sm1ndyt40000gn/T//ccQPoxqR.s:2227   .debug_str:0000000000000099 .LASF62
/var/folders/46/ql4w1ss91p1__kn5sm1ndyt40000gn/T//ccQPoxqR.s:2341   .debug_str:00000000000002e2 .LASF63
/var/folders/46/ql4w1ss91p1__kn5sm1ndyt40000gn/T//ccQPoxqR.s:2395   .debug_str:00000000000003d4 .LASF64
/var/folders/46/ql4w1ss91p1__kn5sm1ndyt40000gn/T//ccQPoxqR.s:2343   .debug_str:00000000000002e8 .LASF65
/var/folders/46/ql4w1ss91p1__kn5sm1ndyt40000gn/T//ccQPoxqR.s:2413   .debug_str:0000000000000432 .LASF66
/var/folders/46/ql4w1ss91p1__kn5sm1ndyt40000gn/T//ccQPoxqR.s:2427   .debug_str:0000000000000469 .LASF67
/var/folders/46/ql4w1ss91p1__kn5sm1ndyt40000gn/T//ccQPoxqR.s:2271   .debug_str:0000000000000181 .LASF68
/var/folders/46/ql4w1ss91p1__kn5sm1ndyt40000gn/T//ccQPoxqR.s:2309   .debug_str:0000000000000231 .LASF69
/var/folders/46/ql4w1ss91p1__kn5sm1ndyt40000gn/T//ccQPoxqR.s:2293   .debug_str:00000000000001e9 .LASF70
/var/folders/46/ql4w1ss91p1__kn5sm1ndyt40000gn/T//ccQPoxqR.s:2401   .debug_str:00000000000003f5 .LASF71
/var/folders/46/ql4w1ss91p1__kn5sm1ndyt40000gn/T//ccQPoxqR.s:2223   .debug_str:0000000000000029 .LASF72
/var/folders/46/ql4w1ss91p1__kn5sm1ndyt40000gn/T//ccQPoxqR.s:2409   .debug_str:0000000000000411 .LASF73
/var/folders/46/ql4w1ss91p1__kn5sm1ndyt40000gn/T//ccQPoxqR.s:2405   .debug_str:00000000000003ff .LASF74
/var/folders/46/ql4w1ss91p1__kn5sm1ndyt40000gn/T//ccQPoxqR.s:2365   .debug_str:0000000000000345 .LASF75
/var/folders/46/ql4w1ss91p1__kn5sm1ndyt40000gn/T//ccQPoxqR.s:2407   .debug_str:0000000000000407 .LASF76
/var/folders/46/ql4w1ss91p1__kn5sm1ndyt40000gn/T//ccQPoxqR.s:2333   .debug_str:00000000000002c5 .LASF77
/var/folders/46/ql4w1ss91p1__kn5sm1ndyt40000gn/T//ccQPoxqR.s:2301   .debug_str:000000000000020e .LASF78
/var/folders/46/ql4w1ss91p1__kn5sm1ndyt40000gn/T//ccQPoxqR.s:2483   .debug_str:00000000000005e4 .LASF79
/var/folders/46/ql4w1ss91p1__kn5sm1ndyt40000gn/T//ccQPoxqR.s:2369   .debug_str:0000000000000357 .LASF80
/var/folders/46/ql4w1ss91p1__kn5sm1ndyt40000gn/T//ccQPoxqR.s:2311   .debug_str:0000000000000239 .LASF81
/var/folders/46/ql4w1ss91p1__kn5sm1ndyt40000gn/T//ccQPoxqR.s:2277   .debug_str:000000000000019e .LASF82
/var/folders/46/ql4w1ss91p1__kn5sm1ndyt40000gn/T//ccQPoxqR.s:2375   .debug_str:0000000000000381 .LASF83
/var/folders/46/ql4w1ss91p1__kn5sm1ndyt40000gn/T//ccQPoxqR.s:2327   .debug_str:00000000000002a3 .LASF84
/var/folders/46/ql4w1ss91p1__kn5sm1ndyt40000gn/T//ccQPoxqR.s:2465   .debug_str:0000000000000591 .LASF85
/var/folders/46/ql4w1ss91p1__kn5sm1ndyt40000gn/T//ccQPoxqR.s:2263   .debug_str:0000000000000161 .LASF86
/var/folders/46/ql4w1ss91p1__kn5sm1ndyt40000gn/T//ccQPoxqR.s:2257   .debug_str:0000000000000146 .LASF87
/var/folders/46/ql4w1ss91p1__kn5sm1ndyt40000gn/T//ccQPoxqR.s:2429   .debug_str:0000000000000470 .LASF88
/var/folders/46/ql4w1ss91p1__kn5sm1ndyt40000gn/T//ccQPoxqR.s:2387   .debug_str:00000000000003b0 .LASF89
GAS LISTING /var/folders/46/ql4w1ss91p1__kn5sm1ndyt40000gn/T//ccQPoxqR.s 			page 5


/var/folders/46/ql4w1ss91p1__kn5sm1ndyt40000gn/T//ccQPoxqR.s:2459   .debug_str:0000000000000578 .LASF90
/var/folders/46/ql4w1ss91p1__kn5sm1ndyt40000gn/T//ccQPoxqR.s:2321   .debug_str:0000000000000282 .LASF91
/var/folders/46/ql4w1ss91p1__kn5sm1ndyt40000gn/T//ccQPoxqR.s:2385   .debug_str:00000000000003aa .LASF92
/var/folders/46/ql4w1ss91p1__kn5sm1ndyt40000gn/T//ccQPoxqR.s:2221   .debug_str:0000000000000021 .LASF93
/var/folders/46/ql4w1ss91p1__kn5sm1ndyt40000gn/T//ccQPoxqR.s:2415   .debug_str:0000000000000439 .LASF94
/var/folders/46/ql4w1ss91p1__kn5sm1ndyt40000gn/T//ccQPoxqR.s:2435   .debug_str:0000000000000485 .LASF95
/var/folders/46/ql4w1ss91p1__kn5sm1ndyt40000gn/T//ccQPoxqR.s:2445   .debug_str:000000000000052f .LASF96
/var/folders/46/ql4w1ss91p1__kn5sm1ndyt40000gn/T//ccQPoxqR.s:2453   .debug_str:000000000000055c .LASF97
/var/folders/46/ql4w1ss91p1__kn5sm1ndyt40000gn/T//ccQPoxqR.s:2439   .debug_str:0000000000000491 .LASF98
/var/folders/46/ql4w1ss91p1__kn5sm1ndyt40000gn/T//ccQPoxqR.s:2331   .debug_str:00000000000002b8 .LASF99
/var/folders/46/ql4w1ss91p1__kn5sm1ndyt40000gn/T//ccQPoxqR.s:2473   .debug_str:00000000000005b4 .LASF100
/var/folders/46/ql4w1ss91p1__kn5sm1ndyt40000gn/T//ccQPoxqR.s:2297   .debug_str:00000000000001f9 .LASF101
/var/folders/46/ql4w1ss91p1__kn5sm1ndyt40000gn/T//ccQPoxqR.s:2397   .debug_str:00000000000003dd .LASF102
/var/folders/46/ql4w1ss91p1__kn5sm1ndyt40000gn/T//ccQPoxqR.s:2477   .debug_str:00000000000005ca .LASF103
/var/folders/46/ql4w1ss91p1__kn5sm1ndyt40000gn/T//ccQPoxqR.s:2399   .debug_str:00000000000003e8 .LASF104
/var/folders/46/ql4w1ss91p1__kn5sm1ndyt40000gn/T//ccQPoxqR.s:2481   .debug_str:00000000000005d6 .LASF105
/var/folders/46/ql4w1ss91p1__kn5sm1ndyt40000gn/T//ccQPoxqR.s:2243   .debug_str:00000000000000ff .LASF106
/var/folders/46/ql4w1ss91p1__kn5sm1ndyt40000gn/T//ccQPoxqR.s:2463   .debug_str:0000000000000587 .LASF107
/var/folders/46/ql4w1ss91p1__kn5sm1ndyt40000gn/T//ccQPoxqR.s:2329   .debug_str:00000000000002ac .LASF108
/var/folders/46/ql4w1ss91p1__kn5sm1ndyt40000gn/T//ccQPoxqR.s:2449   .debug_str:000000000000053c .LASF109
/var/folders/46/ql4w1ss91p1__kn5sm1ndyt40000gn/T//ccQPoxqR.s:2283   .debug_str:00000000000001bf .LASF110
/var/folders/46/ql4w1ss91p1__kn5sm1ndyt40000gn/T//ccQPoxqR.s:2241   .debug_str:00000000000000f0 .LASF111
/var/folders/46/ql4w1ss91p1__kn5sm1ndyt40000gn/T//ccQPoxqR.s:2281   .debug_str:00000000000001ae .LASF112
/var/folders/46/ql4w1ss91p1__kn5sm1ndyt40000gn/T//ccQPoxqR.s:2229   .debug_str:000000000000009f .LASF113
/var/folders/46/ql4w1ss91p1__kn5sm1ndyt40000gn/T//ccQPoxqR.s:2231   .debug_str:00000000000000ae .LASF114
/var/folders/46/ql4w1ss91p1__kn5sm1ndyt40000gn/T//ccQPoxqR.s:2377   .debug_str:0000000000000386 .LASF115
/var/folders/46/ql4w1ss91p1__kn5sm1ndyt40000gn/T//ccQPoxqR.s:2359   .debug_str:000000000000032d .LASF116
/var/folders/46/ql4w1ss91p1__kn5sm1ndyt40000gn/T//ccQPoxqR.s:2351   .debug_str:000000000000030a .LASF117
/var/folders/46/ql4w1ss91p1__kn5sm1ndyt40000gn/T//ccQPoxqR.s:2469   .debug_str:00000000000005a1 .LASF118
/var/folders/46/ql4w1ss91p1__kn5sm1ndyt40000gn/T//ccQPoxqR.s:2237   .debug_str:00000000000000df .LASF133
/var/folders/46/ql4w1ss91p1__kn5sm1ndyt40000gn/T//ccQPoxqR.s:2423   .debug_str:0000000000000455 .LASF119
/var/folders/46/ql4w1ss91p1__kn5sm1ndyt40000gn/T//ccQPoxqR.s:2451   .debug_str:0000000000000549 .LASF120
/var/folders/46/ql4w1ss91p1__kn5sm1ndyt40000gn/T//ccQPoxqR.s:2275   .debug_str:0000000000000191 .LASF121
/var/folders/46/ql4w1ss91p1__kn5sm1ndyt40000gn/T//ccQPoxqR.s:2393   .debug_str:00000000000003ca .LASF122
/var/folders/46/ql4w1ss91p1__kn5sm1ndyt40000gn/T//ccQPoxqR.s:2317   .debug_str:0000000000000259 .LASF123
/var/folders/46/ql4w1ss91p1__kn5sm1ndyt40000gn/T//ccQPoxqR.s:2337   .debug_str:00000000000002d3 .LASF124
/var/folders/46/ql4w1ss91p1__kn5sm1ndyt40000gn/T//ccQPoxqR.s:2353   .debug_str:0000000000000313 .LASF125
/var/folders/46/ql4w1ss91p1__kn5sm1ndyt40000gn/T//ccQPoxqR.s:2357   .debug_str:0000000000000326 .LASF126
/var/folders/46/ql4w1ss91p1__kn5sm1ndyt40000gn/T//ccQPoxqR.s:2433   .debug_str:000000000000047e .LASF127
/var/folders/46/ql4w1ss91p1__kn5sm1ndyt40000gn/T//ccQPoxqR.s:2479   .debug_str:00000000000005cf .LASF128
/var/folders/46/ql4w1ss91p1__kn5sm1ndyt40000gn/T//ccQPoxqR.s:2345   .debug_str:00000000000002f0 .LASF129
/var/folders/46/ql4w1ss91p1__kn5sm1ndyt40000gn/T//ccQPoxqR.s:2323   .debug_str:0000000000000289 .LASF134
/var/folders/46/ql4w1ss91p1__kn5sm1ndyt40000gn/T//ccQPoxqR.s:14     .text._lseek:0000000000000000 .LFB1
/var/folders/46/ql4w1ss91p1__kn5sm1ndyt40000gn/T//ccQPoxqR.s:41     .text._lseek:000000000000001a .LFE1
/var/folders/46/ql4w1ss91p1__kn5sm1ndyt40000gn/T//ccQPoxqR.s:2132   .debug_loc:0000000000000000 .LLST0
/var/folders/46/ql4w1ss91p1__kn5sm1ndyt40000gn/T//ccQPoxqR.s:2150   .debug_loc:000000000000002c .LLST1
/var/folders/46/ql4w1ss91p1__kn5sm1ndyt40000gn/T//ccQPoxqR.s:2164   .debug_loc:000000000000004d .LLST2
/var/folders/46/ql4w1ss91p1__kn5sm1ndyt40000gn/T//ccQPoxqR.s:2178   .debug_loc:000000000000006e .LLST3
/var/folders/46/ql4w1ss91p1__kn5sm1ndyt40000gn/T//ccQPoxqR.s:28     .text._lseek:000000000000000c .LVL1
/var/folders/46/ql4w1ss91p1__kn5sm1ndyt40000gn/T//ccQPoxqR.s:2239   .debug_str:00000000000000ea .LASF135
/var/folders/46/ql4w1ss91p1__kn5sm1ndyt40000gn/T//ccQPoxqR.s:2217   .debug_str:0000000000000014 .LASF136
/var/folders/46/ql4w1ss91p1__kn5sm1ndyt40000gn/T//ccQPoxqR.s:22     .text._lseek:0000000000000002 .LCFI0
/var/folders/46/ql4w1ss91p1__kn5sm1ndyt40000gn/T//ccQPoxqR.s:37     .text._lseek:0000000000000018 .LCFI1
/var/folders/46/ql4w1ss91p1__kn5sm1ndyt40000gn/T//ccQPoxqR.s:18     .text._lseek:0000000000000000 .LVL0
/var/folders/46/ql4w1ss91p1__kn5sm1ndyt40000gn/T//ccQPoxqR.s:54     .debug_info:0000000000000000 .Ldebug_info0

UNDEFINED SYMBOLS
GAS LISTING /var/folders/46/ql4w1ss91p1__kn5sm1ndyt40000gn/T//ccQPoxqR.s 			page 6
=======
/var/folders/46/ql4w1ss91p1__kn5sm1ndyt40000gn/T//ccLueNKR.s:13     .text._lseek:0000000000000000 _lseek
/var/folders/46/ql4w1ss91p1__kn5sm1ndyt40000gn/T//ccLueNKR.s:17     .text._lseek:0000000000000000 .L0 
/var/folders/46/ql4w1ss91p1__kn5sm1ndyt40000gn/T//ccLueNKR.s:19     .text._lseek:0000000000000000 .L0 
/var/folders/46/ql4w1ss91p1__kn5sm1ndyt40000gn/T//ccLueNKR.s:20     .text._lseek:0000000000000000 .L0 
/var/folders/46/ql4w1ss91p1__kn5sm1ndyt40000gn/T//ccLueNKR.s:21     .text._lseek:0000000000000000 .L0 
/var/folders/46/ql4w1ss91p1__kn5sm1ndyt40000gn/T//ccLueNKR.s:23     .text._lseek:0000000000000002 .L0 
/var/folders/46/ql4w1ss91p1__kn5sm1ndyt40000gn/T//ccLueNKR.s:25     .text._lseek:0000000000000004 .L0 
/var/folders/46/ql4w1ss91p1__kn5sm1ndyt40000gn/T//ccLueNKR.s:27     .text._lseek:0000000000000004 .L0 
/var/folders/46/ql4w1ss91p1__kn5sm1ndyt40000gn/T//ccLueNKR.s:30     .text._lseek:000000000000000c .L0 
/var/folders/46/ql4w1ss91p1__kn5sm1ndyt40000gn/T//ccLueNKR.s:31     .text._lseek:000000000000000e .L0 
/var/folders/46/ql4w1ss91p1__kn5sm1ndyt40000gn/T//ccLueNKR.s:33     .text._lseek:000000000000000e .L0 
/var/folders/46/ql4w1ss91p1__kn5sm1ndyt40000gn/T//ccLueNKR.s:35     .text._lseek:0000000000000012 .L0 
/var/folders/46/ql4w1ss91p1__kn5sm1ndyt40000gn/T//ccLueNKR.s:38     .text._lseek:0000000000000018 .L0 
/var/folders/46/ql4w1ss91p1__kn5sm1ndyt40000gn/T//ccLueNKR.s:40     .text._lseek:000000000000001a .L0 
/var/folders/46/ql4w1ss91p1__kn5sm1ndyt40000gn/T//ccLueNKR.s:43     .text._lseek:000000000000001a .L0 
                     .debug_frame:0000000000000000 .L0 
/var/folders/46/ql4w1ss91p1__kn5sm1ndyt40000gn/T//ccLueNKR.s:1600   .debug_abbrev:0000000000000000 .Ldebug_abbrev0
/var/folders/46/ql4w1ss91p1__kn5sm1ndyt40000gn/T//ccLueNKR.s:2439   .debug_str:000000000000047f .LASF130
/var/folders/46/ql4w1ss91p1__kn5sm1ndyt40000gn/T//ccLueNKR.s:2317   .debug_str:00000000000001fa .LASF131
/var/folders/46/ql4w1ss91p1__kn5sm1ndyt40000gn/T//ccLueNKR.s:2371   .debug_str:000000000000030e .LASF132
/var/folders/46/ql4w1ss91p1__kn5sm1ndyt40000gn/T//ccLueNKR.s:2205   .debug_ranges:0000000000000000 .Ldebug_ranges0
/var/folders/46/ql4w1ss91p1__kn5sm1ndyt40000gn/T//ccLueNKR.s:2211   .debug_line:0000000000000000 .Ldebug_line0
/var/folders/46/ql4w1ss91p1__kn5sm1ndyt40000gn/T//ccLueNKR.s:2303   .debug_str:00000000000001b8 .LASF0
/var/folders/46/ql4w1ss91p1__kn5sm1ndyt40000gn/T//ccLueNKR.s:2323   .debug_str:000000000000022b .LASF1
/var/folders/46/ql4w1ss91p1__kn5sm1ndyt40000gn/T//ccLueNKR.s:2245   .debug_str:00000000000000b1 .LASF2
/var/folders/46/ql4w1ss91p1__kn5sm1ndyt40000gn/T//ccLueNKR.s:2353   .debug_str:00000000000002b5 .LASF3
/var/folders/46/ql4w1ss91p1__kn5sm1ndyt40000gn/T//ccLueNKR.s:2337   .debug_str:0000000000000276 .LASF10
/var/folders/46/ql4w1ss91p1__kn5sm1ndyt40000gn/T//ccLueNKR.s:2247   .debug_str:00000000000000bf .LASF4
/var/folders/46/ql4w1ss91p1__kn5sm1ndyt40000gn/T//ccLueNKR.s:2443   .debug_str:0000000000000510 .LASF5
/var/folders/46/ql4w1ss91p1__kn5sm1ndyt40000gn/T//ccLueNKR.s:2377   .debug_str:0000000000000370 .LASF6
/var/folders/46/ql4w1ss91p1__kn5sm1ndyt40000gn/T//ccLueNKR.s:2263   .debug_str:0000000000000104 .LASF7
/var/folders/46/ql4w1ss91p1__kn5sm1ndyt40000gn/T//ccLueNKR.s:2311   .debug_str:00000000000001dc .LASF8
/var/folders/46/ql4w1ss91p1__kn5sm1ndyt40000gn/T//ccLueNKR.s:2231   .debug_str:000000000000005a .LASF9
/var/folders/46/ql4w1ss91p1__kn5sm1ndyt40000gn/T//ccLueNKR.s:2365   .debug_str:00000000000002eb .LASF11
/var/folders/46/ql4w1ss91p1__kn5sm1ndyt40000gn/T//ccLueNKR.s:2215   .debug_str:000000000000000c .LASF12
/var/folders/46/ql4w1ss91p1__kn5sm1ndyt40000gn/T//ccLueNKR.s:2423   .debug_str:0000000000000442 .LASF13
/var/folders/46/ql4w1ss91p1__kn5sm1ndyt40000gn/T//ccLueNKR.s:2461   .debug_str:000000000000056d .LASF14
/var/folders/46/ql4w1ss91p1__kn5sm1ndyt40000gn/T//ccLueNKR.s:2333   .debug_str:0000000000000268 .LASF15
/var/folders/46/ql4w1ss91p1__kn5sm1ndyt40000gn/T//ccLueNKR.s:2305   .debug_str:00000000000001c5 .LASF16
/var/folders/46/ql4w1ss91p1__kn5sm1ndyt40000gn/T//ccLueNKR.s:2415   .debug_str:0000000000000420 .LASF17
/var/folders/46/ql4w1ss91p1__kn5sm1ndyt40000gn/T//ccLueNKR.s:2417   .debug_str:0000000000000428 .LASF18
/var/folders/46/ql4w1ss91p1__kn5sm1ndyt40000gn/T//ccLueNKR.s:2387   .debug_str:0000000000000398 .LASF19
/var/folders/46/ql4w1ss91p1__kn5sm1ndyt40000gn/T//ccLueNKR.s:2447   .debug_str:0000000000000523 .LASF20
/var/folders/46/ql4w1ss91p1__kn5sm1ndyt40000gn/T//ccLueNKR.s:2369   .debug_str:00000000000002fc .LASF21
/var/folders/46/ql4w1ss91p1__kn5sm1ndyt40000gn/T//ccLueNKR.s:2289   .debug_str:000000000000017b .LASF22
/var/folders/46/ql4w1ss91p1__kn5sm1ndyt40000gn/T//ccLueNKR.s:2293   .debug_str:000000000000018c .LASF27
/var/folders/46/ql4w1ss91p1__kn5sm1ndyt40000gn/T//ccLueNKR.s:2435   .debug_str:000000000000046c .LASF23
/var/folders/46/ql4w1ss91p1__kn5sm1ndyt40000gn/T//ccLueNKR.s:2409   .debug_str:000000000000040b .LASF24
/var/folders/46/ql4w1ss91p1__kn5sm1ndyt40000gn/T//ccLueNKR.s:2287   .debug_str:0000000000000175 .LASF25
/var/folders/46/ql4w1ss91p1__kn5sm1ndyt40000gn/T//ccLueNKR.s:2455   .debug_str:0000000000000558 .LASF26
/var/folders/46/ql4w1ss91p1__kn5sm1ndyt40000gn/T//ccLueNKR.s:2301   .debug_str:00000000000001b3 .LASF28
/var/folders/46/ql4w1ss91p1__kn5sm1ndyt40000gn/T//ccLueNKR.s:2243   .debug_str:00000000000000a8 .LASF29
/var/folders/46/ql4w1ss91p1__kn5sm1ndyt40000gn/T//ccLueNKR.s:2429   .debug_str:0000000000000456 .LASF30
/var/folders/46/ql4w1ss91p1__kn5sm1ndyt40000gn/T//ccLueNKR.s:2253   .debug_str:00000000000000d7 .LASF31
/var/folders/46/ql4w1ss91p1__kn5sm1ndyt40000gn/T//ccLueNKR.s:2485   .debug_str:00000000000005d8 .LASF32
GAS LISTING /var/folders/46/ql4w1ss91p1__kn5sm1ndyt40000gn/T//ccLueNKR.s 			page 4


/var/folders/46/ql4w1ss91p1__kn5sm1ndyt40000gn/T//ccLueNKR.s:2359   .debug_str:00000000000002cf .LASF33
/var/folders/46/ql4w1ss91p1__kn5sm1ndyt40000gn/T//ccLueNKR.s:2347   .debug_str:000000000000029b .LASF34
/var/folders/46/ql4w1ss91p1__kn5sm1ndyt40000gn/T//ccLueNKR.s:2457   .debug_str:000000000000055d .LASF35
/var/folders/46/ql4w1ss91p1__kn5sm1ndyt40000gn/T//ccLueNKR.s:2379   .debug_str:000000000000037a .LASF36
/var/folders/46/ql4w1ss91p1__kn5sm1ndyt40000gn/T//ccLueNKR.s:2471   .debug_str:0000000000000598 .LASF37
/var/folders/46/ql4w1ss91p1__kn5sm1ndyt40000gn/T//ccLueNKR.s:2257   .debug_str:00000000000000e6 .LASF38
/var/folders/46/ql4w1ss91p1__kn5sm1ndyt40000gn/T//ccLueNKR.s:2283   .debug_str:0000000000000168 .LASF39
/var/folders/46/ql4w1ss91p1__kn5sm1ndyt40000gn/T//ccLueNKR.s:2213   .debug_str:0000000000000000 .LASF40
/var/folders/46/ql4w1ss91p1__kn5sm1ndyt40000gn/T//ccLueNKR.s:2441   .debug_str:0000000000000507 .LASF41
/var/folders/46/ql4w1ss91p1__kn5sm1ndyt40000gn/T//ccLueNKR.s:2267   .debug_str:0000000000000114 .LASF42
/var/folders/46/ql4w1ss91p1__kn5sm1ndyt40000gn/T//ccLueNKR.s:2361   .debug_str:00000000000002d8 .LASF43
/var/folders/46/ql4w1ss91p1__kn5sm1ndyt40000gn/T//ccLueNKR.s:2401   .debug_str:00000000000003db .LASF44
/var/folders/46/ql4w1ss91p1__kn5sm1ndyt40000gn/T//ccLueNKR.s:2285   .debug_str:0000000000000170 .LASF45
/var/folders/46/ql4w1ss91p1__kn5sm1ndyt40000gn/T//ccLueNKR.s:2381   .debug_str:0000000000000384 .LASF46
/var/folders/46/ql4w1ss91p1__kn5sm1ndyt40000gn/T//ccLueNKR.s:2251   .debug_str:00000000000000d1 .LASF47
/var/folders/46/ql4w1ss91p1__kn5sm1ndyt40000gn/T//ccLueNKR.s:2219   .debug_str:000000000000001b .LASF48
/var/folders/46/ql4w1ss91p1__kn5sm1ndyt40000gn/T//ccLueNKR.s:2389   .debug_str:00000000000003a3 .LASF49
/var/folders/46/ql4w1ss91p1__kn5sm1ndyt40000gn/T//ccLueNKR.s:2265   .debug_str:000000000000010d .LASF50
/var/folders/46/ql4w1ss91p1__kn5sm1ndyt40000gn/T//ccLueNKR.s:2313   .debug_str:00000000000001ee .LASF51
/var/folders/46/ql4w1ss91p1__kn5sm1ndyt40000gn/T//ccLueNKR.s:2233   .debug_str:0000000000000071 .LASF52
/var/folders/46/ql4w1ss91p1__kn5sm1ndyt40000gn/T//ccLueNKR.s:2259   .debug_str:00000000000000f4 .LASF53
/var/folders/46/ql4w1ss91p1__kn5sm1ndyt40000gn/T//ccLueNKR.s:2297   .debug_str:00000000000001a3 .LASF54
/var/folders/46/ql4w1ss91p1__kn5sm1ndyt40000gn/T//ccLueNKR.s:2345   .debug_str:0000000000000294 .LASF55
/var/folders/46/ql4w1ss91p1__kn5sm1ndyt40000gn/T//ccLueNKR.s:2419   .debug_str:0000000000000430 .LASF56
/var/folders/46/ql4w1ss91p1__kn5sm1ndyt40000gn/T//ccLueNKR.s:2475   .debug_str:00000000000005b2 .LASF57
/var/folders/46/ql4w1ss91p1__kn5sm1ndyt40000gn/T//ccLueNKR.s:2249   .debug_str:00000000000000cb .LASF58
/var/folders/46/ql4w1ss91p1__kn5sm1ndyt40000gn/T//ccLueNKR.s:2467   .debug_str:000000000000058a .LASF59
/var/folders/46/ql4w1ss91p1__kn5sm1ndyt40000gn/T//ccLueNKR.s:2271   .debug_str:0000000000000123 .LASF60
/var/folders/46/ql4w1ss91p1__kn5sm1ndyt40000gn/T//ccLueNKR.s:2277   .debug_str:0000000000000141 .LASF61
/var/folders/46/ql4w1ss91p1__kn5sm1ndyt40000gn/T//ccLueNKR.s:2225   .debug_str:0000000000000034 .LASF62
/var/folders/46/ql4w1ss91p1__kn5sm1ndyt40000gn/T//ccLueNKR.s:2339   .debug_str:000000000000027d .LASF63
/var/folders/46/ql4w1ss91p1__kn5sm1ndyt40000gn/T//ccLueNKR.s:2393   .debug_str:00000000000003b5 .LASF64
/var/folders/46/ql4w1ss91p1__kn5sm1ndyt40000gn/T//ccLueNKR.s:2341   .debug_str:0000000000000283 .LASF65
/var/folders/46/ql4w1ss91p1__kn5sm1ndyt40000gn/T//ccLueNKR.s:2411   .debug_str:0000000000000413 .LASF66
/var/folders/46/ql4w1ss91p1__kn5sm1ndyt40000gn/T//ccLueNKR.s:2425   .debug_str:000000000000044a .LASF67
/var/folders/46/ql4w1ss91p1__kn5sm1ndyt40000gn/T//ccLueNKR.s:2269   .debug_str:000000000000011c .LASF68
/var/folders/46/ql4w1ss91p1__kn5sm1ndyt40000gn/T//ccLueNKR.s:2307   .debug_str:00000000000001cc .LASF69
/var/folders/46/ql4w1ss91p1__kn5sm1ndyt40000gn/T//ccLueNKR.s:2291   .debug_str:0000000000000184 .LASF70
/var/folders/46/ql4w1ss91p1__kn5sm1ndyt40000gn/T//ccLueNKR.s:2399   .debug_str:00000000000003d6 .LASF71
/var/folders/46/ql4w1ss91p1__kn5sm1ndyt40000gn/T//ccLueNKR.s:2223   .debug_str:0000000000000029 .LASF72
/var/folders/46/ql4w1ss91p1__kn5sm1ndyt40000gn/T//ccLueNKR.s:2407   .debug_str:00000000000003f2 .LASF73
/var/folders/46/ql4w1ss91p1__kn5sm1ndyt40000gn/T//ccLueNKR.s:2403   .debug_str:00000000000003e0 .LASF74
/var/folders/46/ql4w1ss91p1__kn5sm1ndyt40000gn/T//ccLueNKR.s:2363   .debug_str:00000000000002e0 .LASF75
/var/folders/46/ql4w1ss91p1__kn5sm1ndyt40000gn/T//ccLueNKR.s:2405   .debug_str:00000000000003e8 .LASF76
/var/folders/46/ql4w1ss91p1__kn5sm1ndyt40000gn/T//ccLueNKR.s:2331   .debug_str:0000000000000260 .LASF77
/var/folders/46/ql4w1ss91p1__kn5sm1ndyt40000gn/T//ccLueNKR.s:2299   .debug_str:00000000000001a9 .LASF78
/var/folders/46/ql4w1ss91p1__kn5sm1ndyt40000gn/T//ccLueNKR.s:2483   .debug_str:00000000000005d3 .LASF79
/var/folders/46/ql4w1ss91p1__kn5sm1ndyt40000gn/T//ccLueNKR.s:2367   .debug_str:00000000000002f2 .LASF80
/var/folders/46/ql4w1ss91p1__kn5sm1ndyt40000gn/T//ccLueNKR.s:2309   .debug_str:00000000000001d4 .LASF81
/var/folders/46/ql4w1ss91p1__kn5sm1ndyt40000gn/T//ccLueNKR.s:2275   .debug_str:0000000000000139 .LASF82
/var/folders/46/ql4w1ss91p1__kn5sm1ndyt40000gn/T//ccLueNKR.s:2373   .debug_str:0000000000000362 .LASF83
/var/folders/46/ql4w1ss91p1__kn5sm1ndyt40000gn/T//ccLueNKR.s:2325   .debug_str:000000000000023e .LASF84
/var/folders/46/ql4w1ss91p1__kn5sm1ndyt40000gn/T//ccLueNKR.s:2465   .debug_str:0000000000000580 .LASF85
/var/folders/46/ql4w1ss91p1__kn5sm1ndyt40000gn/T//ccLueNKR.s:2261   .debug_str:00000000000000fc .LASF86
/var/folders/46/ql4w1ss91p1__kn5sm1ndyt40000gn/T//ccLueNKR.s:2255   .debug_str:00000000000000e1 .LASF87
/var/folders/46/ql4w1ss91p1__kn5sm1ndyt40000gn/T//ccLueNKR.s:2427   .debug_str:0000000000000451 .LASF88
/var/folders/46/ql4w1ss91p1__kn5sm1ndyt40000gn/T//ccLueNKR.s:2385   .debug_str:0000000000000391 .LASF89
GAS LISTING /var/folders/46/ql4w1ss91p1__kn5sm1ndyt40000gn/T//ccLueNKR.s 			page 5


/var/folders/46/ql4w1ss91p1__kn5sm1ndyt40000gn/T//ccLueNKR.s:2459   .debug_str:0000000000000567 .LASF90
/var/folders/46/ql4w1ss91p1__kn5sm1ndyt40000gn/T//ccLueNKR.s:2319   .debug_str:000000000000021d .LASF91
/var/folders/46/ql4w1ss91p1__kn5sm1ndyt40000gn/T//ccLueNKR.s:2383   .debug_str:000000000000038b .LASF92
/var/folders/46/ql4w1ss91p1__kn5sm1ndyt40000gn/T//ccLueNKR.s:2221   .debug_str:0000000000000021 .LASF93
/var/folders/46/ql4w1ss91p1__kn5sm1ndyt40000gn/T//ccLueNKR.s:2413   .debug_str:000000000000041a .LASF94
/var/folders/46/ql4w1ss91p1__kn5sm1ndyt40000gn/T//ccLueNKR.s:2433   .debug_str:0000000000000466 .LASF95
/var/folders/46/ql4w1ss91p1__kn5sm1ndyt40000gn/T//ccLueNKR.s:2445   .debug_str:000000000000051e .LASF96
/var/folders/46/ql4w1ss91p1__kn5sm1ndyt40000gn/T//ccLueNKR.s:2453   .debug_str:000000000000054b .LASF97
/var/folders/46/ql4w1ss91p1__kn5sm1ndyt40000gn/T//ccLueNKR.s:2437   .debug_str:0000000000000472 .LASF98
/var/folders/46/ql4w1ss91p1__kn5sm1ndyt40000gn/T//ccLueNKR.s:2329   .debug_str:0000000000000253 .LASF99
/var/folders/46/ql4w1ss91p1__kn5sm1ndyt40000gn/T//ccLueNKR.s:2473   .debug_str:00000000000005a3 .LASF100
/var/folders/46/ql4w1ss91p1__kn5sm1ndyt40000gn/T//ccLueNKR.s:2295   .debug_str:0000000000000194 .LASF101
/var/folders/46/ql4w1ss91p1__kn5sm1ndyt40000gn/T//ccLueNKR.s:2395   .debug_str:00000000000003be .LASF102
/var/folders/46/ql4w1ss91p1__kn5sm1ndyt40000gn/T//ccLueNKR.s:2477   .debug_str:00000000000005b9 .LASF103
/var/folders/46/ql4w1ss91p1__kn5sm1ndyt40000gn/T//ccLueNKR.s:2397   .debug_str:00000000000003c9 .LASF104
/var/folders/46/ql4w1ss91p1__kn5sm1ndyt40000gn/T//ccLueNKR.s:2481   .debug_str:00000000000005c5 .LASF105
/var/folders/46/ql4w1ss91p1__kn5sm1ndyt40000gn/T//ccLueNKR.s:2241   .debug_str:000000000000009a .LASF106
/var/folders/46/ql4w1ss91p1__kn5sm1ndyt40000gn/T//ccLueNKR.s:2463   .debug_str:0000000000000576 .LASF107
/var/folders/46/ql4w1ss91p1__kn5sm1ndyt40000gn/T//ccLueNKR.s:2327   .debug_str:0000000000000247 .LASF108
/var/folders/46/ql4w1ss91p1__kn5sm1ndyt40000gn/T//ccLueNKR.s:2449   .debug_str:000000000000052b .LASF109
/var/folders/46/ql4w1ss91p1__kn5sm1ndyt40000gn/T//ccLueNKR.s:2281   .debug_str:000000000000015a .LASF110
/var/folders/46/ql4w1ss91p1__kn5sm1ndyt40000gn/T//ccLueNKR.s:2239   .debug_str:000000000000008b .LASF111
/var/folders/46/ql4w1ss91p1__kn5sm1ndyt40000gn/T//ccLueNKR.s:2279   .debug_str:0000000000000149 .LASF112
/var/folders/46/ql4w1ss91p1__kn5sm1ndyt40000gn/T//ccLueNKR.s:2227   .debug_str:000000000000003a .LASF113
/var/folders/46/ql4w1ss91p1__kn5sm1ndyt40000gn/T//ccLueNKR.s:2229   .debug_str:0000000000000049 .LASF114
/var/folders/46/ql4w1ss91p1__kn5sm1ndyt40000gn/T//ccLueNKR.s:2375   .debug_str:0000000000000367 .LASF115
/var/folders/46/ql4w1ss91p1__kn5sm1ndyt40000gn/T//ccLueNKR.s:2357   .debug_str:00000000000002c8 .LASF116
/var/folders/46/ql4w1ss91p1__kn5sm1ndyt40000gn/T//ccLueNKR.s:2349   .debug_str:00000000000002a5 .LASF117
/var/folders/46/ql4w1ss91p1__kn5sm1ndyt40000gn/T//ccLueNKR.s:2469   .debug_str:0000000000000590 .LASF118
/var/folders/46/ql4w1ss91p1__kn5sm1ndyt40000gn/T//ccLueNKR.s:2235   .debug_str:000000000000007a .LASF133
/var/folders/46/ql4w1ss91p1__kn5sm1ndyt40000gn/T//ccLueNKR.s:2421   .debug_str:0000000000000436 .LASF119
/var/folders/46/ql4w1ss91p1__kn5sm1ndyt40000gn/T//ccLueNKR.s:2451   .debug_str:0000000000000538 .LASF120
/var/folders/46/ql4w1ss91p1__kn5sm1ndyt40000gn/T//ccLueNKR.s:2273   .debug_str:000000000000012c .LASF121
/var/folders/46/ql4w1ss91p1__kn5sm1ndyt40000gn/T//ccLueNKR.s:2391   .debug_str:00000000000003ab .LASF122
/var/folders/46/ql4w1ss91p1__kn5sm1ndyt40000gn/T//ccLueNKR.s:2315   .debug_str:00000000000001f4 .LASF123
/var/folders/46/ql4w1ss91p1__kn5sm1ndyt40000gn/T//ccLueNKR.s:2335   .debug_str:000000000000026e .LASF124
/var/folders/46/ql4w1ss91p1__kn5sm1ndyt40000gn/T//ccLueNKR.s:2351   .debug_str:00000000000002ae .LASF125
/var/folders/46/ql4w1ss91p1__kn5sm1ndyt40000gn/T//ccLueNKR.s:2355   .debug_str:00000000000002c1 .LASF126
/var/folders/46/ql4w1ss91p1__kn5sm1ndyt40000gn/T//ccLueNKR.s:2431   .debug_str:000000000000045f .LASF127
/var/folders/46/ql4w1ss91p1__kn5sm1ndyt40000gn/T//ccLueNKR.s:2479   .debug_str:00000000000005be .LASF128
/var/folders/46/ql4w1ss91p1__kn5sm1ndyt40000gn/T//ccLueNKR.s:2343   .debug_str:000000000000028b .LASF129
/var/folders/46/ql4w1ss91p1__kn5sm1ndyt40000gn/T//ccLueNKR.s:2321   .debug_str:0000000000000224 .LASF134
/var/folders/46/ql4w1ss91p1__kn5sm1ndyt40000gn/T//ccLueNKR.s:14     .text._lseek:0000000000000000 .LFB1
/var/folders/46/ql4w1ss91p1__kn5sm1ndyt40000gn/T//ccLueNKR.s:41     .text._lseek:000000000000001a .LFE1
/var/folders/46/ql4w1ss91p1__kn5sm1ndyt40000gn/T//ccLueNKR.s:2132   .debug_loc:0000000000000000 .LLST0
/var/folders/46/ql4w1ss91p1__kn5sm1ndyt40000gn/T//ccLueNKR.s:2150   .debug_loc:000000000000002c .LLST1
/var/folders/46/ql4w1ss91p1__kn5sm1ndyt40000gn/T//ccLueNKR.s:2164   .debug_loc:000000000000004d .LLST2
/var/folders/46/ql4w1ss91p1__kn5sm1ndyt40000gn/T//ccLueNKR.s:2178   .debug_loc:000000000000006e .LLST3
/var/folders/46/ql4w1ss91p1__kn5sm1ndyt40000gn/T//ccLueNKR.s:28     .text._lseek:000000000000000c .LVL1
/var/folders/46/ql4w1ss91p1__kn5sm1ndyt40000gn/T//ccLueNKR.s:2237   .debug_str:0000000000000085 .LASF135
/var/folders/46/ql4w1ss91p1__kn5sm1ndyt40000gn/T//ccLueNKR.s:2217   .debug_str:0000000000000014 .LASF136
/var/folders/46/ql4w1ss91p1__kn5sm1ndyt40000gn/T//ccLueNKR.s:22     .text._lseek:0000000000000002 .LCFI0
/var/folders/46/ql4w1ss91p1__kn5sm1ndyt40000gn/T//ccLueNKR.s:37     .text._lseek:0000000000000018 .LCFI1
/var/folders/46/ql4w1ss91p1__kn5sm1ndyt40000gn/T//ccLueNKR.s:18     .text._lseek:0000000000000000 .LVL0
/var/folders/46/ql4w1ss91p1__kn5sm1ndyt40000gn/T//ccLueNKR.s:54     .debug_info:0000000000000000 .Ldebug_info0

UNDEFINED SYMBOLS
GAS LISTING /var/folders/46/ql4w1ss91p1__kn5sm1ndyt40000gn/T//ccLueNKR.s 			page 6
>>>>>>> 9da4b36 (s)


isatty
