GAS LISTING /var/folders/46/ql4w1ss91p1__kn5sm1ndyt40000gn/T//ccInsl30.s 			page 1


   1              		.file	"read.c"
   2              		.option nopic
   3              		.attribute arch, "rv32i2p0_m2p0_a2p0_c2p0"
   4              		.attribute unaligned_access, 0
   5              		.attribute stack_align, 16
   6              		.text
   7              	.Ltext0:
   8              		.cfi_sections	.debug_frame
   9              		.section	.text._read,"ax",@progbits
  10              		.align	1
  11              		.globl	_read
  13              	_read:
  14              	.LFB1:
  15              		.file 1 "../../firmware/RISCV/stubs/read.c"
   1:../../firmware/RISCV/stubs/read.c **** /* See LICENSE of license details. */
   2:../../firmware/RISCV/stubs/read.c **** 
   3:../../firmware/RISCV/stubs/read.c **** #include <stdint.h>
   4:../../firmware/RISCV/stubs/read.c **** #include <errno.h>
   5:../../firmware/RISCV/stubs/read.c **** #include <unistd.h>
   6:../../firmware/RISCV/stubs/read.c **** #include <sys/types.h>
   7:../../firmware/RISCV/stubs/read.c **** 
   8:../../firmware/RISCV/stubs/read.c **** #include "stub.h"
   9:../../firmware/RISCV/stubs/read.c **** 
  10:../../firmware/RISCV/stubs/read.c **** ssize_t _read(int fd, void* ptr, size_t len)
  11:../../firmware/RISCV/stubs/read.c **** {
  16              		.loc 1 11 1
  17              		.cfi_startproc
  18              	.LVL0:
  12:../../firmware/RISCV/stubs/read.c ****   return _stub(EBADF);
  19              		.loc 1 12 3
  20              		.file 2 "../../firmware/RISCV/stubs/stub.h"
   1:../../firmware/RISCV/stubs/stub.h **** /* See LICENSE of license details. */
   2:../../firmware/RISCV/stubs/stub.h **** #ifndef _NUCLEI_SYS_STUB_H
   3:../../firmware/RISCV/stubs/stub.h **** #define _NUCLEI_SYS_STUB_H
   4:../../firmware/RISCV/stubs/stub.h **** 
   5:../../firmware/RISCV/stubs/stub.h **** #include <stdint.h>
   6:../../firmware/RISCV/stubs/stub.h **** #if   defined (__GNUC__)
   7:../../firmware/RISCV/stubs/stub.h **** #include <unistd.h>
   8:../../firmware/RISCV/stubs/stub.h **** #endif
   9:../../firmware/RISCV/stubs/stub.h **** 
  10:../../firmware/RISCV/stubs/stub.h **** void write_hex(int fd, unsigned long int hex);
  11:../../firmware/RISCV/stubs/stub.h **** 
  12:../../firmware/RISCV/stubs/stub.h **** static inline int _stub(int err)
  13:../../firmware/RISCV/stubs/stub.h **** {
  14:../../firmware/RISCV/stubs/stub.h ****   return -1;
  21              		.loc 2 14 3
  13:../../firmware/RISCV/stubs/read.c **** }
  22              		.loc 1 13 1 is_stmt 0
  23 0000 7D55     		li	a0,-1
  24              	.LVL1:
  25 0002 8280     		ret
  26              		.cfi_endproc
  27              	.LFE1:
  29              		.text
  30              	.Letext0:
  31              		.file 3 "/Users/robin/KTH-programing/Mikrodata/toolchain-gd32v-v202-osx/compiler/lib/gcc/riscv64-u
  32              		.file 4 "/Users/robin/KTH-programing/Mikrodata/toolchain-gd32v-v202-osx/compiler/riscv64-unknown-e
GAS LISTING /var/folders/46/ql4w1ss91p1__kn5sm1ndyt40000gn/T//ccInsl30.s 			page 2


  33              		.file 5 "/Users/robin/KTH-programing/Mikrodata/toolchain-gd32v-v202-osx/compiler/riscv64-unknown-e
  34              		.file 6 "/Users/robin/KTH-programing/Mikrodata/toolchain-gd32v-v202-osx/compiler/riscv64-unknown-e
  35              		.file 7 "/Users/robin/KTH-programing/Mikrodata/toolchain-gd32v-v202-osx/compiler/riscv64-unknown-e
  36              		.file 8 "/Users/robin/KTH-programing/Mikrodata/toolchain-gd32v-v202-osx/compiler/riscv64-unknown-e
  37              		.file 9 "/Users/robin/KTH-programing/Mikrodata/toolchain-gd32v-v202-osx/compiler/riscv64-unknown-e
GAS LISTING /var/folders/46/ql4w1ss91p1__kn5sm1ndyt40000gn/T//ccInsl30.s 			page 3


DEFINED SYMBOLS
                            *ABS*:0000000000000000 read.c
/var/folders/46/ql4w1ss91p1__kn5sm1ndyt40000gn/T//ccInsl30.s:13     .text._read:0000000000000000 _read
/var/folders/46/ql4w1ss91p1__kn5sm1ndyt40000gn/T//ccInsl30.s:17     .text._read:0000000000000000 .L0 
/var/folders/46/ql4w1ss91p1__kn5sm1ndyt40000gn/T//ccInsl30.s:19     .text._read:0000000000000000 .L0 
/var/folders/46/ql4w1ss91p1__kn5sm1ndyt40000gn/T//ccInsl30.s:21     .text._read:0000000000000000 .L0 
/var/folders/46/ql4w1ss91p1__kn5sm1ndyt40000gn/T//ccInsl30.s:22     .text._read:0000000000000000 .L0 
/var/folders/46/ql4w1ss91p1__kn5sm1ndyt40000gn/T//ccInsl30.s:23     .text._read:0000000000000000 .L0 
/var/folders/46/ql4w1ss91p1__kn5sm1ndyt40000gn/T//ccInsl30.s:26     .text._read:0000000000000004 .L0 
/var/folders/46/ql4w1ss91p1__kn5sm1ndyt40000gn/T//ccInsl30.s:29     .text._read:0000000000000004 .L0 
                     .debug_frame:0000000000000000 .L0 
/var/folders/46/ql4w1ss91p1__kn5sm1ndyt40000gn/T//ccInsl30.s:1569   .debug_abbrev:0000000000000000 .Ldebug_abbrev0
/var/folders/46/ql4w1ss91p1__kn5sm1ndyt40000gn/T//ccInsl30.s:2338   .debug_str:000000000000047f .LASF130
/var/folders/46/ql4w1ss91p1__kn5sm1ndyt40000gn/T//ccInsl30.s:2116   .debug_str:000000000000000c .LASF131
/var/folders/46/ql4w1ss91p1__kn5sm1ndyt40000gn/T//ccInsl30.s:2240   .debug_str:000000000000027d .LASF132
/var/folders/46/ql4w1ss91p1__kn5sm1ndyt40000gn/T//ccInsl30.s:2106   .debug_ranges:0000000000000000 .Ldebug_ranges0
/var/folders/46/ql4w1ss91p1__kn5sm1ndyt40000gn/T//ccInsl30.s:2112   .debug_line:0000000000000000 .Ldebug_line0
/var/folders/46/ql4w1ss91p1__kn5sm1ndyt40000gn/T//ccInsl30.s:2150   .debug_str:00000000000000e1 .LASF0
/var/folders/46/ql4w1ss91p1__kn5sm1ndyt40000gn/T//ccInsl30.s:2270   .debug_str:0000000000000354 .LASF1
/var/folders/46/ql4w1ss91p1__kn5sm1ndyt40000gn/T//ccInsl30.s:2276   .debug_str:0000000000000370 .LASF2
/var/folders/46/ql4w1ss91p1__kn5sm1ndyt40000gn/T//ccInsl30.s:2220   .debug_str:000000000000021d .LASF3
/var/folders/46/ql4w1ss91p1__kn5sm1ndyt40000gn/T//ccInsl30.s:2166   .debug_str:0000000000000126 .LASF4
/var/folders/46/ql4w1ss91p1__kn5sm1ndyt40000gn/T//ccInsl30.s:2214   .debug_str:00000000000001fe .LASF5
/var/folders/46/ql4w1ss91p1__kn5sm1ndyt40000gn/T//ccInsl30.s:2148   .debug_str:00000000000000d3 .LASF6
/var/folders/46/ql4w1ss91p1__kn5sm1ndyt40000gn/T//ccInsl30.s:2134   .debug_str:000000000000007c .LASF7
/var/folders/46/ql4w1ss91p1__kn5sm1ndyt40000gn/T//ccInsl30.s:2206   .debug_str:00000000000001da .LASF8
/var/folders/46/ql4w1ss91p1__kn5sm1ndyt40000gn/T//ccInsl30.s:2120   .debug_str:0000000000000034 .LASF10
/var/folders/46/ql4w1ss91p1__kn5sm1ndyt40000gn/T//ccInsl30.s:2252   .debug_str:00000000000002fb .LASF9
/var/folders/46/ql4w1ss91p1__kn5sm1ndyt40000gn/T//ccInsl30.s:2234   .debug_str:0000000000000268 .LASF11
/var/folders/46/ql4w1ss91p1__kn5sm1ndyt40000gn/T//ccInsl30.s:2264   .debug_str:0000000000000331 .LASF12
/var/folders/46/ql4w1ss91p1__kn5sm1ndyt40000gn/T//ccInsl30.s:2322   .debug_str:0000000000000442 .LASF13
/var/folders/46/ql4w1ss91p1__kn5sm1ndyt40000gn/T//ccInsl30.s:2358   .debug_str:000000000000055f .LASF14
/var/folders/46/ql4w1ss91p1__kn5sm1ndyt40000gn/T//ccInsl30.s:2230   .debug_str:000000000000025a .LASF15
/var/folders/46/ql4w1ss91p1__kn5sm1ndyt40000gn/T//ccInsl30.s:2208   .debug_str:00000000000001e7 .LASF16
/var/folders/46/ql4w1ss91p1__kn5sm1ndyt40000gn/T//ccInsl30.s:2314   .debug_str:0000000000000420 .LASF17
/var/folders/46/ql4w1ss91p1__kn5sm1ndyt40000gn/T//ccInsl30.s:2316   .debug_str:0000000000000428 .LASF18
/var/folders/46/ql4w1ss91p1__kn5sm1ndyt40000gn/T//ccInsl30.s:2286   .debug_str:0000000000000398 .LASF19
/var/folders/46/ql4w1ss91p1__kn5sm1ndyt40000gn/T//ccInsl30.s:2344   .debug_str:0000000000000515 .LASF20
/var/folders/46/ql4w1ss91p1__kn5sm1ndyt40000gn/T//ccInsl30.s:2268   .debug_str:0000000000000342 .LASF21
/var/folders/46/ql4w1ss91p1__kn5sm1ndyt40000gn/T//ccInsl30.s:2192   .debug_str:000000000000019d .LASF22
/var/folders/46/ql4w1ss91p1__kn5sm1ndyt40000gn/T//ccInsl30.s:2196   .debug_str:00000000000001ae .LASF27
/var/folders/46/ql4w1ss91p1__kn5sm1ndyt40000gn/T//ccInsl30.s:2334   .debug_str:000000000000046c .LASF23
/var/folders/46/ql4w1ss91p1__kn5sm1ndyt40000gn/T//ccInsl30.s:2308   .debug_str:000000000000040b .LASF24
/var/folders/46/ql4w1ss91p1__kn5sm1ndyt40000gn/T//ccInsl30.s:2190   .debug_str:0000000000000197 .LASF25
/var/folders/46/ql4w1ss91p1__kn5sm1ndyt40000gn/T//ccInsl30.s:2352   .debug_str:000000000000054a .LASF26
/var/folders/46/ql4w1ss91p1__kn5sm1ndyt40000gn/T//ccInsl30.s:2204   .debug_str:00000000000001d5 .LASF28
/var/folders/46/ql4w1ss91p1__kn5sm1ndyt40000gn/T//ccInsl30.s:2146   .debug_str:00000000000000ca .LASF29
/var/folders/46/ql4w1ss91p1__kn5sm1ndyt40000gn/T//ccInsl30.s:2328   .debug_str:0000000000000456 .LASF30
/var/folders/46/ql4w1ss91p1__kn5sm1ndyt40000gn/T//ccInsl30.s:2156   .debug_str:00000000000000f9 .LASF31
/var/folders/46/ql4w1ss91p1__kn5sm1ndyt40000gn/T//ccInsl30.s:2382   .debug_str:00000000000005ca .LASF32
/var/folders/46/ql4w1ss91p1__kn5sm1ndyt40000gn/T//ccInsl30.s:2258   .debug_str:0000000000000315 .LASF33
/var/folders/46/ql4w1ss91p1__kn5sm1ndyt40000gn/T//ccInsl30.s:2246   .debug_str:00000000000002e1 .LASF34
/var/folders/46/ql4w1ss91p1__kn5sm1ndyt40000gn/T//ccInsl30.s:2354   .debug_str:000000000000054f .LASF35
/var/folders/46/ql4w1ss91p1__kn5sm1ndyt40000gn/T//ccInsl30.s:2278   .debug_str:000000000000037a .LASF36
/var/folders/46/ql4w1ss91p1__kn5sm1ndyt40000gn/T//ccInsl30.s:2368   .debug_str:000000000000058a .LASF37
/var/folders/46/ql4w1ss91p1__kn5sm1ndyt40000gn/T//ccInsl30.s:2160   .debug_str:0000000000000108 .LASF38
/var/folders/46/ql4w1ss91p1__kn5sm1ndyt40000gn/T//ccInsl30.s:2186   .debug_str:000000000000018a .LASF39
GAS LISTING /var/folders/46/ql4w1ss91p1__kn5sm1ndyt40000gn/T//ccInsl30.s 			page 4


/var/folders/46/ql4w1ss91p1__kn5sm1ndyt40000gn/T//ccInsl30.s:2114   .debug_str:0000000000000000 .LASF40
/var/folders/46/ql4w1ss91p1__kn5sm1ndyt40000gn/T//ccInsl30.s:2340   .debug_str:0000000000000507 .LASF41
/var/folders/46/ql4w1ss91p1__kn5sm1ndyt40000gn/T//ccInsl30.s:2170   .debug_str:0000000000000136 .LASF42
/var/folders/46/ql4w1ss91p1__kn5sm1ndyt40000gn/T//ccInsl30.s:2260   .debug_str:000000000000031e .LASF43
/var/folders/46/ql4w1ss91p1__kn5sm1ndyt40000gn/T//ccInsl30.s:2300   .debug_str:00000000000003db .LASF44
/var/folders/46/ql4w1ss91p1__kn5sm1ndyt40000gn/T//ccInsl30.s:2188   .debug_str:0000000000000192 .LASF45
/var/folders/46/ql4w1ss91p1__kn5sm1ndyt40000gn/T//ccInsl30.s:2280   .debug_str:0000000000000384 .LASF46
/var/folders/46/ql4w1ss91p1__kn5sm1ndyt40000gn/T//ccInsl30.s:2154   .debug_str:00000000000000f3 .LASF47
/var/folders/46/ql4w1ss91p1__kn5sm1ndyt40000gn/T//ccInsl30.s:2118   .debug_str:000000000000002e .LASF48
/var/folders/46/ql4w1ss91p1__kn5sm1ndyt40000gn/T//ccInsl30.s:2288   .debug_str:00000000000003a3 .LASF49
/var/folders/46/ql4w1ss91p1__kn5sm1ndyt40000gn/T//ccInsl30.s:2168   .debug_str:000000000000012f .LASF50
/var/folders/46/ql4w1ss91p1__kn5sm1ndyt40000gn/T//ccInsl30.s:2216   .debug_str:0000000000000210 .LASF51
/var/folders/46/ql4w1ss91p1__kn5sm1ndyt40000gn/T//ccInsl30.s:2136   .debug_str:0000000000000093 .LASF52
/var/folders/46/ql4w1ss91p1__kn5sm1ndyt40000gn/T//ccInsl30.s:2162   .debug_str:0000000000000116 .LASF53
/var/folders/46/ql4w1ss91p1__kn5sm1ndyt40000gn/T//ccInsl30.s:2200   .debug_str:00000000000001c5 .LASF54
/var/folders/46/ql4w1ss91p1__kn5sm1ndyt40000gn/T//ccInsl30.s:2244   .debug_str:00000000000002da .LASF55
/var/folders/46/ql4w1ss91p1__kn5sm1ndyt40000gn/T//ccInsl30.s:2318   .debug_str:0000000000000430 .LASF56
/var/folders/46/ql4w1ss91p1__kn5sm1ndyt40000gn/T//ccInsl30.s:2372   .debug_str:00000000000005a4 .LASF57
/var/folders/46/ql4w1ss91p1__kn5sm1ndyt40000gn/T//ccInsl30.s:2152   .debug_str:00000000000000ed .LASF58
/var/folders/46/ql4w1ss91p1__kn5sm1ndyt40000gn/T//ccInsl30.s:2364   .debug_str:000000000000057c .LASF59
/var/folders/46/ql4w1ss91p1__kn5sm1ndyt40000gn/T//ccInsl30.s:2174   .debug_str:0000000000000145 .LASF60
/var/folders/46/ql4w1ss91p1__kn5sm1ndyt40000gn/T//ccInsl30.s:2180   .debug_str:0000000000000163 .LASF61
/var/folders/46/ql4w1ss91p1__kn5sm1ndyt40000gn/T//ccInsl30.s:2128   .debug_str:0000000000000056 .LASF62
/var/folders/46/ql4w1ss91p1__kn5sm1ndyt40000gn/T//ccInsl30.s:2236   .debug_str:000000000000026f .LASF63
/var/folders/46/ql4w1ss91p1__kn5sm1ndyt40000gn/T//ccInsl30.s:2292   .debug_str:00000000000003b5 .LASF64
/var/folders/46/ql4w1ss91p1__kn5sm1ndyt40000gn/T//ccInsl30.s:2238   .debug_str:0000000000000275 .LASF65
/var/folders/46/ql4w1ss91p1__kn5sm1ndyt40000gn/T//ccInsl30.s:2310   .debug_str:0000000000000413 .LASF66
/var/folders/46/ql4w1ss91p1__kn5sm1ndyt40000gn/T//ccInsl30.s:2324   .debug_str:000000000000044a .LASF67
/var/folders/46/ql4w1ss91p1__kn5sm1ndyt40000gn/T//ccInsl30.s:2172   .debug_str:000000000000013e .LASF68
/var/folders/46/ql4w1ss91p1__kn5sm1ndyt40000gn/T//ccInsl30.s:2210   .debug_str:00000000000001ee .LASF69
/var/folders/46/ql4w1ss91p1__kn5sm1ndyt40000gn/T//ccInsl30.s:2194   .debug_str:00000000000001a6 .LASF70
/var/folders/46/ql4w1ss91p1__kn5sm1ndyt40000gn/T//ccInsl30.s:2298   .debug_str:00000000000003d6 .LASF71
/var/folders/46/ql4w1ss91p1__kn5sm1ndyt40000gn/T//ccInsl30.s:2124   .debug_str:0000000000000043 .LASF72
/var/folders/46/ql4w1ss91p1__kn5sm1ndyt40000gn/T//ccInsl30.s:2306   .debug_str:00000000000003f2 .LASF73
/var/folders/46/ql4w1ss91p1__kn5sm1ndyt40000gn/T//ccInsl30.s:2302   .debug_str:00000000000003e0 .LASF74
/var/folders/46/ql4w1ss91p1__kn5sm1ndyt40000gn/T//ccInsl30.s:2262   .debug_str:0000000000000326 .LASF75
/var/folders/46/ql4w1ss91p1__kn5sm1ndyt40000gn/T//ccInsl30.s:2304   .debug_str:00000000000003e8 .LASF76
/var/folders/46/ql4w1ss91p1__kn5sm1ndyt40000gn/T//ccInsl30.s:2228   .debug_str:0000000000000252 .LASF77
/var/folders/46/ql4w1ss91p1__kn5sm1ndyt40000gn/T//ccInsl30.s:2202   .debug_str:00000000000001cb .LASF78
/var/folders/46/ql4w1ss91p1__kn5sm1ndyt40000gn/T//ccInsl30.s:2380   .debug_str:00000000000005c5 .LASF79
/var/folders/46/ql4w1ss91p1__kn5sm1ndyt40000gn/T//ccInsl30.s:2266   .debug_str:0000000000000338 .LASF80
/var/folders/46/ql4w1ss91p1__kn5sm1ndyt40000gn/T//ccInsl30.s:2212   .debug_str:00000000000001f6 .LASF81
/var/folders/46/ql4w1ss91p1__kn5sm1ndyt40000gn/T//ccInsl30.s:2178   .debug_str:000000000000015b .LASF82
/var/folders/46/ql4w1ss91p1__kn5sm1ndyt40000gn/T//ccInsl30.s:2272   .debug_str:0000000000000362 .LASF83
/var/folders/46/ql4w1ss91p1__kn5sm1ndyt40000gn/T//ccInsl30.s:2222   .debug_str:0000000000000230 .LASF84
/var/folders/46/ql4w1ss91p1__kn5sm1ndyt40000gn/T//ccInsl30.s:2362   .debug_str:0000000000000572 .LASF85
/var/folders/46/ql4w1ss91p1__kn5sm1ndyt40000gn/T//ccInsl30.s:2164   .debug_str:000000000000011e .LASF86
/var/folders/46/ql4w1ss91p1__kn5sm1ndyt40000gn/T//ccInsl30.s:2158   .debug_str:0000000000000103 .LASF87
/var/folders/46/ql4w1ss91p1__kn5sm1ndyt40000gn/T//ccInsl30.s:2326   .debug_str:0000000000000451 .LASF88
/var/folders/46/ql4w1ss91p1__kn5sm1ndyt40000gn/T//ccInsl30.s:2284   .debug_str:0000000000000391 .LASF89
/var/folders/46/ql4w1ss91p1__kn5sm1ndyt40000gn/T//ccInsl30.s:2356   .debug_str:0000000000000559 .LASF90
/var/folders/46/ql4w1ss91p1__kn5sm1ndyt40000gn/T//ccInsl30.s:2218   .debug_str:0000000000000216 .LASF91
/var/folders/46/ql4w1ss91p1__kn5sm1ndyt40000gn/T//ccInsl30.s:2282   .debug_str:000000000000038b .LASF92
/var/folders/46/ql4w1ss91p1__kn5sm1ndyt40000gn/T//ccInsl30.s:2122   .debug_str:000000000000003b .LASF93
/var/folders/46/ql4w1ss91p1__kn5sm1ndyt40000gn/T//ccInsl30.s:2312   .debug_str:000000000000041a .LASF94
/var/folders/46/ql4w1ss91p1__kn5sm1ndyt40000gn/T//ccInsl30.s:2332   .debug_str:0000000000000466 .LASF95
/var/folders/46/ql4w1ss91p1__kn5sm1ndyt40000gn/T//ccInsl30.s:2342   .debug_str:0000000000000510 .LASF96
GAS LISTING /var/folders/46/ql4w1ss91p1__kn5sm1ndyt40000gn/T//ccInsl30.s 			page 5


/var/folders/46/ql4w1ss91p1__kn5sm1ndyt40000gn/T//ccInsl30.s:2350   .debug_str:000000000000053d .LASF97
/var/folders/46/ql4w1ss91p1__kn5sm1ndyt40000gn/T//ccInsl30.s:2336   .debug_str:0000000000000472 .LASF98
/var/folders/46/ql4w1ss91p1__kn5sm1ndyt40000gn/T//ccInsl30.s:2226   .debug_str:0000000000000245 .LASF99
/var/folders/46/ql4w1ss91p1__kn5sm1ndyt40000gn/T//ccInsl30.s:2370   .debug_str:0000000000000595 .LASF100
/var/folders/46/ql4w1ss91p1__kn5sm1ndyt40000gn/T//ccInsl30.s:2198   .debug_str:00000000000001b6 .LASF101
/var/folders/46/ql4w1ss91p1__kn5sm1ndyt40000gn/T//ccInsl30.s:2294   .debug_str:00000000000003be .LASF102
/var/folders/46/ql4w1ss91p1__kn5sm1ndyt40000gn/T//ccInsl30.s:2374   .debug_str:00000000000005ab .LASF103
/var/folders/46/ql4w1ss91p1__kn5sm1ndyt40000gn/T//ccInsl30.s:2296   .debug_str:00000000000003c9 .LASF104
/var/folders/46/ql4w1ss91p1__kn5sm1ndyt40000gn/T//ccInsl30.s:2378   .debug_str:00000000000005b7 .LASF105
/var/folders/46/ql4w1ss91p1__kn5sm1ndyt40000gn/T//ccInsl30.s:2144   .debug_str:00000000000000bc .LASF106
/var/folders/46/ql4w1ss91p1__kn5sm1ndyt40000gn/T//ccInsl30.s:2360   .debug_str:0000000000000568 .LASF107
/var/folders/46/ql4w1ss91p1__kn5sm1ndyt40000gn/T//ccInsl30.s:2224   .debug_str:0000000000000239 .LASF108
/var/folders/46/ql4w1ss91p1__kn5sm1ndyt40000gn/T//ccInsl30.s:2346   .debug_str:000000000000051d .LASF109
/var/folders/46/ql4w1ss91p1__kn5sm1ndyt40000gn/T//ccInsl30.s:2184   .debug_str:000000000000017c .LASF110
/var/folders/46/ql4w1ss91p1__kn5sm1ndyt40000gn/T//ccInsl30.s:2142   .debug_str:00000000000000ad .LASF111
/var/folders/46/ql4w1ss91p1__kn5sm1ndyt40000gn/T//ccInsl30.s:2182   .debug_str:000000000000016b .LASF112
/var/folders/46/ql4w1ss91p1__kn5sm1ndyt40000gn/T//ccInsl30.s:2130   .debug_str:000000000000005c .LASF113
/var/folders/46/ql4w1ss91p1__kn5sm1ndyt40000gn/T//ccInsl30.s:2132   .debug_str:000000000000006b .LASF114
/var/folders/46/ql4w1ss91p1__kn5sm1ndyt40000gn/T//ccInsl30.s:2274   .debug_str:0000000000000367 .LASF115
/var/folders/46/ql4w1ss91p1__kn5sm1ndyt40000gn/T//ccInsl30.s:2256   .debug_str:000000000000030e .LASF116
/var/folders/46/ql4w1ss91p1__kn5sm1ndyt40000gn/T//ccInsl30.s:2248   .debug_str:00000000000002eb .LASF117
/var/folders/46/ql4w1ss91p1__kn5sm1ndyt40000gn/T//ccInsl30.s:2366   .debug_str:0000000000000582 .LASF118
/var/folders/46/ql4w1ss91p1__kn5sm1ndyt40000gn/T//ccInsl30.s:2138   .debug_str:000000000000009c .LASF133
/var/folders/46/ql4w1ss91p1__kn5sm1ndyt40000gn/T//ccInsl30.s:2320   .debug_str:0000000000000436 .LASF119
/var/folders/46/ql4w1ss91p1__kn5sm1ndyt40000gn/T//ccInsl30.s:2348   .debug_str:000000000000052a .LASF120
/var/folders/46/ql4w1ss91p1__kn5sm1ndyt40000gn/T//ccInsl30.s:2176   .debug_str:000000000000014e .LASF121
/var/folders/46/ql4w1ss91p1__kn5sm1ndyt40000gn/T//ccInsl30.s:2290   .debug_str:00000000000003ab .LASF122
/var/folders/46/ql4w1ss91p1__kn5sm1ndyt40000gn/T//ccInsl30.s:2126   .debug_str:000000000000004e .LASF123
/var/folders/46/ql4w1ss91p1__kn5sm1ndyt40000gn/T//ccInsl30.s:2232   .debug_str:0000000000000260 .LASF124
/var/folders/46/ql4w1ss91p1__kn5sm1ndyt40000gn/T//ccInsl30.s:2250   .debug_str:00000000000002f4 .LASF125
/var/folders/46/ql4w1ss91p1__kn5sm1ndyt40000gn/T//ccInsl30.s:2254   .debug_str:0000000000000307 .LASF126
/var/folders/46/ql4w1ss91p1__kn5sm1ndyt40000gn/T//ccInsl30.s:2330   .debug_str:000000000000045f .LASF127
/var/folders/46/ql4w1ss91p1__kn5sm1ndyt40000gn/T//ccInsl30.s:2376   .debug_str:00000000000005b0 .LASF128
/var/folders/46/ql4w1ss91p1__kn5sm1ndyt40000gn/T//ccInsl30.s:2242   .debug_str:00000000000002d1 .LASF129
/var/folders/46/ql4w1ss91p1__kn5sm1ndyt40000gn/T//ccInsl30.s:14     .text._read:0000000000000000 .LFB1
/var/folders/46/ql4w1ss91p1__kn5sm1ndyt40000gn/T//ccInsl30.s:27     .text._read:0000000000000004 .LFE1
/var/folders/46/ql4w1ss91p1__kn5sm1ndyt40000gn/T//ccInsl30.s:2079   .debug_loc:0000000000000000 .LLST0
/var/folders/46/ql4w1ss91p1__kn5sm1ndyt40000gn/T//ccInsl30.s:2140   .debug_str:00000000000000a7 .LASF134
/var/folders/46/ql4w1ss91p1__kn5sm1ndyt40000gn/T//ccInsl30.s:18     .text._read:0000000000000000 .LVL0
/var/folders/46/ql4w1ss91p1__kn5sm1ndyt40000gn/T//ccInsl30.s:24     .text._read:0000000000000002 .LVL1
/var/folders/46/ql4w1ss91p1__kn5sm1ndyt40000gn/T//ccInsl30.s:39     .debug_info:0000000000000000 .Ldebug_info0

NO UNDEFINED SYMBOLS
